------Start of DE processing------ = [7/4/15 17:15:46:783 BRT]
Exception = java.lang.Error
Source = com.ibm.ws.webcontainer.servlet.ServletWrapper.init
probeid = 181
Stack Dump = java.lang.Error: Unresolved compilation problem: 
	The method processVCAP_Services() is undefined for the type DemoServlet

	at com.ibm.cloudoe.samples.DemoServlet.init(DemoServlet.java:97)
	at javax.servlet.GenericServlet.init(GenericServlet.java:161)
	at com.ibm.ws.webcontainer.servlet.ServletWrapper.init(ServletWrapper.java:329)
	at com.ibm.ws.webcontainer.servlet.ServletWrapper.loadOnStartupCheck(ServletWrapper.java:1411)
	at com.ibm.ws.webcontainer.webapp.WebApp.doLoadOnStartupActions(WebApp.java:1175)
	at com.ibm.ws.webcontainer.webapp.WebApp.commonInitializationFinally(WebApp.java:1143)
	at com.ibm.ws.webcontainer.webapp.WebApp.initialize(WebApp.java:1049)
	at com.ibm.ws.webcontainer.webapp.WebApp.initialize(WebApp.java:6342)
	at com.ibm.ws.webcontainer.osgi.DynamicVirtualHost.startWebApp(DynamicVirtualHost.java:446)
	at com.ibm.ws.webcontainer.osgi.DynamicVirtualHost.startWebApplication(DynamicVirtualHost.java:441)
	at com.ibm.ws.webcontainer.osgi.WebContainer.startWebApplication(WebContainer.java:761)
	at com.ibm.ws.webcontainer.osgi.WebContainer.startModule(WebContainer.java:739)
	at com.ibm.ws.app.manager.web.internal.WebModuleHandlerImpl.deployModule(WebModuleHandlerImpl.java:106)
	at com.ibm.ws.app.manager.module.internal.DeployedAppInfoBase.deployModule(DeployedAppInfoBase.java:538)
	at com.ibm.ws.app.manager.module.internal.DeployedAppInfoBase.deployModules(DeployedAppInfoBase.java:457)
	at com.ibm.ws.app.manager.module.internal.DeployedAppInfoBase.deployApp(DeployedAppInfoBase.java:411)
	at com.ibm.ws.app.manager.war.internal.WARApplicationHandlerImpl.install(WARApplicationHandlerImpl.java:73)
	at com.ibm.ws.app.manager.internal.statemachine.StartAction.execute(StartAction.java:139)
	at com.ibm.ws.app.manager.internal.statemachine.ApplicationStateMachineImpl.enterState(ApplicationStateMachineImpl.java:1166)
	at com.ibm.ws.app.manager.internal.statemachine.ApplicationStateMachineImpl.performAction(ApplicationStateMachineImpl.java:1032)
	at com.ibm.ws.app.manager.internal.statemachine.ApplicationStateMachineImpl.run(ApplicationStateMachineImpl.java:787)
	at java.util.concurrent.ThreadPoolExecutor.runWorker(ThreadPoolExecutor.java:1145)
	at java.util.concurrent.ThreadPoolExecutor$Worker.run(ThreadPoolExecutor.java:615)
	at java.lang.Thread.run(Thread.java:744)

Dump of callerThis
Object type = com.ibm.ws.webcontainer.osgi.servlet.ServletWrapper
  serialVersionUID = 1
  _mo = class com.ibm.ws.managedobject.internal.ManagedObjectImpl@75bc9f35
    serialVersionUID = 2312695316196219051
    object = "<sensitive com.ibm.cloudoe.samples.DemoServlet@418132db>"
    $$$tc$$$ = class com.ibm.websphere.ras.TraceComponent@49fdd887
      strings[0] = "TraceComponent[com.ibm.ws.managedobject.internal.ManagedObjectImpl,class com.ibm.ws.managedobject.internal.ManagedObjectImpl,[],null,null]"
  serialVersionUID = -4479626085298397598
  notifyInvocationListeners = false
  UNINITIALIZED_STATE = -1
  AVAILABLE_STATE = 0
  UNAVAILABLE_STATE = 1
  UNAVAILABLE_PERMANENTLY_STATE = 2
  collabHelper = class com.ibm.ws.webcontainer.osgi.collaborator.CollaboratorHelperImpl@6b38f095
    webAppInvCollabs = class java.util.Collections$UnmodifiableSet@ea21147
      serialVersionUID = -9215047833775013803
      serialVersionUID = 1820017752578914078
      c = class java.util.concurrent.CopyOnWriteArraySet@451c6ca0
    securityDomainForApp = null
    logger = class com.ibm.ws.logging.internal.WsLogger@61c319b1
      tc = class com.ibm.websphere.ras.TraceComponent@473d7678
      ivCachedResourceBundleName = null
      ivCachedResourceBundle = null
      ivComponent = null
      ivOrganization = null
      ivProduct = null
      ivMinimumLocalizationLevelIntValue = 625
      ivGroupName = null
      ivTC = class com.ibm.websphere.ras.TraceComponent@2469d7b0
      loggerRegistrationComponent = class java.lang.ThreadLocal@1be2f40e
      emptyHandlers = class java.util.logging.Handler[0]
      offValue = 2147483647
      manager = class com.ibm.ws.kernel.boot.logging.WsLogManager@5104d16f
      name = "com.ibm.ws.webcontainer.collaborator"
      handlers = class java.util.concurrent.CopyOnWriteArrayList@37ac166d
      resourceBundleName = "com.ibm.ws.webcontainer.resources.Messages"
      useParentHandlers = true
      filter = null
      anonymous = false
      catalog = class com.ibm.ws.webcontainer.resources.Messages_en@5cace07d
      catalogName = "com.ibm.ws.webcontainer.resources.Messages"
      catalogLocale = class java.util.Locale@633f579f
      treeLock = class java.lang.Object@5391baa0
      parent = class com.ibm.ws.logging.internal.WsLogger@473893d
      kids = null
      levelObject = class java.util.logging.Level@3d370613
      levelValue = 800
      callersClassLoaderRef = class java.lang.ref.WeakReference@2f46aa9
      GLOBAL_LOGGER_NAME = "global"
      global = class java.util.logging.Logger@54d2677e
      SYSTEM_LOGGER_RB_NAME = "sun.util.logging.resources.logging"
    staticDefaultSecurityCollaborator = class com.ibm.ws.webcontainer.collaborator.WebAppSecurityCollaborator@4fcbe59b
    logger = class com.ibm.ws.logging.internal.WsLogger@7b094f40
      tc = class com.ibm.websphere.ras.TraceComponent@473d7678
      ivCachedResourceBundleName = null
      ivCachedResourceBundle = null
      ivComponent = null
      ivOrganization = null
      ivProduct = null
      ivMinimumLocalizationLevelIntValue = 625
      ivGroupName = null
      ivTC = class com.ibm.websphere.ras.TraceComponent@35d37910
      loggerRegistrationComponent = class java.lang.ThreadLocal@1be2f40e
      emptyHandlers = class java.util.logging.Handler[0]
      offValue = 2147483647
      manager = class com.ibm.ws.kernel.boot.logging.WsLogManager@5104d16f
      name = "com.ibm.wsspi.webcontainer.collaborator"
      handlers = class java.util.concurrent.CopyOnWriteArrayList@61217974
      resourceBundleName = "com.ibm.ws.webcontainer.resources.Messages"
      useParentHandlers = true
      filter = null
      anonymous = false
      catalog = class com.ibm.ws.webcontainer.resources.Messages_en@5cace07d
      catalogName = "com.ibm.ws.webcontainer.resources.Messages"
      catalogLocale = class java.util.Locale@633f579f
      treeLock = class java.lang.Object@5391baa0
      parent = class com.ibm.ws.logging.internal.WsLogger@6e4a5f70
      kids = null
      levelObject = class java.util.logging.Level@3d370613
      levelValue = 800
      callersClassLoaderRef = class java.lang.ref.WeakReference@54bfeaa1
      GLOBAL_LOGGER_NAME = "global"
      global = class java.util.logging.Logger@54d2677e
      SYSTEM_LOGGER_RB_NAME = "sun.util.logging.resources.logging"
    CLASS_NAME = "com.ibm.wsspi.webcontainer.collaborator.CollaboratorHelper"
    webApp = class com.ibm.ws.webcontainer.osgi.webapp.WebApp@6b817ef4
    securityCollaborator = class com.ibm.ws.webcontainer.security.WebAppSecurityCollaboratorImpl@203231db
      tc = class com.ibm.websphere.ras.TraceComponent@23ac5c27
      KEY_ID = "id"
      KEY_SECURITY_SERVICE = "securityService"
      KEY_TAI_SERVICE = "taiService"
      KEY_INTERCEPTOR_SERVICE = "interceptorService"
      KEY_OAUTH_SERVICE = "oauthService"
      KEY_OIDC_SERVER = "oidcServer"
      KEY_OIDC_CLIENT = "oidcClient"
      KEY_OPENID_CLIENT_SERVICE = "openidClientService"
      taiServiceRef = class com.ibm.wsspi.kernel.service.utils.AtomicServiceReference@2958596e
      interceptorServiceRef = class com.ibm.wsspi.kernel.service.utils.ConcurrentServiceReferenceMap@675759f6
      oauthServiceRef = class com.ibm.wsspi.kernel.service.utils.AtomicServiceReference@17d35a7b
      oidcServerRef = class com.ibm.wsspi.kernel.service.utils.AtomicServiceReference@34d94d75
      oidcClientRef = class com.ibm.wsspi.kernel.service.utils.AtomicServiceReference@266c576e
      openidClientRef = class com.ibm.wsspi.kernel.service.utils.AtomicServiceReference@12e00a77
      securityServiceRef = class com.ibm.wsspi.kernel.service.utils.AtomicServiceReference@32cf144f
      KEY_LOCATION_ADMIN = "locationAdmin"
      locationAdminRef = class com.ibm.wsspi.kernel.service.utils.AtomicServiceReference@393e6898
      PERMIT_REPLY = class com.ibm.ws.webcontainer.security.internal.PermitReply@3044f084
      DENY_AUTHN_FAILED = class com.ibm.ws.webcontainer.security.internal.DenyReply@7e0a82dd
      DENY_AUTHZ_FAILED = class com.ibm.ws.webcontainer.security.internal.DenyReply@6415bbd0
      AUTH_TYPE = "AUTH_TYPE"
      NO_MATCH_ROLENAME = "*"
      ALL_AUTHENTICATED_ROLE = "**"
      STARSTAR_ROLE = "_starstar_"
      globalConfig = class com.ibm.ws.webcontainer.security.internal.WebAppSecurityConfigImpl@4edd8805
      webAppSecConfig = class com.ibm.ws.webcontainer.security.internal.WebAppSecurityConfigImpl@4edd8805
      authenticateApi = class com.ibm.ws.webcontainer.security.AuthenticateApi@320d28b6
      postParameterHelper = class com.ibm.ws.webcontainer.security.PostParameterHelper@7debde65
      collabUtils = class com.ibm.ws.security.collaborator.CollaboratorUtils@855f979
      subjectHelper = class com.ibm.ws.security.authentication.utility.SubjectHelper@446d7b35
      subjectManager = class com.ibm.ws.security.context.SubjectManager@6fb3f7ab
      httpsRedirectHandler = class com.ibm.ws.webcontainer.security.internal.HTTPSRedirectHandler@104934d8
      authenticatorProxy = class com.ibm.ws.webcontainer.security.WebAuthenticatorProxy@362c5942
      providerAuthenticatorProxy = class com.ibm.ws.webcontainer.security.WebProviderAuthenticatorProxy@199817d7
      unauthenticatedSubjectService = class com.ibm.ws.security.authentication.internal.UnauthenticatedSubjectServiceImpl@50453161
      serialVersionUID = -2856825913963761432
    nameSpaceCollaborator = class com.ibm.ws.webcontainer.osgi.collaborator.WebAppNameSpaceCollaboratorImpl@1c283b39
    transactionCollaborator = class com.ibm.ws.transaction.services.WebAppTransactionCollaboratorImpl@154829a0
    connectionCollaborator = class com.ibm.ws.webcontainer.collaborator.ConnectionCollaborator@34a4d24a
    allCollabEnum = class java.util.RegularEnumSet@3f673160
      serialVersionUID = 3411599620347842686
      elements = 511
      elementType = class java.lang.Class@7c998d5a
      universe = class com.ibm.wsspi.webcontainer.collaborator.CollaboratorInvocationEnum[9]
      ZERO_LENGTH_ENUM_ARRAY = class java.lang.Enum[0]
      MAX_ARRAY_SIZE = 2147483639
    servlet_23_or_greater = true
  nServicing = class java.util.concurrent.atomic.AtomicInteger@673afd31
    serialVersionUID = 6214790243416807050
    unsafe = class sun.misc.Unsafe@6eef06b7
      theUnsafe = class sun.misc.Unsafe@6eef06b7
      INVALID_FIELD_OFFSET = -1
      ARRAY_BOOLEAN_BASE_OFFSET = 16
      ARRAY_BYTE_BASE_OFFSET = 16
      ARRAY_SHORT_BASE_OFFSET = 16
      ARRAY_CHAR_BASE_OFFSET = 16
      ARRAY_INT_BASE_OFFSET = 16
      ARRAY_LONG_BASE_OFFSET = 16
      ARRAY_FLOAT_BASE_OFFSET = 16
      ARRAY_DOUBLE_BASE_OFFSET = 16
      ARRAY_OBJECT_BASE_OFFSET = 16
      ARRAY_BOOLEAN_INDEX_SCALE = 1
      ARRAY_BYTE_INDEX_SCALE = 1
      ARRAY_SHORT_INDEX_SCALE = 2
      ARRAY_CHAR_INDEX_SCALE = 2
      ARRAY_INT_INDEX_SCALE = 4
      ARRAY_LONG_INDEX_SCALE = 8
      ARRAY_FLOAT_INDEX_SCALE = 4
      ARRAY_DOUBLE_INDEX_SCALE = 8
      ARRAY_OBJECT_INDEX_SCALE = 4
      ADDRESS_SIZE = 8
    valueOffset = 12
    value = 0
    serialVersionUID = -8742448824652078965
  lastAccessTime = 1436040946763
  state = -1
  logger = class com.ibm.ws.logging.internal.WsLogger@485308f8
    tc = class com.ibm.websphere.ras.TraceComponent@473d7678
      strings[0] = "TraceComponent[com.ibm.ws.logging.internal.WsLogger,class com.ibm.ws.logging.internal.WsLogger,[logging],com.ibm.ws.logging.internal.resources.LoggingMessages,null]"
    ivCachedResourceBundleName = "com.ibm.ws.webcontainer.resources.Messages"
    ivCachedResourceBundle = class com.ibm.ws.webcontainer.resources.Messages_en@14a493e6
      resources = class [Ljava.lang.Object;[0]
      lookup = class java.util.HashMap@7c55a05a
      INITIAL_CACHE_SIZE = 32
      NONEXISTENT_BUNDLE = class java.util.ResourceBundle$1@33a927c8
      cacheList = class java.util.concurrent.ConcurrentHashMap@2672d5f7
      referenceQueue = class java.lang.ref.ReferenceQueue@3d3d5ed9
      parent = class com.ibm.ws.webcontainer.resources.Messages@2e87252e
      locale = class java.util.Locale@848f749
      name = "com.ibm.ws.webcontainer.resources.Messages"
      expired = false
      cacheKey = class java.util.ResourceBundle$CacheKey@2a9a06df
      keySet = null
      $assertionsDisabled = true
    ivComponent = null
    ivOrganization = null
    ivProduct = null
    ivMinimumLocalizationLevelIntValue = 625
    ivGroupName = null
    ivTC = class com.ibm.websphere.ras.TraceComponent@486608e4
      strings[0] = "TraceComponent[com.ibm.ws.webcontainer.servlet,class com.ibm.wsspi.webcontainer.logging.LoggerFactory$1,[com.ibm.ws.webcontainer.servlet],null,null]"
    loggerRegistrationComponent = class java.lang.ThreadLocal@1be2f40e
      threadLocalHashCode = -1261498123
      nextHashCode = class java.util.concurrent.atomic.AtomicInteger@5134a4b4
      HASH_INCREMENT = 1640531527
    emptyHandlers = class java.util.logging.Handler[0]
    offValue = 2147483647
    manager = class com.ibm.ws.kernel.boot.logging.WsLogManager@5104d16f
      CLASS_NAME = "com.ibm.ws.kernel.boot.logging.WsLogManager"
      CONFIGURE_BY_SERVER_PROPERTY_NAME = "java.util.logging.configureByServer"
      CONFIGURE_BY_LOGGING_PROPERTIES_FILE = "java.util.logging.configureByLoggingPropertiesFile"
      configureByServer = true
      configureByLoggingProperties = false
      wsLogger = class java.lang.reflect.Constructor@34938bec
      resetEnabled = true
      manager = class com.ibm.ws.kernel.boot.logging.WsLogManager@5104d16f
      props = class java.util.Properties@42c74deb
      changes = class java.beans.PropertyChangeSupport@2acca18d
      defaultLevel = class java.util.logging.Level@3d370613
      systemContext = class java.util.logging.LogManager$SystemLoggerContext@608245ee
      userContext = class java.util.logging.LogManager$LoggerContext@8bd3dc2
      rootLogger = class java.util.logging.LogManager$RootLogger@3d3a4df6
      readPrimordialConfiguration = true
      initializedGlobalHandlers = true
      deathImminent = false
      loggerRefQueue = class java.lang.ref.ReferenceQueue@40219009
      MAX_ITERATIONS = 400
      controlPermission = class java.util.logging.LoggingPermission@5b775fc3
      loggingMXBean = null
      LOGGING_MXBEAN_NAME = "java.util.logging:type=Logging"
    name = "com.ibm.ws.webcontainer.servlet"
    handlers = class java.util.concurrent.CopyOnWriteArrayList@1351f7f7
      serialVersionUID = 8673264195747942595
      lock = class java.util.concurrent.locks.ReentrantLock@2982ee47
      array = class java.lang.Object[0]
      UNSAFE = class sun.misc.Unsafe@6eef06b7
      lockOffset = 12
    resourceBundleName = "com.ibm.ws.webcontainer.resources.Messages"
    useParentHandlers = true
    filter = null
    anonymous = false
    catalog = class com.ibm.ws.webcontainer.resources.Messages_en@14a493e6
    catalogName = "com.ibm.ws.webcontainer.resources.Messages"
    catalogLocale = class java.util.Locale@633f579f
      LOCALECACHE = class java.util.Locale$Cache@25f159f5
      ENGLISH = class java.util.Locale@848f749
      FRENCH = class java.util.Locale@6e62ddde
      GERMAN = class java.util.Locale@1cd45270
      ITALIAN = class java.util.Locale@377045d9
      JAPANESE = class java.util.Locale@2bf9c5fe
      KOREAN = class java.util.Locale@1b35bd40
      CHINESE = class java.util.Locale@651bc2b4
      SIMPLIFIED_CHINESE = class java.util.Locale@18beb48
      TRADITIONAL_CHINESE = class java.util.Locale@903c4c3
      FRANCE = class java.util.Locale@566ae2d4
      GERMANY = class java.util.Locale@351f89f
      ITALY = class java.util.Locale@7a99906c
      JAPAN = class java.util.Locale@77d8e155
      KOREA = class java.util.Locale@3fb1d0eb
      CHINA = class java.util.Locale@18beb48
      PRC = class java.util.Locale@18beb48
      TAIWAN = class java.util.Locale@903c4c3
      UK = class java.util.Locale@330b14f8
      US = class java.util.Locale@633f579f
      CANADA = class java.util.Locale@1c8dbff6
      CANADA_FRENCH = class java.util.Locale@1e35be1f
      ROOT = class java.util.Locale@81e17f8
      PRIVATE_USE_EXTENSION = x
      UNICODE_LOCALE_EXTENSION = u
      serialVersionUID = 9149081749638150636
      DISPLAY_LANGUAGE = 0
      DISPLAY_COUNTRY = 1
      DISPLAY_VARIANT = 2
      DISPLAY_SCRIPT = 3
      baseLocale = class sun.util.locale.BaseLocale@5647a47f
      localeExtensions = null
      hashCodeValue = 96636889
      defaultLocale = class java.util.Locale@633f579f
      defaultDisplayLocale = null
      defaultFormatLocale = class java.util.Locale@633f579f
      serialPersistentFields = class java.io.ObjectStreamField[6]
      isoLanguages = null
      isoCountries = null
      $assertionsDisabled = true
    treeLock = class java.lang.Object@5391baa0
    parent = class com.ibm.ws.logging.internal.WsLogger@473893d
      tc = class com.ibm.websphere.ras.TraceComponent@473d7678
      ivCachedResourceBundleName = "com.ibm.ws.webcontainer.resources.Messages"
      ivCachedResourceBundle = class com.ibm.ws.webcontainer.resources.Messages_en@14a493e6
      ivComponent = null
      ivOrganization = null
      ivProduct = null
      ivMinimumLocalizationLevelIntValue = 625
      ivGroupName = null
      ivTC = class com.ibm.websphere.ras.TraceComponent@3ed4a022
      loggerRegistrationComponent = class java.lang.ThreadLocal@1be2f40e
      emptyHandlers = class java.util.logging.Handler[0]
      offValue = 2147483647
      manager = class com.ibm.ws.kernel.boot.logging.WsLogManager@5104d16f
      name = "com.ibm.ws.webcontainer"
      handlers = class java.util.concurrent.CopyOnWriteArrayList@36495ac8
      resourceBundleName = "com.ibm.ws.webcontainer.resources.Messages"
      useParentHandlers = true
      filter = null
      anonymous = false
      catalog = class com.ibm.ws.webcontainer.resources.Messages_en@14a493e6
      catalogName = "com.ibm.ws.webcontainer.resources.Messages"
      catalogLocale = class java.util.Locale@633f579f
      treeLock = class java.lang.Object@5391baa0
      parent = class java.util.logging.Logger@9e71c50
      kids = class java.util.ArrayList@23f3cd44
      levelObject = class java.util.logging.Level@3d370613
      levelValue = 800
      callersClassLoaderRef = class java.lang.ref.WeakReference@5b293dcc
      GLOBAL_LOGGER_NAME = "global"
      global = class java.util.logging.Logger@54d2677e
      SYSTEM_LOGGER_RB_NAME = "sun.util.logging.resources.logging"
    kids = null
    levelObject = class java.util.logging.Level@3d370613
      defaultBundle = "sun.util.logging.resources.logging"
      name = "INFO"
      value = 800
      resourceBundleName = "sun.util.logging.resources.logging"
      localizedLevelName = "INFO"
      OFF = class java.util.logging.Level@4ad07ce8
      SEVERE = class java.util.logging.Level@3db889b7
      WARNING = class java.util.logging.Level@1e596d09
      INFO = class java.util.logging.Level@3d370613
      CONFIG = class java.util.logging.Level@1057970
      FINE = class java.util.logging.Level@e67a896
      FINER = class java.util.logging.Level@376d173d
      FINEST = class java.util.logging.Level@5b10c238
      ALL = class java.util.logging.Level@293f193d
      serialVersionUID = -8176160795706313070
    levelValue = 800
    callersClassLoaderRef = class java.lang.ref.WeakReference@18f05fe
      referent = class org.eclipse.osgi.internal.loader.EquinoxClassLoader@784c0b8
      queue = class java.lang.ref.ReferenceQueue$Null@1920f7ba
      next = null
      discovered = null
      lock = class java.lang.ref.Reference$Lock@4367e139
      pending = null
    GLOBAL_LOGGER_NAME = "global"
    global = class java.util.logging.Logger@54d2677e
      emptyHandlers = class java.util.logging.Handler[0]
      offValue = 2147483647
      manager = class com.ibm.ws.kernel.boot.logging.WsLogManager@5104d16f
      name = "global"
      handlers = class java.util.concurrent.CopyOnWriteArrayList@7239fda0
      resourceBundleName = null
      useParentHandlers = true
      filter = null
      anonymous = false
      catalog = null
      catalogName = null
      catalogLocale = null
      treeLock = class java.lang.Object@5391baa0
      parent = class java.util.logging.LogManager$RootLogger@3d3a4df6
      kids = null
      levelObject = null
      levelValue = 800
      callersClassLoaderRef = null
      GLOBAL_LOGGER_NAME = "global"
      global = class java.util.logging.Logger@54d2677e
      SYSTEM_LOGGER_RB_NAME = "sun.util.logging.resources.logging"
    SYSTEM_LOGGER_RB_NAME = "sun.util.logging.resources.logging"
  CLASS_NAME = "com.ibm.ws.webcontainer.servlet.ServletWrapper"
  nls = class com.ibm.ejs.ras.TraceNLS@4371f6e0
    resolver = class com.ibm.ws.logging.internal.TraceNLSResolver@2d921bba
      tc = class com.ibm.websphere.ras.TraceComponent@10588116
      DEBUG_TRACE_NLS_PROPERTY = "com.ibm.ejs.ras.debugTraceNLSResolver"
      debugTraceNLSResolver = false
      makeNoise = false
      nullKey = "null"
      svNullBundleName = "Resource Bundle name is null, key = {0}"
      svBundleNotLoaded = "Unable to load ResourceBundle {0}"
      svNullKeyMessage = "Null key passed while using ResourceBundle {0}"
      svMalformedMessage = "No message text associated with key {0} in bundle {1}"
    finder = class com.ibm.ws.logging.internal.StackFinder@535a67b5
      inCheck = false
      initialized = true
      rootGroup = class java.lang.ThreadGroup@7a302a1e
      packageAccessValid = false
      packageAccess = null
      packageAccessLock = class java.lang.Object@701d563d
      packageDefinitionValid = false
      packageDefinition = null
      packageDefinitionLock = class java.lang.Object@1608f84c
    ivBundleName = "com.ibm.ws.webcontainer.resources.Messages"
    caller = class java.lang.Class@1bdef048
      ANNOTATION = 8192
      ENUM = 16384
      SYNTHETIC = 4096
      cachedConstructor = null
      newInstanceCallerCache = null
      name = null
      allPermDomain = class java.security.ProtectionDomain@14aa9552
      useCaches = true
      declaredFields = class java.lang.ref.SoftReference@7ca535ad
      publicFields = null
      declaredMethods = null
      publicMethods = null
      declaredConstructors = null
      publicConstructors = null
      declaredPublicFields = null
      declaredPublicMethods = null
      classRedefinedCount = 0
      lastRedefinedCount = 0
      genericInfo = null
      serialVersionUID = 3206093459760846163
      serialPersistentFields = class java.io.ObjectStreamField[0]
      reflectionFactory = class sun.reflect.ReflectionFactory@782da4e6
      initted = true
      enumConstants = null
      enumConstantDirectory = null
      annotations = class java.util.HashMap@426730c9
      declaredAnnotations = class java.util.Collections$EmptyMap@4b3fe2e
      annotationType = null
      classValueMap = null
  servletConfig = class com.ibm.ws.webcontainer.servlet.ServletConfig@6f070eb7
    logger = class com.ibm.ws.logging.internal.WsLogger@485308f8
    CLASS_NAME = "com.ibm.ws.webcontainer.servlet.ServletConfig"
    nls = class com.ibm.ejs.ras.TraceNLS@d1a2d85
      resolver = class com.ibm.ws.logging.internal.TraceNLSResolver@2d921bba
      finder = class com.ibm.ws.logging.internal.StackFinder@535a67b5
      ivBundleName = "com.ibm.ws.webcontainer.resources.Messages"
      caller = class java.lang.Class@6ba3c0d0
    liberty_nls = class com.ibm.ejs.ras.TraceNLS@31a27d7b
      resolver = class com.ibm.ws.logging.internal.TraceNLSResolver@2d921bba
      finder = class com.ibm.ws.logging.internal.StackFinder@535a67b5
      ivBundleName = "com.ibm.ws.webcontainer.resources.LShimMessages"
      caller = class java.lang.Class@6ba3c0d0
    enabled = true
    servletName = "Application Servlet"
    className = "com.ibm.cloudoe.samples.DemoServlet"
    mappings = class java.util.ArrayList@22dc2fb2
      serialVersionUID = 8683452581122892189
      DEFAULT_CAPACITY = 10
      EMPTY_ELEMENTDATA = class java.lang.Object[0]
      elementData = class java.lang.Object[10]
      size = 1
      MAX_ARRAY_SIZE = 2147483639
      modCount = 1
      MAX_ARRAY_SIZE = 2147483639
    startUpWeight = 1
    DEFAULT_STARTUP = -1
    isCachingEnabled = true
    isStatisticsEnabled = true
    isInternal = false
    metaData = class com.ibm.ws.webcontainer.osgi.metadata.WebComponentMetaDataImpl@25bf60ff
      j2eeName = class com.ibm.ws.container.service.metadata.internal.J2EENameImpl@61ec326c
      webModuleMetaData = class com.ibm.ws.webcontainer.osgi.metadata.WebModuleMetaDataImpl@75f988ea
      tc = class com.ibm.websphere.ras.TraceComponent@6c65238d
      NUM_STATIC_SLOTS = 4
      ID_UNINITIALIZED = -1
      id = 9
      metaDataInterface = class java.lang.Class@4aab2b7b
      staticSlots = class java.lang.Object[4]
      dynamicSlots = null
    singleThreadModelServlet = false
    isJsp = false
    webAppConfig = class com.ibm.ws.webcontainer.osgi.webapp.WebAppConfiguration@377918b5
      webModuleMetaData = class com.ibm.ws.webcontainer.osgi.metadata.WebModuleMetaDataImpl@75f988ea
      webComponentMetaData = class com.ibm.ws.webcontainer.osgi.metadata.WebComponentMetaDataImpl@518bf728
      dVirtualHost = class com.ibm.ws.webcontainer.osgi.DynamicVirtualHost@3c0f8ceb
      orderedLibPaths = class java.util.Collections$UnmodifiableRandomAccessList@67517fd7
      bundleHeaders = null
      cdiEnabled = false
      CLASS_NAME = "com.ibm.ws.webcontainer.webapp.WebAppConfiguration"
      logger = class com.ibm.ws.logging.internal.WsLogger@16012b37
      tc = class com.ibm.websphere.ras.TraceComponent@7df2303d
      nls = class com.ibm.ejs.ras.TraceNLS@20ecb71b
      version = 25
      contextRoot = "/app"
      sessionTimeout = 0
      moduleSessionTimeoutSet = false
      moduleSessionTrackingModeSet = false
      sessionCookieConfig = class com.ibm.ws.session.SessionCookieConfigImpl@14e95e80
      hasProgrammaticCookieConfig = false
      sessionDefaultTrackingModeSet = class java.util.RegularEnumSet@653b3039
      sessionManagerConfig = class com.ibm.ws.session.SessionManagerConfig@10db221b
      displayName = "Java Starter Application"
      description = null
      reloadInterval = 0
      distributable = false
      denyUncoveredHttpMethods = false
      reloadingEnabled = false
      serveServletsByClassnameEnabled = null
      defaultErrorPage = null
      additionalClassPath = null
      fileServingEnabled = null
      directoryBrowsingEnabled = null
      autoRequestEncoding = false
      autoResponseEncoding = false
      autoLoadFilters = false
      requestListeners = null
      requestAttributeListeners = null
      sessionListeners = null
      localeMap = null
      moduleName = "app"
      j2eeModuleName = "app.war"
      moduleId = null
      isSyncToThreadEnabled = false
      isSystemApp = false
      ardEnabled = false
      ardDispatchType = null
      listeners = class java.util.ArrayList@229c2342
      welcomeFileList = class java.util.ArrayList@38ced3ce
      servletMappings = class java.util.HashMap@12b39685
      lastIndexBeforeDeclaredFilters = 0
      filterMappings = class java.util.ArrayList@4c5eff5a
      servletInfo = class java.util.HashMap@70ce94e1
      filterInfo = class java.util.HashMap@a9079a3
      mimeMappings = class java.util.HashMap@1321c1c0
      mimeFilters = null
      isMimeFilteringEnabled = false
      theWebGroup = null
      jspAttributes = class java.util.HashMap@d372e10
      fileServingAttributes = class java.util.HashMap@21b12337
      invokerAttributes = class java.util.HashMap@747f0128
      contextParams = class java.util.HashMap@3e2524d8
      virtualHost = "default_host"
      exceptionErrorPages = class java.util.HashMap@789600c7
      codeErrorPages = class java.util.HashMap@400d46aa
      tagLibList = null
      precompileJsps = false
      webApp = class com.ibm.ws.webcontainer.osgi.webapp.WebApp@6b817ef4
      virtualHostList = class java.util.Collections$EmptyList@279a63c0
      appStartupWeight = 0
      moduleStartupWeight = 0
      metaDataComplete = false
      classesToScan = class java.util.ArrayList@90ae690
      uriFilterMappingInfos = null
      servletFilterMappingInfos = null
      dynamicServletRegistrationMap = class java.util.HashMap@2aa6fc93
      applicationName = "watson-backend"
      libBinPathList = class java.util.ArrayList@39102cc5
      webXmlDefinedListeners = class java.util.HashSet@54eb56c7
      serviceRefs = class java.util.ArrayList@268e4e5f
      resourceRefs = class java.util.ArrayList@48bb52bf
      resourceRefBindings = class java.util.HashMap@2359ee7
      resourceRefConfigList = null
      resourceEnvRefs = class java.util.ArrayList@e5350d3
      resourceEnvRefBindings = class java.util.HashMap@7fdf53fd
      messageDestRefs = class java.util.ArrayList@1f0348a1
      messageDestRefBindings = class java.util.HashMap@109551ef
      envEntries = class java.util.ArrayList@3b362a6a
      envEntryValues = class java.util.HashMap@611ab384
      envEntryBindings = class java.util.HashMap@1fffd0ea
      dataSources = class java.util.ArrayList@53ecc30f
      dataSourceBindings = class java.util.HashMap@5cfa38d4
      persistenceUnitRefs = class java.util.ArrayList@2fa915fc
      persistenceContextRefs = class java.util.ArrayList@5e26bd6
      ejbRefs = class java.util.ArrayList@5415b19e
      ejbLocalRefs = class java.util.ArrayList@5c402732
      ejbRefBindings = class java.util.HashMap@77cd72ee
      disallowAllFileServingProp = "false"
      disallowServeServletsByClassnameProp = "false"
      disableStaticMappingCache = false
      _id = "WebAppGeneratedId14"
      _attributes = null
      serialVersionUID = 7511545662945734886
      $$$tc$$$ = class com.ibm.websphere.ras.TraceComponent@1b8496f
    servletWrapper = class com.ibm.ws.webcontainer.osgi.servlet.ServletWrapper@668d67f8
    servletClass = null
    servlet = null
    addedToLoadOnStartup = true
    previousWeight = null
    multipartConfig = class javax.servlet.MultipartConfigElement@6f452f86
      fileSizeThreshold = 0
      location = ""
      maxFileSize = -1
      maxRequestSize = -1
    multipartConfigBaseLocation = null
    runAsRole = null
    servletSecurityElement = null
    declareRolesAnnotation = null
    logger = class com.ibm.ws.logging.internal.WsLogger@485308f8
    CLASS_NAME = "com.ibm.ws.webcontainer.servlet.TargetConfig"
    initParams = null
    fileName = null
    displayName = null
    name = "Application Servlet"
    description = null
    smallIcon = null
    largeIcon = null
    context = class com.ibm.wsspi.webcontainer.facade.ServletContextFacade@27333f7c
      context = class com.ibm.ws.webcontainer.osgi.webapp.WebApp@6b817ef4
    className = null
    asyncSupported = false
    _id = "ServletGeneratedId1"
    _attributes = null
    serialVersionUID = 7511545662945734886
    $$$tc$$$ = class com.ibm.websphere.ras.TraceComponent@1b8496f
      strings[0] = "TraceComponent[com.ibm.ws.container.BaseConfiguration,class com.ibm.ws.container.BaseConfiguration,[],null,null]"
  context = class com.ibm.ws.webcontainer.osgi.webapp.WebApp@6b817ef4
    tc = class com.ibm.websphere.ras.TraceComponent@2eed5f47
      strings[0] = "TraceComponent[com.ibm.ws.webcontainer.osgi.webapp.WebApp,class com.ibm.ws.webcontainer.osgi.webapp.WebApp,[webcontainer],com.ibm.ws.webcontainer.resources.LShimMessages,null]"
    CLASS_NAME = "com.ibm.ws.webcontainer.osgi.webapp.WebApp"
    metaDataService = class com.ibm.ws.container.service.metadata.internal.MetaDataServiceImpl@bda2562
      applicationMetaDataManager = class com.ibm.ws.container.service.metadata.internal.ApplicationMetaDataManager@5735bb8c
      moduleMetaDataManager = class com.ibm.ws.container.service.metadata.internal.ModuleMetaDataManager@8ac110f
      componentMetaDataManager = class com.ibm.ws.container.service.metadata.internal.ComponentMetaDataManager@5893f43b
      methodMetaDataManager = class com.ibm.ws.container.service.metadata.internal.MethodMetaDataManager@59877aeb
      appModuleNameToModuleContainer = class java.util.concurrent.ConcurrentHashMap@4d970838
      jeeNameToComponentMetaData = class java.util.concurrent.ConcurrentHashMap@769cbc53
      deferredMetaDataFactories = class com.ibm.wsspi.kernel.service.utils.ConcurrentServiceReferenceSet@2c1029fb
      deferredMetaDataInitializers = class com.ibm.wsspi.kernel.service.utils.ConcurrentServiceReferenceMap@59343456
      serialVersionUID = 5173348198233259673
      $$$tc$$$ = class com.ibm.websphere.ras.TraceComponent@64aa262d
    namespacePopulated = false
    referenceContext = class com.ibm.ws.injectionengine.osgi.internal.OSGiReferenceContextImpl@6ca29797
      scopeData = class com.ibm.ws.injectionengine.osgi.internal.OSGiInjectionScopeData@51ed0ff5
      serialVersionUID = -5862502968678606919
      $$$tc$$$ = class com.ibm.websphere.ras.TraceComponent@69f3faa8
      CLASS_NAME = "com.ibm.ws.injectionengine.ReferenceContextImpl"
      tc = class com.ibm.ejs.ras.TraceComponent@5d4918b0
      ivInjectionEngine = class com.ibm.ws.injectionengine.osgi.internal.OSGiInjectionEngineImpl@13e376b5
      ivProviders = class java.util.ArrayList@3a866f46
      ivComponentJavaContext = null
      ivComponentNameSpace = null
      ivJavaColonCompEnvMap = class java.util.LinkedHashMap@4ff37aae
      ivEjbContext10 = class java.util.Properties@79fb5e83
      ivResourceRefConfigList = null
      isAlreadyProcessed = true
      ivProcessFailure = null
      ivInjectionTargetMap = class java.util.HashMap@65fa2905
      ivDeclaredInjectionTargets = class java.util.HashMap@a9b3b91
      ivProcessedInjectionClasses = class java.util.HashSet@5563b207
      ivProcessedInjectionBindings = class java.util.ArrayList@43d155d
      ivAnyProcessDynamic = false
      ivCheckAppConfig = false
    j2eeNameFactory = class com.ibm.ws.container.service.metadata.internal.J2EENameFactoryImpl@1ecc4b02
      serialVersionUID = 3486344295038028821
      $$$tc$$$ = class com.ibm.websphere.ras.TraceComponent@615bbe8
    moduleLoader = class com.ibm.ws.classloading.internal.AppClassLoader@152cab35
      tc = class com.ibm.websphere.ras.TraceComponent@732afdc8
      PARENT_FIRST_SEARCH_ORDER = class java.util.Collections$UnmodifiableRandomAccessList@e970829
      CLASS_LOADING_TRACE_PREFIX = "com.ibm.ws.class.load."
      DEFAULT_PACKAGE = "default.package"
      perPackageClassLoadingTraceComponents = class java.util.concurrent.ConcurrentHashMap@5d98c33a
      config = class com.ibm.ws.classloading.internal.ClassLoaderConfigurationImpl@583944d7
      privateLibraries = null
      delegateLoaders = class com.ibm.ws.classloading.internal.util.CompositeIterable@17d6ac81
      nativeLibraryFiles = class java.util.ArrayList@ed75561
      transformers = class java.util.ArrayList@5b265ae3
      apiAccess = class com.ibm.ws.classloading.internal.GatewayClassLoader@60fbc5b4
      PROTECTION_DOMAIN = class java.security.ProtectionDomain@49cd6c09
      serialVersionUID = -8503176786514635265
      tc = class com.ibm.websphere.ras.TraceComponent@271f15
      EMPTY_URL_ARRAY = class java.net.URL[0]
      smartClassPath = class com.ibm.ws.classloading.internal.ContainerClassLoader$SmartClassPathImpl@33191bd5
      nativeLibraryContainers = class java.util.ArrayList@35725728
      redefiner = class com.ibm.ws.classloading.internal.util.ClassRedefiner@65b81e81
      mapCreationQueue = class java.util.concurrent.Executors$FinalizableDelegatedExecutorService@1adadb53
      serialVersionUID = 7561562533729935637
      serialVersionUID = -7411549862368381758
      $$$tc$$$ = class com.ibm.websphere.ras.TraceComponent@1a2a57b7
      serialVersionUID = 161679851398543548
      $$$tc$$$ = class com.ibm.websphere.ras.TraceComponent@7912d48a
      serialVersionUID = 2596921220292114344
      $$$tc$$$ = class com.ibm.websphere.ras.TraceComponent@45d45cb6
      initialized = true
      pdcache = class java.util.HashMap@167533eb
      debug = null
      parent = class com.ibm.ws.classloading.internal.GatewayClassLoader@60fbc5b4
      parallelLockMap = null
      package2certs = class java.util.Hashtable@68a394d1
      nocerts = class java.security.cert.Certificate[0]
      classes = class java.util.Vector@4b7f5b02
      defaultDomain = class java.security.ProtectionDomain@16300707
      domains = class java.util.HashSet@2b1d67f2
      packages = class java.util.HashMap@179356fb
      scl = class sun.misc.Launcher$AppClassLoader@3165d118
      sclSet = true
      loadedLibraryNames = class java.util.Vector@7ae7658b
      systemNativeLibraries = class java.util.Vector@6dbbc7b6
      nativeLibraries = class java.util.Vector@4a3384d4
      nativeLibraryContext = class java.util.Stack@39995fc6
      usr_paths = class java.lang.String[6]
      sys_paths = class java.lang.String[1]
      assertionLock = class com.ibm.ws.classloading.internal.AppClassLoader@152cab35
      defaultAssertionStatus = false
      packageAssertionStatus = null
      classAssertionStatus = null
    webAppConfig = class com.ibm.ws.webcontainer.osgi.webapp.WebAppConfiguration@377918b5
    extensionProcessingDisabled = false
    loginProcessor = null
    logoutProcessor = null
    collabHelper = class com.ibm.ws.webcontainer.osgi.collaborator.CollaboratorHelperImpl@6b38f095
    envObject = class com.ibm.ws.util.WSThreadLocal@2d945cb1
      tc = class com.ibm.ejs.ras.TraceComponent@5f9332d
      count = 7
      index = 2
      SUSPECTED_MISUSAGE_THRESHOLD = 200
      threadLocalHashCode = 445726444
      nextHashCode = class java.util.concurrent.atomic.AtomicInteger@5134a4b4
      HASH_INCREMENT = 1640531527
    orderedLibPaths = class java.util.Collections$UnmodifiableRandomAccessList@67517fd7
      serialVersionUID = -2542308836966382001
      serialVersionUID = -283967356065247728
      list = class java.util.ArrayList@52e98c9b
      serialVersionUID = 1820017752578914078
      c = class java.util.ArrayList@52e98c9b
    perm = class com.ibm.websphere.security.WebSphereRuntimePermission@17a0313f
      serialVersionUID = -3306242789188168337
      $$$tc$$$ = class com.ibm.websphere.ras.TraceComponent@152c108d
      serialVersionUID = 6279438298436773498
      wildcard = false
      path = "accessServletContext"
      exitVM = false
      serialVersionUID = -5636570222231596674
      name = "accessServletContext"
    WELCOME_FILE_LIST = "com.ibm.ws.webcontainer.config.WelcomeFileList"
    DIR_BROWSING_MAPPING = "__dirBrowsing__1436039850037"
    FILTER_PROXY_MAPPING = "/__filterProxy__1436039850037"
    logger = class com.ibm.ws.logging.internal.WsLogger@16012b37
      tc = class com.ibm.websphere.ras.TraceComponent@473d7678
      ivCachedResourceBundleName = "com.ibm.ws.webcontainer.resources.Messages"
      ivCachedResourceBundle = class com.ibm.ws.webcontainer.resources.Messages_en@14a493e6
      ivComponent = null
      ivOrganization = null
      ivProduct = null
      ivMinimumLocalizationLevelIntValue = 625
      ivGroupName = null
      ivTC = class com.ibm.websphere.ras.TraceComponent@663281f5
      loggerRegistrationComponent = class java.lang.ThreadLocal@1be2f40e
      emptyHandlers = class java.util.logging.Handler[0]
      offValue = 2147483647
      manager = class com.ibm.ws.kernel.boot.logging.WsLogManager@5104d16f
      name = "com.ibm.ws.webcontainer.webapp"
      handlers = class java.util.concurrent.CopyOnWriteArrayList@46458ed7
      resourceBundleName = "com.ibm.ws.webcontainer.resources.Messages"
      useParentHandlers = true
      filter = null
      anonymous = false
      catalog = class com.ibm.ws.webcontainer.resources.Messages_en@14a493e6
      catalogName = "com.ibm.ws.webcontainer.resources.Messages"
      catalogLocale = class java.util.Locale@633f579f
      treeLock = class java.lang.Object@5391baa0
      parent = class com.ibm.ws.logging.internal.WsLogger@473893d
      kids = null
      levelObject = class java.util.logging.Level@3d370613
      levelValue = 800
      callersClassLoaderRef = class java.lang.ref.WeakReference@a4e94c
      GLOBAL_LOGGER_NAME = "global"
      global = class java.util.logging.Logger@54d2677e
      SYSTEM_LOGGER_RB_NAME = "sun.util.logging.resources.logging"
    CLASS_NAME = "com.ibm.ws.webcontainer.webapp.WebApp"
    loader = class com.ibm.ws.classloading.internal.ThreadContextClassLoader@38c37f5a
    facade = class com.ibm.wsspi.webcontainer.facade.ServletContextFacade@27333f7c
    features = class java.util.ArrayList@26bc332a
      serialVersionUID = 8683452581122892189
      DEFAULT_CAPACITY = 10
      EMPTY_ELEMENTDATA = class java.lang.Object[0]
      elementData = class java.lang.Object[0]
      size = 0
      MAX_ARRAY_SIZE = 2147483639
      modCount = 0
      MAX_ARRAY_SIZE = 2147483639
    applicationName = "watson-backend"
    config = class com.ibm.ws.webcontainer.osgi.webapp.WebAppConfiguration@377918b5
    securityEnabledForApp = null
    webExtensionProcessor = class com.ibm.ws.webcontainer.osgi.extension.WebExtensionProcessor@dc31e44
      webApp = class com.ibm.ws.webcontainer.osgi.webapp.WebApp@6b817ef4
      extensionContext = class com.ibm.ws.webcontainer.osgi.webapp.WebApp@6b817ef4
    production = true
    isServlet23 = true
    contextPath = "/app"
    internalServletList = class [Ljava.lang.String;[2]
      internalServletList[0] = class java.lang.String[2]
      internalServletList[1] = class java.lang.String[2]
    BY_NAME_ONLY = "/_1436040946727_/"
    filterManager = null
    documentRoot = null
    SERVLET_API_VERSION = "Servlet 2.5"
    disableServletAuditLogging = 0
    serverInfo = "SMF WebContainer"
    sessionCtx = class com.ibm.ws.webcontainer.session.impl.HttpSessionContextImpl@3bd20816
      methodClassName = "HttpSessionContextImpl"
      _smc = class com.ibm.ws.session.SessionManagerConfig@10db221b
      sessionStoreService = null
      _sap = class com.ibm.ws.session.SessionApplicationParameters@4d63ed6
      _coreHttpSessionManager = class com.ibm.ws.session.SessionManager@db75615
      _coreHttpAppSessionManager = null
      _sam = class com.ibm.ws.webcontainer.session.impl.SessionAffinityManagerImpl@7f7483bb
      isSIPApplication = false
      sessionAttributeListener = false
      sessionListener = false
      mHttpSessionAttributeListeners = class java.util.ArrayList@3a74ab5c
      mHttpSessionListeners = class java.util.ArrayList@419e42ff
      mHttpSessionIdListeners = class java.util.ArrayList@7d409500
      mHttpSessionAttributeListenersJ2eeNames = class java.util.ArrayList@1af6733e
      mHttpSessionListenersJ2eeNames = class java.util.ArrayList@2a07f946
      mHttpSessionIdListenersJ2eeNames = class java.util.ArrayList@717e7838
      mLocalHost = null
      _refCount = 1
      currentThreadSacHashtable = null
      methodClassName = "SessionContext"
      ANONYMOUS_USER = "anonymous"
      wasHttpSessionObserver = class com.ibm.ws.session.WasHttpSessionObserver@2606debe
      wasHttpSessionAttributeObserver = null
      _invalidator = class com.ibm.ws.session.SessionInvalidator@d099f73
      _storer = class com.ibm.ws.session.EOSSessionStorer@72c33db4
      wasHttpAppSessionObserver = null
      mHttpAppSessionListeners = null
      cmvcInfo = "CMVC Version 1.9 6/24/07 11:12:24"
      _loggedVersion = true
      CREATE_CORE_SESSION_MANAGER = 0
      GET_REQUESTED_SESSION_ID = 1
      GET_IHTTP_SESSION = 2
      SESSION_PRE_INVOKE = 3
      SESSION_POST_INVOKE = 4
      STOP = 5
      STOP_LISTENERS = 6
      IS_VALID = 7
      ENCODE_URL = 8
      SHOULD_ENCODE_URL = 9
      IS_PROTOCOL_SWITCH = 10
      GET_LOCAL_HOST = 11
      ADD_HTTP_SESSION_ATTRIBUTE_LISTENER = 12
      ADD_HTTP_SESSION_LISTENER = 13
      GET_SESSION_AFFINITY_CONTEXT = 14
      CHECK_SECURITY = 15
      INVALIDATE = 16
      CHECK_SESSSIONID_IS_RIGHT_LENGTH = 17
      LOCK_SESSION = 18
      UNLOCK_SESSION = 19
      ADD_HTTP_SESSION_ID_LISTENER = 20
      methodNames = class java.lang.String[21]
    eventSource = class com.ibm.ws.webcontainer.webapp.WebAppEventSource@38574953
    nls = class com.ibm.ejs.ras.TraceNLS@5a10fb08
      resolver = class com.ibm.ws.logging.internal.TraceNLSResolver@2d921bba
      finder = class com.ibm.ws.logging.internal.StackFinder@535a67b5
      ivBundleName = "com.ibm.ws.webcontainer.resources.Messages"
      caller = class java.lang.Class@50ddc728
    liberty_nls = class com.ibm.ejs.ras.TraceNLS@10d0f86a
      resolver = class com.ibm.ws.logging.internal.TraceNLSResolver@2d921bba
      finder = class com.ibm.ws.logging.internal.StackFinder@535a67b5
      ivBundleName = "com.ibm.ws.webcontainer.resources.LShimMessages"
      caller = class java.lang.Class@50ddc728
    error_nls = class com.ibm.ejs.ras.TraceNLS@764ffc6
      resolver = class com.ibm.ws.logging.internal.TraceNLSResolver@2d921bba
      finder = class com.ibm.ws.logging.internal.StackFinder@535a67b5
      ivBundleName = "com.ibm.ws.webcontainer.resources.ErrorPage"
      caller = class java.lang.Class@50ddc728
    sessionListeners = class java.util.ArrayList@77d423f4
      serialVersionUID = 8683452581122892189
      DEFAULT_CAPACITY = 10
      EMPTY_ELEMENTDATA = class java.lang.Object[0]
      elementData = class java.lang.Object[0]
      size = 0
      MAX_ARRAY_SIZE = 2147483639
      modCount = 1
      MAX_ARRAY_SIZE = 2147483639
    sessionIdListeners = class java.util.ArrayList@884a5a2
      serialVersionUID = 8683452581122892189
      DEFAULT_CAPACITY = 10
      EMPTY_ELEMENTDATA = class java.lang.Object[0]
      elementData = class java.lang.Object[0]
      size = 0
      MAX_ARRAY_SIZE = 2147483639
      modCount = 0
      MAX_ARRAY_SIZE = 2147483639
    sessionAttrListeners = class java.util.ArrayList@3c96330c
      serialVersionUID = 8683452581122892189
      DEFAULT_CAPACITY = 10
      EMPTY_ELEMENTDATA = class java.lang.Object[0]
      elementData = class java.lang.Object[0]
      size = 0
      MAX_ARRAY_SIZE = 2147483639
      modCount = 1
      MAX_ARRAY_SIZE = 2147483639
    addedSessionListeners = class java.util.ArrayList@28f177e7
      serialVersionUID = 8683452581122892189
      DEFAULT_CAPACITY = 10
      EMPTY_ELEMENTDATA = class java.lang.Object[0]
      elementData = class java.lang.Object[0]
      size = 0
      MAX_ARRAY_SIZE = 2147483639
      modCount = 0
      MAX_ARRAY_SIZE = 2147483639
    addedSessionAttrListeners = class java.util.ArrayList@4f6f3b1
      serialVersionUID = 8683452581122892189
      DEFAULT_CAPACITY = 10
      EMPTY_ELEMENTDATA = class java.lang.Object[0]
      elementData = class java.lang.Object[0]
      size = 0
      MAX_ARRAY_SIZE = 2147483639
      modCount = 0
      MAX_ARRAY_SIZE = 2147483639
    servletContextListeners = class java.util.ArrayList@70f8ec02
      serialVersionUID = 8683452581122892189
      DEFAULT_CAPACITY = 10
      EMPTY_ELEMENTDATA = class java.lang.Object[0]
      elementData = class java.lang.Object[10]
      size = 3
      MAX_ARRAY_SIZE = 2147483639
      modCount = 4
      MAX_ARRAY_SIZE = 2147483639
    servletContextLAttrListeners = class java.util.ArrayList@664eb13f
      serialVersionUID = 8683452581122892189
      DEFAULT_CAPACITY = 10
      EMPTY_ELEMENTDATA = class java.lang.Object[0]
      elementData = class java.lang.Object[0]
      size = 0
      MAX_ARRAY_SIZE = 2147483639
      modCount = 1
      MAX_ARRAY_SIZE = 2147483639
    servletRequestListeners = class java.util.ArrayList@3856d392
      serialVersionUID = 8683452581122892189
      DEFAULT_CAPACITY = 10
      EMPTY_ELEMENTDATA = class java.lang.Object[0]
      elementData = class java.lang.Object[0]
      size = 0
      MAX_ARRAY_SIZE = 2147483639
      modCount = 1
      MAX_ARRAY_SIZE = 2147483639
    servletRequestLAttrListeners = class java.util.ArrayList@4c5c3323
      serialVersionUID = 8683452581122892189
      DEFAULT_CAPACITY = 10
      EMPTY_ELEMENTDATA = class java.lang.Object[0]
      elementData = class java.lang.Object[0]
      size = 0
      MAX_ARRAY_SIZE = 2147483639
      modCount = 1
      MAX_ARRAY_SIZE = 2147483639
    prependSlashToResource = false
    destroyed = false
    webAppNameSpaceCollab = class com.ibm.ws.webcontainer.osgi.collaborator.WebAppNameSpaceCollaboratorImpl@1c283b39
    txCollab = class com.ibm.ws.transaction.services.WebAppTransactionCollaboratorImpl@154829a0
    sessionActivationListeners = class java.util.ArrayList@392165ff
      serialVersionUID = 8683452581122892189
      DEFAULT_CAPACITY = 10
      EMPTY_ELEMENTDATA = class java.lang.Object[0]
      elementData = class java.lang.Object[0]
      size = 0
      MAX_ARRAY_SIZE = 2147483639
      modCount = 1
      MAX_ARRAY_SIZE = 2147483639
    sessionBindingListeners = class java.util.ArrayList@3faf65a6
      serialVersionUID = 8683452581122892189
      DEFAULT_CAPACITY = 10
      EMPTY_ELEMENTDATA = class java.lang.Object[0]
      elementData = class java.lang.Object[0]
      size = 0
      MAX_ARRAY_SIZE = 2147483639
      modCount = 1
      MAX_ARRAY_SIZE = 2147483639
    scratchdir = null
    jspClassLoaderLimit = 0
    jspClassLoaderExclusionList = null
    jspClassLoadersMap = null
    jspClassLoaderLimitTrackIF = false
    defaultExtProc = null
    directoryBrowsingServlet = null
    cdiContexts = class java.util.concurrent.ConcurrentHashMap@143a95f4
      serialVersionUID = 7249069246763182397
      DEFAULT_INITIAL_CAPACITY = 16
      DEFAULT_LOAD_FACTOR = 0.75
      DEFAULT_CONCURRENCY_LEVEL = 16
      MAXIMUM_CAPACITY = 1073741824
      MIN_SEGMENT_TABLE_CAPACITY = 2
      MAX_SEGMENTS = 65536
      RETRIES_BEFORE_LOCK = 2
      hashSeed = 0
      segmentMask = 15
      segmentShift = 28
      segments = class java.util.concurrent.ConcurrentHashMap$Segment[16]
      keySet = null
      entrySet = null
      values = null
      UNSAFE = class sun.misc.Unsafe@6eef06b7
      SBASE = 16
      SSHIFT = 2
      TBASE = 16
      TSHIFT = 2
      HASHSEED_OFFSET = 20
      SEGSHIFT_OFFSET = 28
      SEGMASK_OFFSET = 24
      SEGMENTS_OFFSET = 32
      keySet = null
      values = null
    moduleConfig = class com.ibm.ws.webcontainer.osgi.container.DeployedModule@124ad08c
      tc = class com.ibm.websphere.ras.TraceComponent@18000877
      loader = class com.ibm.ws.classloading.internal.ThreadContextClassLoader@38c37f5a
      webApp = class com.ibm.ws.webcontainer.osgi.webapp.WebApp@6b817ef4
      webAppConfig = class com.ibm.ws.webcontainer.osgi.webapp.WebAppConfiguration@377918b5
      contextRootAdded = null
      properContextRoot = "/app"
      mappingContextRoot = "/app/*"
      serialVersionUID = -2104814060051592457
      $$$tc$$$ = class com.ibm.websphere.ras.TraceComponent@be3ca72
    extensionFactories = class java.util.ArrayList@6dc1a0b5
      serialVersionUID = 8683452581122892189
      DEFAULT_CAPACITY = 10
      EMPTY_ELEMENTDATA = class java.lang.Object[0]
      elementData = class java.lang.Object[10]
      size = 3
      MAX_ARRAY_SIZE = 2147483639
      modCount = 3
      MAX_ARRAY_SIZE = 2147483639
    initialized = false
    lock = class com.ibm.ws.webcontainer.webapp.WebApp$1@431e035e
      this$0 = class com.ibm.ws.webcontainer.osgi.webapp.WebApp@6b817ef4
    afterServletContextCreated = false
    redirectContextRoot = false
    errorExceptionTypeFirst = false
    initFilterBeforeServletInit = false
    sortedServletConfigs = class java.util.ArrayList@676f32be
      serialVersionUID = 8683452581122892189
      DEFAULT_CAPACITY = 10
      EMPTY_ELEMENTDATA = class java.lang.Object[0]
      elementData = class java.lang.Object[10]
      size = 1
      MAX_ARRAY_SIZE = 2147483639
      modCount = 1
      MAX_ARRAY_SIZE = 2147483639
    effectiveMajorVersion = 2
    effectiveMinorVersion = 5
    canAddServletContextListener = true
    withinContextInitOfProgAddListener = false
    webInfLibClassloader = null
    metaInfCache = class com.ibm.ws.webcontainer.webapp.WebApp$2@356c8cff
      this$0 = class com.ibm.ws.webcontainer.osgi.webapp.WebApp@6b817ef4
      serialVersionUID = 3801124242820219131
      header = class java.util.LinkedHashMap$Entry@61c91b4f
      accessOrder = true
      DEFAULT_INITIAL_CAPACITY = 16
      MAXIMUM_CAPACITY = 1073741824
      DEFAULT_LOAD_FACTOR = 0.75
      EMPTY_TABLE = class java.util.HashMap$Entry[0]
      table = class java.util.HashMap$Entry[0]
      size = 0
      threshold = 21
      loadFactor = 1.0
      modCount = 0
      ALTERNATIVE_HASHING_THRESHOLD_DEFAULT = 2147483647
      hashSeed = 0
      entrySet = null
      serialVersionUID = 362498820763181265
      keySet = null
      values = null
    useMetaInfCache = true
    SUN_CONFIGURE_LISTENER_CLASSNAME = "com.sun.faces.config.ConfigureListener"
    MYFACES_LIFECYCLE_LISTENER_CLASSNAME = "org.apache.myfaces.webapp.StartupServletContextListener"
    JSF_IMPL_ENABLED_PARAM = "com.ibm.ws.jsf.JSF_IMPL_ENABLED"
    JSF_IMPL_ENABLED_CUSTOM = "Custom"
    JSF_IMPL_ENABLED_NONE = "None"
    staticDocRoot = class com.ibm.ws.webcontainer.util.DocumentRootUtils@699cd4bf
      logger = class com.ibm.ws.logging.internal.WsLogger@19030c8
      CLASS_NAME = "com.ibm.ws.webcontainer.util.DocumentRootUtils"
      useContentLength = false
      matchedFile = null
      matchedZipFile = null
      matchedEntry = null
      matchedURL = null
      edrRoot = null
      pfedrRoot = null
      ctxt = class com.ibm.ws.webcontainer.osgi.webapp.WebApp@6b817ef4
      baseDir = null
      edr = null
      pfedr = null
      metaInfRes = null
      searchpfEDR = false
      searchEDR = false
      searchMetaInfRes = true
      matchFromEDR = false
      matchFromMetaInfRes = false
      matchIsADirectory = false
      appConfig = class com.ibm.ws.webcontainer.osgi.webapp.WebAppConfiguration@377918b5
      attributeType = "staticFile"
      STATIC_FILE = "staticFile"
      JSP = "jsp"
      PFEDR = "preFragmentExtendedDocumentRoot"
      EDR = "extendedDocumentRoot"
    jspDocRoot = class com.ibm.ws.webcontainer.util.DocumentRootUtils@37537dc4
      logger = class com.ibm.ws.logging.internal.WsLogger@19030c8
      CLASS_NAME = "com.ibm.ws.webcontainer.util.DocumentRootUtils"
      useContentLength = false
      matchedFile = null
      matchedZipFile = null
      matchedEntry = null
      matchedURL = null
      edrRoot = null
      pfedrRoot = null
      ctxt = class com.ibm.ws.webcontainer.osgi.webapp.WebApp@6b817ef4
      baseDir = null
      edr = null
      pfedr = null
      metaInfRes = null
      searchpfEDR = false
      searchEDR = false
      searchMetaInfRes = true
      matchFromEDR = false
      matchFromMetaInfRes = false
      matchIsADirectory = false
      appConfig = class com.ibm.ws.webcontainer.osgi.webapp.WebAppConfiguration@377918b5
      attributeType = "jsp"
      STATIC_FILE = "staticFile"
      JSP = "jsp"
      PFEDR = "preFragmentExtendedDocumentRoot"
      EDR = "extendedDocumentRoot"
    container = class com.ibm.ws.adaptable.module.internal.AdaptableContainerImpl@375ccd09
      root = class com.ibm.ws.adaptable.module.internal.AdaptableContainerImpl@375ccd09
      rootOverlay = class com.ibm.ws.artifact.overlay.internal.DirectoryBasedOverlayContainerImpl@6d9208f2
      factoryHolder = class com.ibm.ws.adaptable.module.internal.AdaptableModuleFactoryImpl@e898011
      delegate = class com.ibm.ws.artifact.overlay.internal.DirectoryBasedOverlayContainerImpl@6d9208f2
      notifier = class com.ibm.ws.adaptable.module.internal.NotifierImpl@6536e38b
      serialVersionUID = -5621513278641113667
      $$$tc$$$ = class com.ibm.websphere.ras.TraceComponent@4501bc44
    metaInfResourceFinder = class com.ibm.ws.webcontainer.util.MetaInfResourceFinder@4a65eb3c
      jarResourceContainers = class java.util.ArrayList@725827da
      container = class com.ibm.ws.adaptable.module.internal.AdaptableContainerImpl@375ccd09
    postConstructMethods = class com.ibm.ws.webcontainer.webapp.WebApp$AnnotatedMethods@6936d64c
      annotationClass = class java.lang.Class@39178c5c
      noOpClassNames = class java.util.HashSet@e18741e
      annotatedMethodNames = class java.util.HashMap@676f64cc
      EMPTY_METHODS = class java.lang.reflect.Method[0]
    preDestroyMethods = class com.ibm.ws.webcontainer.webapp.WebApp$AnnotatedMethods@f2f4d8b
      annotationClass = class java.lang.Class@3295cb9c
      noOpClassNames = class java.util.HashSet@26adee04
      annotatedMethodNames = class java.util.HashMap@64e55c72
      EMPTY_METHODS = class java.lang.reflect.Method[0]
    OBJ_EMPTY = class java.lang.Object[0]
    CLASS_EMPTY = class java.lang.Class[0]
    DEFAULT_JSP_EXTENSIONS = class java.util.ArrayList@6a8be876
      serialVersionUID = 8683452581122892189
      DEFAULT_CAPACITY = 10
      EMPTY_ELEMENTDATA = class java.lang.Object[0]
      elementData = class java.lang.Object[10]
      size = 4
      MAX_ARRAY_SIZE = 2147483639
      modCount = 4
      MAX_ARRAY_SIZE = 2147483639
    DO_ACCEPT_PARTIAL = true
    DO_NOT_ACCEPT_PARTIAL = false
    DO_ACCEPT_EXCLUDED = true
    DO_NOT_ACCEPT_EXCLUDED = false
    commands = class java.util.ArrayList@74ad1a0
      serialVersionUID = 8683452581122892189
      DEFAULT_CAPACITY = 10
      EMPTY_ELEMENTDATA = class java.lang.Object[0]
      elementData = class java.lang.Object[3]
      size = 0
      MAX_ARRAY_SIZE = 2147483639
      modCount = 0
      MAX_ARRAY_SIZE = 2147483639
    requestMapper = class com.ibm.wsspi.webcontainer.util.URIMapper@4108631d
      matcher = class com.ibm.wsspi.webcontainer.util.URIMatcher@5534f2ea
    parent = class com.ibm.ws.webcontainer.osgi.webapp.WebGroup@da32646
      tc = class com.ibm.websphere.ras.TraceComponent@76859984
      logger = class com.ibm.ws.logging.internal.WsLogger@16012b37
      CLASS_NAME = "com.ibm.ws.webcontainer.webapp.WebGroup"
      sessUrlRewritePrefix = ";jsessionid="
      qMark = "?"
      config = class com.ibm.ws.webcontainer.osgi.webapp.WebGroupConfiguration@70d21b93
      webApp = class com.ibm.ws.webcontainer.osgi.webapp.WebApp@6b817ef4
      commands = class java.util.ArrayList@721089c2
      requestMapper = null
      parent = class com.ibm.ws.webcontainer.osgi.DynamicVirtualHost@3c0f8ceb
      name = "/app/*"
      isAlive = true
      subElements = class java.util.HashMap@1bc45a0f
      attributes = null
      config = null
      serialVersionUID = -8271459000149267764
      $$$tc$$$ = class com.ibm.websphere.ras.TraceComponent@417e741f
    name = "app"
    isAlive = true
    subElements = null
    attributes = class java.util.Collections$SynchronizedMap@5225c4a8
      serialVersionUID = 1978198479659022715
      m = class java.util.HashMap@551c51f7
      mutex = class java.util.Collections$SynchronizedMap@5225c4a8
      keySet = null
      entrySet = null
      values = null
    config = null
    serialVersionUID = -8271459000149267764
    $$$tc$$$ = class com.ibm.websphere.ras.TraceComponent@417e741f
      strings[0] = "TraceComponent[com.ibm.ws.container.AbstractContainer,class com.ibm.ws.container.AbstractContainer,[],null,null]"
  target = class com.ibm.cloudoe.samples.DemoServlet@418132db
    logger = class com.ibm.ws.logging.internal.WsLogger@17ad212d
      tc = class com.ibm.websphere.ras.TraceComponent@473d7678
      ivCachedResourceBundleName = null
      ivCachedResourceBundle = null
      ivComponent = null
      ivOrganization = null
      ivProduct = null
      ivMinimumLocalizationLevelIntValue = 625
      ivGroupName = null
      ivTC = class com.ibm.websphere.ras.TraceComponent@25031332
      loggerRegistrationComponent = class java.lang.ThreadLocal@1be2f40e
      emptyHandlers = class java.util.logging.Handler[0]
      offValue = 2147483647
      manager = class com.ibm.ws.kernel.boot.logging.WsLogManager@5104d16f
      name = "com.ibm.cloudoe.samples.DemoServlet"
      handlers = class java.util.concurrent.CopyOnWriteArrayList@6ead0072
      resourceBundleName = null
      useParentHandlers = true
      filter = null
      anonymous = false
      catalog = null
      catalogName = null
      catalogLocale = null
      treeLock = class java.lang.Object@5391baa0
      parent = class java.util.logging.Logger@9e71c50
      kids = null
      levelObject = class java.util.logging.Level@3d370613
      levelValue = 800
      callersClassLoaderRef = null
      GLOBAL_LOGGER_NAME = "global"
      global = class java.util.logging.Logger@54d2677e
      SYSTEM_LOGGER_RB_NAME = "sun.util.logging.resources.logging"
    service = class com.ibm.cloudoe.samples.WatsonAnswers@675d1d7f
      serialVersionUID = 1
      logger = class com.ibm.ws.logging.internal.WsLogger@66393052
      serviceName = "question_and_answer"
      baseURL = "https://gateway.watsonplatform.net/question-and-answer-beta/api"
      username = "404f79a7-a750-457c-847c-7a4035389312"
      password = "TZPDo1tQiwNR"
    METHOD_DELETE = "DELETE"
    METHOD_HEAD = "HEAD"
    METHOD_GET = "GET"
    METHOD_OPTIONS = "OPTIONS"
    METHOD_POST = "POST"
    METHOD_PUT = "PUT"
    METHOD_TRACE = "TRACE"
    HEADER_IFMODSINCE = "If-Modified-Since"
    HEADER_LASTMOD = "Last-Modified"
    LSTRING_FILE = "javax.servlet.http.LocalStrings"
    lStrings = class java.util.PropertyResourceBundle@123bb1dd
      lookup = class java.util.HashMap@3a9f5971
      INITIAL_CACHE_SIZE = 32
      NONEXISTENT_BUNDLE = class java.util.ResourceBundle$1@33a927c8
      cacheList = class java.util.concurrent.ConcurrentHashMap@2672d5f7
      referenceQueue = class java.lang.ref.ReferenceQueue@3d3d5ed9
      parent = null
      locale = class java.util.Locale@81e17f8
      name = "javax.servlet.http.LocalStrings"
      expired = false
      cacheKey = class java.util.ResourceBundle$CacheKey@6fb79ef1
      keySet = null
      $assertionsDisabled = true
    config = class com.ibm.ws.webcontainer.servlet.ServletConfig@6f070eb7
  cacheWrappers = null
  targetLoader = class com.ibm.ws.classloading.internal.ThreadContextClassLoader@38c37f5a
    tc = class com.ibm.websphere.ras.TraceComponent@72e0e90a
      strings[0] = "TraceComponent[com.ibm.ws.classloading.internal.ThreadContextClassLoader,class com.ibm.ws.classloading.internal.ThreadContextClassLoader,[ClassLoadingService],com.ibm.ws.classloading.internal.resources.ClassLoadingServiceMessages,null]"
    bundle = class java.util.concurrent.atomic.AtomicReference@4188acb3
      serialVersionUID = -1848883965231344442
      unsafe = class sun.misc.Unsafe@6eef06b7
      valueOffset = 12
      value = class org.eclipse.osgi.internal.framework.EquinoxBundle@6a8c5152
    key = "WebModule:watson-backend#app.war"
    refCount = class java.util.concurrent.atomic.AtomicInteger@74023d61
      serialVersionUID = 6214790243416807050
      unsafe = class sun.misc.Unsafe@6eef06b7
      valueOffset = 12
      value = 1
      serialVersionUID = -8742448824652078965
    serialVersionUID = 2718662781678069765
    followOnClassLoaders = class java.util.ArrayList@3f0be6c7
      serialVersionUID = 8683452581122892189
      DEFAULT_CAPACITY = 10
      EMPTY_ELEMENTDATA = class java.lang.Object[0]
      elementData = class java.lang.Object[10]
      size = 1
      MAX_ARRAY_SIZE = 2147483639
      modCount = 1
      MAX_ARRAY_SIZE = 2147483639
    serialVersionUID = 5933218255537285806
    $$$tc$$$ = class com.ibm.websphere.ras.TraceComponent@485b8e62
      strings[0] = "TraceComponent[com.ibm.ws.classloading.internal.UnifiedClassLoader,class com.ibm.ws.classloading.internal.UnifiedClassLoader,[ClassLoadingService],com.ibm.ws.classloading.internal.resources.ClassLoadingServiceMessages,null]"
    serialVersionUID = 161679851398543548
    $$$tc$$$ = class com.ibm.websphere.ras.TraceComponent@7912d48a
      strings[0] = "TraceComponent[com.ibm.ws.classloading.internal.LibertyLoader,class com.ibm.ws.classloading.internal.LibertyLoader,[ClassLoadingService],com.ibm.ws.classloading.internal.resources.ClassLoadingServiceMessages,null]"
    serialVersionUID = 2596921220292114344
    $$$tc$$$ = class com.ibm.websphere.ras.TraceComponent@45d45cb6
      strings[0] = "TraceComponent[com.ibm.ws.classloading.LibertyClassLoader,class com.ibm.ws.classloading.LibertyClassLoader,[ClassLoadingService],com.ibm.ws.classloading.internal.resources.ClassLoadingServiceMessages,null]"
    initialized = true
    pdcache = class java.util.HashMap@265c3327
      DEFAULT_INITIAL_CAPACITY = 16
      MAXIMUM_CAPACITY = 1073741824
      DEFAULT_LOAD_FACTOR = 0.75
      EMPTY_TABLE = class java.util.HashMap$Entry[0]
      table = class java.util.HashMap$Entry[0]
      size = 0
      threshold = 11
      loadFactor = 0.75
      modCount = 0
      ALTERNATIVE_HASHING_THRESHOLD_DEFAULT = 2147483647
      hashSeed = 0
      entrySet = null
      serialVersionUID = 362498820763181265
      keySet = null
      values = null
    debug = null
    parent = class com.ibm.ws.classloading.internal.GatewayClassLoader@49b427fd
      config = class com.ibm.ws.classloading.internal.GatewayConfigurationImpl@79a093db
      wiringMonitor = class com.ibm.ws.classloading.internal.GatewayClassLoader$1@1d4b4d3f
      bundle = class org.eclipse.osgi.internal.framework.EquinoxBundle@6a8c5152
      wiring = class org.eclipse.osgi.container.ModuleWiring@3abc721f
      bundleLoader = class org.eclipse.osgi.internal.loader.EquinoxClassLoader@79c7e993
      resourceProviders = class com.ibm.ws.classloading.internal.CompositeResourceProvider@29e86f59
      serialVersionUID = -4256474098847905153
      $$$tc$$$ = class com.ibm.websphere.ras.TraceComponent@22c81e1d
      parent = class sun.misc.Launcher$AppClassLoader@3165d118
      parallelLockMap = null
      package2certs = class java.util.Hashtable@5ae6518d
      nocerts = class java.security.cert.Certificate[0]
      classes = class java.util.Vector@46f42e9a
      defaultDomain = class java.security.ProtectionDomain@491fa4da
      domains = class java.util.HashSet@3c8009b7
      packages = class java.util.HashMap@79fdec68
      scl = class sun.misc.Launcher$AppClassLoader@3165d118
      sclSet = true
      loadedLibraryNames = class java.util.Vector@7ae7658b
      systemNativeLibraries = class java.util.Vector@6dbbc7b6
      nativeLibraries = class java.util.Vector@dabde6a
      nativeLibraryContext = class java.util.Stack@39995fc6
      usr_paths = class java.lang.String[6]
      sys_paths = class java.lang.String[1]
      assertionLock = class com.ibm.ws.classloading.internal.GatewayClassLoader@49b427fd
      defaultAssertionStatus = false
      packageAssertionStatus = null
      classAssertionStatus = null
    parallelLockMap = null
    package2certs = class java.util.Hashtable@6f22591d
      table = class java.util.Hashtable$Entry[11]
      count = 0
      threshold = 8
      loadFactor = 0.75
      modCount = 0
      serialVersionUID = 1421746759512286392
      ALTERNATIVE_HASHING_THRESHOLD_DEFAULT = 2147483647
      hashSeed = 0
      MAX_ARRAY_SIZE = 2147483639
      keySet = null
      entrySet = null
      values = null
      KEYS = 0
      VALUES = 1
      ENTRIES = 2
    nocerts = class java.security.cert.Certificate[0]
    classes = class java.util.Vector@3808b7eb
      elementData = class java.lang.Object[10]
      elementCount = 0
      capacityIncrement = 0
      serialVersionUID = -2767605614048989439
      MAX_ARRAY_SIZE = 2147483639
      modCount = 0
      MAX_ARRAY_SIZE = 2147483639
    defaultDomain = class java.security.ProtectionDomain@4462c20a
      codesource = class java.security.CodeSource@6420acdf
      classloader = class com.ibm.ws.classloading.internal.ThreadContextClassLoader@38c37f5a
      principals = interface java.security.Principal[0]
      permissions = null
      hasAllPerm = false
      staticPermissions = false
      key = class java.security.ProtectionDomain$Key@1d3597d4
      debug = null
    domains = class java.util.HashSet@2fb14199
      serialVersionUID = -5024744406713321676
      map = class java.util.HashMap@2bbbf6ac
      PRESENT = class java.lang.Object@413faca2
      MAX_ARRAY_SIZE = 2147483639
    packages = class java.util.HashMap@1e49bc45
      DEFAULT_INITIAL_CAPACITY = 16
      MAXIMUM_CAPACITY = 1073741824
      DEFAULT_LOAD_FACTOR = 0.75
      EMPTY_TABLE = class java.util.HashMap$Entry[0]
      table = class java.util.HashMap$Entry[0]
      size = 0
      threshold = 16
      loadFactor = 0.75
      modCount = 0
      ALTERNATIVE_HASHING_THRESHOLD_DEFAULT = 2147483647
      hashSeed = 0
      entrySet = null
      serialVersionUID = 362498820763181265
      keySet = null
      values = null
    scl = class sun.misc.Launcher$AppClassLoader@3165d118
      $assertionsDisabled = true
      ucp = class sun.misc.URLClassPath@77f49d06
      acc = class java.security.AccessControlContext@5c713270
      closeables = class java.util.WeakHashMap@ba6867a
      initialized = true
      pdcache = class java.util.HashMap@61c6b98f
      debug = null
      parent = class sun.misc.Launcher$ExtClassLoader@138297fe
      parallelLockMap = class java.util.concurrent.ConcurrentHashMap@3dc08d6f
      package2certs = class java.util.concurrent.ConcurrentHashMap@2c859215
      nocerts = class java.security.cert.Certificate[0]
      classes = class java.util.Vector@7539b788
      defaultDomain = class java.security.ProtectionDomain@20407dd8
      domains = class java.util.Collections$SynchronizedSet@6a060072
      packages = class java.util.HashMap@300772bf
      scl = class sun.misc.Launcher$AppClassLoader@3165d118
      sclSet = true
      loadedLibraryNames = class java.util.Vector@7ae7658b
      systemNativeLibraries = class java.util.Vector@6dbbc7b6
      nativeLibraries = class java.util.Vector@38fe723b
      nativeLibraryContext = class java.util.Stack@39995fc6
      usr_paths = class java.lang.String[6]
      sys_paths = class java.lang.String[1]
      assertionLock = class java.lang.Object@48fd9cb8
      defaultAssertionStatus = false
      packageAssertionStatus = null
      classAssertionStatus = null
    sclSet = true
    loadedLibraryNames = class java.util.Vector@7ae7658b
      elementData = class java.lang.Object[10]
      elementCount = 6
      capacityIncrement = 0
      serialVersionUID = -2767605614048989439
      MAX_ARRAY_SIZE = 2147483639
      modCount = 6
      MAX_ARRAY_SIZE = 2147483639
    systemNativeLibraries = class java.util.Vector@6dbbc7b6
      elementData = class java.lang.Object[10]
      elementCount = 5
      capacityIncrement = 0
      serialVersionUID = -2767605614048989439
      MAX_ARRAY_SIZE = 2147483639
      modCount = 5
      MAX_ARRAY_SIZE = 2147483639
    nativeLibraries = class java.util.Vector@4334b602
      elementData = class java.lang.Object[10]
      elementCount = 0
      capacityIncrement = 0
      serialVersionUID = -2767605614048989439
      MAX_ARRAY_SIZE = 2147483639
      modCount = 0
      MAX_ARRAY_SIZE = 2147483639
    nativeLibraryContext = class java.util.Stack@39995fc6
      serialVersionUID = 1224463164541339165
      elementData = class java.lang.Object[10]
      elementCount = 0
      capacityIncrement = 0
      serialVersionUID = -2767605614048989439
      MAX_ARRAY_SIZE = 2147483639
      modCount = 12
      MAX_ARRAY_SIZE = 2147483639
    usr_paths = class java.lang.String[6]
      usr_paths[0] = "/Users/percival/Library/Java/Extensions"
      usr_paths[1] = "/Library/Java/Extensions"
      usr_paths[2] = "/Network/Library/Java/Extensions"
      usr_paths[3] = "/System/Library/Java/Extensions"
      usr_paths[4] = "/usr/lib/java"
      usr_paths[5] = "."
    sys_paths = class java.lang.String[1]
      sys_paths[0] = "/Library/Java/JavaVirtualMachines/jdk1.7.0_45.jdk/Contents/Home/jre/lib"
    assertionLock = class com.ibm.ws.classloading.internal.ThreadContextClassLoader@38c37f5a
    defaultAssertionStatus = false
    packageAssertionStatus = null
    classAssertionStatus = null
  evtSource = class com.ibm.ws.webcontainer.webapp.WebAppEventSource@38574953
    _invocationListeners = class com.ibm.ws.webcontainer.util.EventListeners@158cf9ff
      EMPTY_LISTENERS = interface java.util.EventListener[0]
      logger = class com.ibm.ws.logging.internal.WsLogger@19030c8
      CLASS_NAME = "com.ibm.ws.webcontainer.util.EventListeners"
      listeners = interface java.util.EventListener[0]
    _servletListeners = class com.ibm.ws.webcontainer.util.EventListeners@5a70df66
      EMPTY_LISTENERS = interface java.util.EventListener[0]
      logger = class com.ibm.ws.logging.internal.WsLogger@19030c8
      CLASS_NAME = "com.ibm.ws.webcontainer.util.EventListeners"
      listeners = interface java.util.EventListener[0]
    _errorListeners = class com.ibm.ws.webcontainer.util.EventListeners@285acfed
      EMPTY_LISTENERS = interface java.util.EventListener[0]
      logger = class com.ibm.ws.logging.internal.WsLogger@19030c8
      CLASS_NAME = "com.ibm.ws.webcontainer.util.EventListeners"
      listeners = interface java.util.EventListener[0]
    _applicationListeners = class com.ibm.ws.webcontainer.util.EventListeners@6208e54d
      EMPTY_LISTENERS = interface java.util.EventListener[0]
      logger = class com.ibm.ws.logging.internal.WsLogger@19030c8
      CLASS_NAME = "com.ibm.ws.webcontainer.util.EventListeners"
      listeners = interface java.util.EventListener[0]
    _filterInvocationListeners = class com.ibm.ws.webcontainer.util.EventListeners@36065483
      EMPTY_LISTENERS = interface java.util.EventListener[0]
      logger = class com.ibm.ws.logging.internal.WsLogger@19030c8
      CLASS_NAME = "com.ibm.ws.webcontainer.util.EventListeners"
      listeners = interface java.util.EventListener[0]
    _filterListeners = class com.ibm.ws.webcontainer.util.EventListeners@5996802a
      EMPTY_LISTENERS = interface java.util.EventListener[0]
      logger = class com.ibm.ws.logging.internal.WsLogger@19030c8
      CLASS_NAME = "com.ibm.ws.webcontainer.util.EventListeners"
      listeners = interface java.util.EventListener[0]
    _filterErrorListeners = class com.ibm.ws.webcontainer.util.EventListeners@27b87359
      EMPTY_LISTENERS = interface java.util.EventListener[0]
      logger = class com.ibm.ws.logging.internal.WsLogger@19030c8
      CLASS_NAME = "com.ibm.ws.webcontainer.util.EventListeners"
      listeners = interface java.util.EventListener[0]
  event = class com.ibm.websphere.servlet.event.ServletEvent@6a8f050a
    serialVersionUID = 3906650803920713522
    _servletName = "Application Servlet"
    _servletClassName = "com.ibm.cloudoe.samples.DemoServlet"
    $$$tc$$$ = class com.ibm.websphere.ras.TraceComponent@61e940fe
      strings[0] = "TraceComponent[com.ibm.websphere.servlet.event.ServletEvent,class com.ibm.websphere.servlet.event.ServletEvent,[],null,null]"
    serialVersionUID = 3546927969739289392
    _context = class com.ibm.wsspi.webcontainer.facade.ServletContextFacade@27333f7c
    _servletNames = class com.ibm.ws.webcontainer.util.EmptyEnumeration@510ff63c
      serialVersionUID = 3546642126931963953
      _instance = class com.ibm.ws.webcontainer.util.EmptyEnumeration@510ff63c
    $$$tc$$$ = class com.ibm.websphere.ras.TraceComponent@5687fc74
      strings[0] = "TraceComponent[com.ibm.websphere.servlet.event.ApplicationEvent,class com.ibm.websphere.servlet.event.ApplicationEvent,[],null,null]"
    serialVersionUID = 5516075349620653480
    source = class com.ibm.ws.webcontainer.osgi.servlet.ServletWrapper@668d67f8
  unavailableMessage = null
  unavailableUntil = -1
  isSTM = false
  internalServlet = false
  webAppInvocationCollaborators = null
  platformHelper = class com.ibm.ws.webcontainer.PlatformHelper@53940a2d
  webAppNameSpaceCollab = class com.ibm.ws.webcontainer.osgi.collaborator.WebAppNameSpaceCollaboratorImpl@1c283b39
    cmdai = class com.ibm.ws.threadContext.ComponentMetaDataAccessorImpl@416ae5b9
      tc = class com.ibm.websphere.ras.TraceComponent@67ddcd34
      cmdai = class com.ibm.ws.threadContext.ComponentMetaDataAccessorImpl@416ae5b9
      threadContext = class com.ibm.ws.threadContext.ThreadContextImpl@23c1978
  txCollab = class com.ibm.ws.transaction.services.WebAppTransactionCollaboratorImpl@154829a0
    tc = class com.ibm.websphere.ras.TraceComponent@4dc53e14
      strings[0] = "TraceComponent[com.ibm.ws.transaction.services.WebAppTransactionCollaboratorImpl,class com.ibm.ws.transaction.services.WebAppTransactionCollaboratorImpl,[transaction],com.ibm.ws.transaction.services.TransactionMessages,null]"
    ltCurrentRef = class com.ibm.wsspi.kernel.service.utils.AtomicServiceReference@b7be84c
      referenceName = "ltCurrent"
      tuple = class java.util.concurrent.atomic.AtomicReference@2cd72683
      serialVersionUID = -5840472578638799324
      $$$tc$$$ = class com.ibm.websphere.ras.TraceComponent@2bb47065
    tranMgrRef = class com.ibm.wsspi.kernel.service.utils.AtomicServiceReference@73cfdb77
      referenceName = "tranMgr"
      tuple = class java.util.concurrent.atomic.AtomicReference@7694ee96
      serialVersionUID = -5840472578638799324
      $$$tc$$$ = class com.ibm.websphere.ras.TraceComponent@2bb47065
    userTranRef = class com.ibm.wsspi.kernel.service.utils.AtomicServiceReference@53519d07
      referenceName = "userTran"
      tuple = class java.util.concurrent.atomic.AtomicReference@7c867ec2
      serialVersionUID = -5840472578638799324
      $$$tc$$$ = class com.ibm.websphere.ras.TraceComponent@2bb47065
    uowCallbackRef = class com.ibm.wsspi.kernel.service.utils.AtomicServiceReference@131c614d
      referenceName = "uowCallback"
      tuple = class java.util.concurrent.atomic.AtomicReference@544ec6d3
      serialVersionUID = -5840472578638799324
      $$$tc$$$ = class com.ibm.websphere.ras.TraceComponent@2bb47065
    serialVersionUID = -8319003162899973281
  connCollab = class com.ibm.ws.webcontainer.collaborator.ConnectionCollaborator@34a4d24a
  suppressServletExceptionLogging = false
  throwExceptionEnum = class java.util.RegularEnumSet@30ea1346
    serialVersionUID = 3411599620347842686
    elements = 256
    elementType = class java.lang.Class@7c998d5a
      ANNOTATION = 8192
      ENUM = 16384
      SYNTHETIC = 4096
      cachedConstructor = null
      newInstanceCallerCache = null
      name = "com.ibm.wsspi.webcontainer.collaborator.CollaboratorInvocationEnum"
      allPermDomain = class java.security.ProtectionDomain@14aa9552
      useCaches = true
      declaredFields = null
      publicFields = null
      declaredMethods = null
      publicMethods = null
      declaredConstructors = null
      publicConstructors = null
      declaredPublicFields = null
      declaredPublicMethods = class java.lang.ref.SoftReference@3e3b57f3
      classRedefinedCount = 0
      lastRedefinedCount = 0
      genericInfo = null
      serialVersionUID = 3206093459760846163
      serialPersistentFields = class java.io.ObjectStreamField[0]
      reflectionFactory = class sun.reflect.ReflectionFactory@782da4e6
      initted = true
      enumConstants = class com.ibm.wsspi.webcontainer.collaborator.CollaboratorInvocationEnum[9]
      enumConstantDirectory = null
      annotations = null
      declaredAnnotations = null
      annotationType = null
      classValueMap = null
    universe = class com.ibm.wsspi.webcontainer.collaborator.CollaboratorInvocationEnum[9]
      universe[0] = class com.ibm.wsspi.webcontainer.collaborator.CollaboratorInvocationEnum@57294f12
      universe[1] = class com.ibm.wsspi.webcontainer.collaborator.CollaboratorInvocationEnum@59065372
      universe[2] = class com.ibm.wsspi.webcontainer.collaborator.CollaboratorInvocationEnum@2e508f07
      universe[3] = class com.ibm.wsspi.webcontainer.collaborator.CollaboratorInvocationEnum@2ade2c52
      universe[4] = class com.ibm.wsspi.webcontainer.collaborator.CollaboratorInvocationEnum@602fd17a
      universe[5] = class com.ibm.wsspi.webcontainer.collaborator.CollaboratorInvocationEnum@6361d1eb
      universe[6] = class com.ibm.wsspi.webcontainer.collaborator.CollaboratorInvocationEnum@2b1cce46
      universe[7] = class com.ibm.wsspi.webcontainer.collaborator.CollaboratorInvocationEnum@702a6bc6
      universe[8] = class com.ibm.wsspi.webcontainer.collaborator.CollaboratorInvocationEnum@7109cdb1
    ZERO_LENGTH_ENUM_ARRAY = class java.lang.Enum[0]
    MAX_ARRAY_SIZE = 2147483639
  discernUnavailableServlet = false
  reInitServletonInitUnavailableException = true
  destroyServletonServiceUnavailableException = false
  servlet23 = true
  PARAMS_HEAD_TRACE = class java.lang.Class[2]
    PARAMS_HEAD_TRACE[0] = class java.lang.Class@b186271
      ANNOTATION = 8192
      ENUM = 16384
      SYNTHETIC = 4096
      cachedConstructor = null
      newInstanceCallerCache = null
      name = "javax.servlet.http.HttpServletRequest"
      allPermDomain = class java.security.ProtectionDomain@14aa9552
      useCaches = true
      declaredFields = null
      publicFields = null
      declaredMethods = null
      publicMethods = null
      declaredConstructors = null
      publicConstructors = null
      declaredPublicFields = null
      declaredPublicMethods = null
      classRedefinedCount = 0
      lastRedefinedCount = 0
      genericInfo = null
      serialVersionUID = 3206093459760846163
      serialPersistentFields = class java.io.ObjectStreamField[0]
      reflectionFactory = class sun.reflect.ReflectionFactory@782da4e6
      initted = true
      enumConstants = null
      enumConstantDirectory = null
      annotations = null
      declaredAnnotations = null
      annotationType = null
      classValueMap = null
    PARAMS_HEAD_TRACE[1] = class java.lang.Class@39048c5d
      ANNOTATION = 8192
      ENUM = 16384
      SYNTHETIC = 4096
      cachedConstructor = null
      newInstanceCallerCache = null
      name = "javax.servlet.http.HttpServletResponse"
      allPermDomain = class java.security.ProtectionDomain@14aa9552
      useCaches = true
      declaredFields = null
      publicFields = null
      declaredMethods = null
      publicMethods = null
      declaredConstructors = null
      publicConstructors = null
      declaredPublicFields = null
      declaredPublicMethods = null
      classRedefinedCount = 0
      lastRedefinedCount = 0
      genericInfo = null
      serialVersionUID = 3206093459760846163
      serialPersistentFields = class java.io.ObjectStreamField[0]
      reflectionFactory = class sun.reflect.ReflectionFactory@782da4e6
      initted = true
      enumConstants = null
      enumConstantDirectory = null
      annotations = null
      declaredAnnotations = null
      annotationType = null
      classValueMap = null
  defaultHeadMethodInUse = false
  defaultTraceMethodInUse = false
  checkedForDefaultMethods = null
  defaultTraceRequestBehavior = false
  defaultHeadRequestBehavior = false
  useOriginalRequestState = false
  warningStatusSet = false
  config = null

