********************************************************************************
product = WebSphere Application Server 8.5.5.4 (wlp-1.0.7.cl50420141121-1414)
wlp.install.dir = /Applications/Eclipse.app/Contents/Eclipse/plugins/com.worklight.worklight-artifacts_7.0.0.00-20150610-1353/liberty/wlp/
server.config.dir = /Users/percival/Documents/workspace/MobileFirstServerConfig/servers/worklight/
java.home = /Library/Java/JavaVirtualMachines/jdk1.7.0_45.jdk/Contents/Home/jre
java.version = 1.7.0_45
java.runtime = Java(TM) SE Runtime Environment (1.7.0_45-b18)
os = Mac OS X (10.9.5; x86_64) (en_US)
process = 1534@R2D2.local
********************************************************************************
[7/4/15 22:30:33:785 BRT] 00000001 com.ibm.ws.kernel.launch.internal.FrameworkManager           A CWWKE0001I: The server worklight has been launched.
[7/4/15 22:30:36:779 BRT] 00000001 com.ibm.ws.kernel.launch.internal.FrameworkManager           I CWWKE0002I: The kernel started after 3.386 seconds
[7/4/15 22:30:36:867 BRT] 00000018 com.ibm.ws.kernel.feature.internal.FeatureManager            I CWWKF0007I: Feature update started.
[7/4/15 22:30:38:475 BRT] 00000011 com.ibm.ws.security.internal.SecurityReadyServiceImpl        I CWWKS0007I: The security service is starting...
[7/4/15 22:30:39:679 BRT] 00000011 com.ibm.ws.app.manager.internal.monitor.DropinMonitor        A CWWKZ0058I: Monitoring dropins for applications. 
[7/4/15 22:30:40:035 BRT] 00000021 com.ibm.ws.tcpchannel.internal.TCPChannel                    I CWWKO0219I: TCP Channel defaultHttpEndpoint has been started and is now listening for requests on host *  (IPv6) port 10080.
[7/4/15 22:30:40:060 BRT] 00000021 com.ibm.ws.tcpchannel.internal.TCPChannel                    I CWWKO0219I: TCP Channel defaultHttpEndpoint-ssl has been started and is now listening for requests on host *  (IPv6) port 10443.
[7/4/15 22:30:40:694 BRT] 00000011 com.ibm.ws.cache.ServerCache                                 I DYNA1001I: WebSphere Dynamic Cache instance named baseCache initialized successfully.
[7/4/15 22:30:40:698 BRT] 00000011 com.ibm.ws.cache.ServerCache                                 I DYNA1071I: The cache provider default is being used.
[7/4/15 22:30:40:700 BRT] 00000011 com.ibm.ws.cache.CacheServiceImpl                            I DYNA1056I: Dynamic Cache (object cache) initialized successfully.
[7/4/15 22:30:40:755 BRT] 00000027 com.ibm.ws.security.internal.SecurityReadyServiceImpl        I CWWKS0008I: The security service is ready.
[7/4/15 22:30:40:761 BRT] 00000027 com.ibm.ws.security.token.ltpa.internal.LTPAKeyCreator       I CWWKS4105I: LTPA configuration is ready after 0.276 seconds.
[7/4/15 22:30:41:551 BRT] 0000002f com.ibm.ws.app.manager.AppMessageHelper                      I CWWKZ0018I: Starting application WorklightServices.
[7/4/15 22:30:41:552 BRT] 0000002b com.ibm.ws.app.manager.AppMessageHelper                      I CWWKZ0018I: Starting application Cognitive.
[7/4/15 22:30:41:553 BRT] 0000002d com.ibm.ws.app.manager.AppMessageHelper                      I CWWKZ0018I: Starting application _MobileBrowserSimulator.
[7/4/15 22:30:41:555 BRT] 0000002e com.ibm.ws.app.manager.AppMessageHelper                      I CWWKZ0018I: Starting application AnalyticsServices.
[7/4/15 22:30:41:557 BRT] 00000030 com.ibm.ws.app.manager.AppMessageHelper                      I CWWKZ0018I: Starting application watson-qa2.
[7/4/15 22:30:41:559 BRT] 0000002c com.ibm.ws.app.manager.AppMessageHelper                      I CWWKZ0018I: Starting application WorklightConsole.
[7/4/15 22:30:41:559 BRT] 0000002a com.ibm.ws.app.manager.AppMessageHelper                      I CWWKZ0018I: Starting application AnalyticsUI.
[7/4/15 22:30:41:794 BRT] 0000002e m.ibm.ws.container.service.app.deploy.ManifestClassPathUtils W SRVE9967W: The manifest class path xml-apis.jar can not be found in jar file wsjar:file:/Users/percival/Documents/workspace/MobileFirstServerConfig/servers/worklight/apps/analytics-service.war!/WEB-INF/lib/serializer-2.7.2.jar or its parent.
[7/4/15 22:30:41:851 BRT] 0000002e m.ibm.ws.container.service.app.deploy.ManifestClassPathUtils W SRVE9967W: The manifest class path xercesImpl.jar can not be found in jar file wsjar:file:/Users/percival/Documents/workspace/MobileFirstServerConfig/servers/worklight/apps/analytics-service.war!/WEB-INF/lib/xalan-2.7.2.jar or its parent.
[7/4/15 22:30:41:852 BRT] 0000002e m.ibm.ws.container.service.app.deploy.ManifestClassPathUtils W SRVE9967W: The manifest class path xml-apis.jar can not be found in jar file wsjar:file:/Users/percival/Documents/workspace/MobileFirstServerConfig/servers/worklight/apps/analytics-service.war!/WEB-INF/lib/xalan-2.7.2.jar or its parent.
[7/4/15 22:30:41:852 BRT] 0000002e m.ibm.ws.container.service.app.deploy.ManifestClassPathUtils W SRVE9967W: The manifest class path serializer.jar can not be found in jar file wsjar:file:/Users/percival/Documents/workspace/MobileFirstServerConfig/servers/worklight/apps/analytics-service.war!/WEB-INF/lib/xalan-2.7.2.jar or its parent.
[7/4/15 22:30:42:244 BRT] 0000002c m.ibm.ws.container.service.app.deploy.ManifestClassPathUtils W SRVE9967W: The manifest class path jaxb-api.jar can not be found in jar file wsjar:file:/Users/percival/Documents/workspace/MobileFirstServerConfig/servers/worklight/apps/worklight-management-ui.war!/WEB-INF/lib/jaxb-impl-2.1.12.osgi.jar or its parent.
[7/4/15 22:30:42:245 BRT] 0000002c m.ibm.ws.container.service.app.deploy.ManifestClassPathUtils W SRVE9967W: The manifest class path activation.jar can not be found in jar file wsjar:file:/Users/percival/Documents/workspace/MobileFirstServerConfig/servers/worklight/apps/worklight-management-ui.war!/WEB-INF/lib/jaxb-impl-2.1.12.osgi.jar or its parent.
[7/4/15 22:30:42:245 BRT] 0000002c m.ibm.ws.container.service.app.deploy.ManifestClassPathUtils W SRVE9967W: The manifest class path jsr173_1.0_api.jar can not be found in jar file wsjar:file:/Users/percival/Documents/workspace/MobileFirstServerConfig/servers/worklight/apps/worklight-management-ui.war!/WEB-INF/lib/jaxb-impl-2.1.12.osgi.jar or its parent.
[7/4/15 22:30:42:246 BRT] 0000002c m.ibm.ws.container.service.app.deploy.ManifestClassPathUtils W SRVE9967W: The manifest class path jaxb1-impl.jar can not be found in jar file wsjar:file:/Users/percival/Documents/workspace/MobileFirstServerConfig/servers/worklight/apps/worklight-management-ui.war!/WEB-INF/lib/jaxb-impl-2.1.12.osgi.jar or its parent.
[7/4/15 22:30:42:530 BRT] 0000002c m.ibm.ws.container.service.app.deploy.ManifestClassPathUtils W SRVE9967W: The manifest class path jaxb-api.jar can not be found in jar file wsjar:file:/Users/percival/Documents/workspace/MobileFirstServerConfig/servers/worklight/apps/worklight-management-ui.war!/WEB-INF/lib/jaxb-impl-2.1.12.osgi.jar or its parent.
[7/4/15 22:30:42:531 BRT] 0000002c m.ibm.ws.container.service.app.deploy.ManifestClassPathUtils W SRVE9967W: The manifest class path activation.jar can not be found in jar file wsjar:file:/Users/percival/Documents/workspace/MobileFirstServerConfig/servers/worklight/apps/worklight-management-ui.war!/WEB-INF/lib/jaxb-impl-2.1.12.osgi.jar or its parent.
[7/4/15 22:30:42:531 BRT] 0000002c m.ibm.ws.container.service.app.deploy.ManifestClassPathUtils W SRVE9967W: The manifest class path jsr173_1.0_api.jar can not be found in jar file wsjar:file:/Users/percival/Documents/workspace/MobileFirstServerConfig/servers/worklight/apps/worklight-management-ui.war!/WEB-INF/lib/jaxb-impl-2.1.12.osgi.jar or its parent.
[7/4/15 22:30:42:586 BRT] 0000002c m.ibm.ws.container.service.app.deploy.ManifestClassPathUtils W SRVE9967W: The manifest class path jaxb1-impl.jar can not be found in jar file wsjar:file:/Users/percival/Documents/workspace/MobileFirstServerConfig/servers/worklight/apps/worklight-management-ui.war!/WEB-INF/lib/jaxb-impl-2.1.12.osgi.jar or its parent.
[7/4/15 22:30:42:703 BRT] 0000002a com.ibm.ws.webcontainer.osgi.webapp.WebGroup                 I SRVE0169I: Loading Web Module: analytics.
[7/4/15 22:30:42:711 BRT] 0000002a com.ibm.ws.webcontainer                                      I SRVE0250I: Web Module analytics has been bound to default_host.
[7/4/15 22:30:42:717 BRT] 0000002a com.ibm.ws.http.internal.VirtualHostImpl                     A CWWKT0016I: Web application available (default_host): http://192.168.0.17:10080/analytics/
[7/4/15 22:30:42:745 BRT] 0000002d com.ibm.ws.webcontainer.osgi.webapp.WebGroup                 I SRVE0169I: Loading Web Module: _MobileBrowserSimulator.
[7/4/15 22:30:42:746 BRT] 0000002d com.ibm.ws.webcontainer                                      I SRVE0250I: Web Module _MobileBrowserSimulator has been bound to default_host.
[7/4/15 22:30:42:783 BRT] 0000002d com.ibm.ws.http.internal.VirtualHostImpl                     A CWWKT0016I: Web application available (default_host): http://192.168.0.17:10080/_MobileBrowserSimulator/
[7/4/15 22:30:42:962 BRT] 0000002a com.ibm.ws.session.WASSessionCore                            I SESN8501I: The session manager did not find a persistent storage location; HttpSession objects will be stored in the local application server's memory.
[7/4/15 22:30:42:969 BRT] 0000002a com.ibm.ws.session.WASSessionCore                            I SESN0176I: A new session context will be created for application key default_host/analytics
[7/4/15 22:30:42:972 BRT] 0000002d com.ibm.ws.session.WASSessionCore                            I SESN0176I: A new session context will be created for application key default_host/_MobileBrowserSimulator
[7/4/15 22:30:43:023 BRT] 0000002a com.ibm.ws.util                                              I SESN0172I: The session manager is using the Java default SecureRandom implementation for session ID generation.
[7/4/15 22:30:43:050 BRT] 0000002d com.ibm.ws.util                                              I SESN0172I: The session manager is using the Java default SecureRandom implementation for session ID generation.
[7/4/15 22:30:43:057 BRT] 00000028 com.ibm.ws.webcontainer.osgi.webapp.WebGroup                 I SRVE0169I: Loading Web Module: IBMJMXConnectorREST.
[7/4/15 22:30:43:057 BRT] 00000028 com.ibm.ws.webcontainer                                      I SRVE0250I: Web Module IBMJMXConnectorREST has been bound to default_host.
[7/4/15 22:30:43:057 BRT] 00000028 com.ibm.ws.http.internal.VirtualHostImpl                     A CWWKT0016I: Web application available (default_host): http://192.168.0.17:10080/IBMJMXConnectorREST/
[7/4/15 22:30:43:083 BRT] 00000028 com.ibm.ws.jmx.connector.server.rest.RESTAppListener         I CWWKX0103I: The JMX REST connector is running and is available at the following service URL: service:jmx:rest://192.168.0.17:10443/IBMJMXConnectorREST
[7/4/15 22:30:43:188 BRT] 0000002b com.ibm.ws.webcontainer.osgi.webapp.WebGroup                 I SRVE0169I: Loading Web Module: Worklight.
[7/4/15 22:30:43:188 BRT] 0000002b com.ibm.ws.webcontainer                                      I SRVE0250I: Web Module Worklight has been bound to default_host.
[7/4/15 22:30:43:189 BRT] 0000002b com.ibm.ws.http.internal.VirtualHostImpl                     A CWWKT0016I: Web application available (default_host): http://192.168.0.17:10080/Cognitive/
[7/4/15 22:30:43:283 BRT] 00000028 com.ibm.ws.session.WASSessionCore                            I SESN0176I: A new session context will be created for application key default_host/IBMJMXConnectorREST
[7/4/15 22:30:43:284 BRT] 00000028 com.ibm.ws.util                                              I SESN0172I: The session manager is using the Java default SecureRandom implementation for session ID generation.
[7/4/15 22:30:43:648 BRT] 0000002d com.ibm.ws.cache.CacheServiceImpl                            I DYNA1056I: Dynamic Cache (object cache) initialized successfully.
[7/4/15 22:30:43:771 BRT] 0000002e m.ibm.ws.container.service.app.deploy.ManifestClassPathUtils W SRVE9967W: The manifest class path xml-apis.jar can not be found in jar file wsjar:file:/Users/percival/Documents/workspace/MobileFirstServerConfig/servers/worklight/apps/analytics-service.war!/WEB-INF/lib/serializer-2.7.2.jar or its parent.
[7/4/15 22:30:43:906 BRT] 0000002d com.ibm.ws.app.manager.AppMessageHelper                      A CWWKZ0001I: Application _MobileBrowserSimulator started in 2.353 seconds.
[7/4/15 22:30:43:914 BRT] 0000002e m.ibm.ws.container.service.app.deploy.ManifestClassPathUtils W SRVE9967W: The manifest class path xercesImpl.jar can not be found in jar file wsjar:file:/Users/percival/Documents/workspace/MobileFirstServerConfig/servers/worklight/apps/analytics-service.war!/WEB-INF/lib/xalan-2.7.2.jar or its parent.
[7/4/15 22:30:43:915 BRT] 0000002e m.ibm.ws.container.service.app.deploy.ManifestClassPathUtils W SRVE9967W: The manifest class path xml-apis.jar can not be found in jar file wsjar:file:/Users/percival/Documents/workspace/MobileFirstServerConfig/servers/worklight/apps/analytics-service.war!/WEB-INF/lib/xalan-2.7.2.jar or its parent.
[7/4/15 22:30:43:927 BRT] 0000002e m.ibm.ws.container.service.app.deploy.ManifestClassPathUtils W SRVE9967W: The manifest class path serializer.jar can not be found in jar file wsjar:file:/Users/percival/Documents/workspace/MobileFirstServerConfig/servers/worklight/apps/analytics-service.war!/WEB-INF/lib/xalan-2.7.2.jar or its parent.
[7/4/15 22:30:45:248 BRT] 0000002e com.ibm.ws.webcontainer.osgi.webapp.WebGroup                 I SRVE0169I: Loading Web Module: analytics.
[7/4/15 22:30:45:248 BRT] 0000002e com.ibm.ws.webcontainer                                      I SRVE0250I: Web Module analytics has been bound to default_host.
[7/4/15 22:30:45:249 BRT] 0000002e com.ibm.ws.http.internal.VirtualHostImpl                     A CWWKT0016I: Web application available (default_host): http://192.168.0.17:10080/analytics-service/
[7/4/15 22:30:45:250 BRT] 0000002e com.ibm.ws.session.WASSessionCore                            I SESN0176I: A new session context will be created for application key default_host/analytics-service
[7/4/15 22:30:45:250 BRT] 0000002e com.ibm.ws.util                                              I SESN0172I: The session manager is using the Java default SecureRandom implementation for session ID generation.
[7/4/15 22:30:45:842 BRT] 00000030 com.ibm.ws.webcontainer.osgi.webapp.WebGroup                 I SRVE0169I: Loading Web Module: Java Starter Application.
[7/4/15 22:30:45:843 BRT] 00000030 com.ibm.ws.webcontainer                                      I SRVE0250I: Web Module Java Starter Application has been bound to default_host.
[7/4/15 22:30:45:843 BRT] 00000030 com.ibm.ws.http.internal.VirtualHostImpl                     A CWWKT0016I: Web application available (default_host): http://192.168.0.17:10080/app/
[7/4/15 22:30:46:022 BRT] 00000030 com.ibm.ws.session.WASSessionCore                            I SESN0176I: A new session context will be created for application key default_host/app
[7/4/15 22:30:46:023 BRT] 00000030 com.ibm.ws.util                                              I SESN0172I: The session manager is using the Java default SecureRandom implementation for session ID generation.
[7/4/15 22:30:46:120 BRT] 00000028 apache.wink.server.internal.application.ApplicationProcessor I The following JAX-RS application has been processed: com.ibm.ws.jaxrs.webcontainer.JAXRSDefaultApplicationSubclassProxy
[7/4/15 22:30:46:123 BRT] 00000028 org.apache.wink.server.internal.log.Resources                I The server has registered the JAX-RS resource class com.ibm.ws.jmx.connector.server.rest.resources.FileTransferRouterResource with @Path(/fileTransfer/router/{filePath}).
[7/4/15 22:30:46:124 BRT] 00000028 org.apache.wink.server.internal.log.Resources                I The server has registered the JAX-RS resource class com.ibm.ws.jmx.connector.server.rest.resources.AttributeResource with @Path(/mbeans/{objectName}/attributes).
[7/4/15 22:30:46:124 BRT] 00000028 org.apache.wink.server.internal.log.Resources                I The server has registered the JAX-RS resource class com.ibm.ws.jmx.connector.server.rest.resources.FileTransferResource with @Path(/fileTransfer/{filePath}).
[7/4/15 22:30:46:124 BRT] 00000028 org.apache.wink.server.internal.log.Resources                I The server has registered the JAX-RS resource class com.ibm.ws.jmx.connector.server.rest.resources.NotificationResource with @Path(/notifications).
[7/4/15 22:30:46:124 BRT] 00000028 org.apache.wink.server.internal.log.Resources                I The server has registered the JAX-RS resource class com.ibm.ws.jmx.connector.server.rest.resources.FileStatusResource with @Path(/file/status).
[7/4/15 22:30:46:125 BRT] 00000028 org.apache.wink.server.internal.log.Resources                I The server has registered the JAX-RS resource class com.ibm.ws.jmx.connector.server.rest.resources.MBeanResource with @Path(/mbeans).
[7/4/15 22:30:46:125 BRT] 00000028 org.apache.wink.server.internal.log.Resources                I The server has registered the JAX-RS resource class com.ibm.ws.jmx.connector.server.rest.resources.MBeanRouterResource with @Path(/router).
[7/4/15 22:30:46:125 BRT] 00000028 org.apache.wink.server.internal.log.Resources                I The server has registered the JAX-RS resource class com.ibm.ws.jmx.connector.server.rest.resources.FileResource with @Path(/file/{filePath}).
[7/4/15 22:30:46:125 BRT] 00000028 org.apache.wink.server.internal.log.Resources                I The server has registered the JAX-RS resource class com.ibm.ws.jmx.connector.server.rest.resources.JMXResource with @Path().
[7/4/15 22:30:46:128 BRT] 00000028 org.apache.wink.server.internal.log.Providers                I The class com.ibm.ws.jmx.connector.server.rest.providers.JSONErrorOutputStreamProvider was registered as a JAX-RS MessageBodyWriter provider for com.ibm.ws.jmx.connector.server.rest.providers.JSONErrorOutputStream Java types and application/json media types.
[7/4/15 22:30:46:652 BRT] 00000030 com.ibm.cloudoe.samples.WatsonAnswers                        I Processing VCAP_SERVICES
[7/4/15 22:30:46:653 BRT] 00000030 com.ibm.ws.webcontainer.servlet                              I SRVE0242I: [watson-qa2] [/app] [Application Servlet]: Initialization successful.
[7/4/15 22:30:46:680 BRT] 00000030 com.ibm.ws.app.manager.AppMessageHelper                      A CWWKZ0001I: Application watson-qa2 started in 5.123 seconds.
[7/4/15 22:30:47:760 BRT] 0000002b com.ibm.ws.session.WASSessionCore                            I SESN0176I: A new session context will be created for application key default_host/Cognitive
[7/4/15 22:30:47:762 BRT] 0000002b com.ibm.ws.util                                              I SESN0172I: The session manager is using the Java default SecureRandom implementation for session ID generation.
[7/4/15 22:30:48:996 BRT] 00000028 com.ibm.ws.webcontainer.servlet                              I SRVE0242I: [com.ibm.ws.jmx.connector.server.rest] [/IBMJMXConnectorREST] [MBeanServerConnector]: Initialization successful.
[7/4/15 22:30:52:898 BRT] 0000002a com.ibm.ws.webcontainer.servlet                              I SRVE0242I: [AnalyticsUI] [/analytics] [utilityServlet]: Initialization successful.
[7/4/15 22:30:52:926 BRT] 0000002a com.ibm.ws.webcontainer.servlet                              I SRVE0242I: [AnalyticsUI] [/analytics] [servicesServlet]: Initialization successful.
[7/4/15 22:30:52:927 BRT] 0000002a com.ibm.ws.app.manager.AppMessageHelper                      A CWWKZ0001I: Application AnalyticsUI started in 11.368 seconds.
[7/4/15 22:30:53:544 BRT] 0000002b com.worklight.common.util.JNDIFromPropertiesUtil             I Using JNDI configuration conf/jndi/default.properties
[7/4/15 22:30:54:167 BRT] 0000002c com.ibm.ws.webcontainer.osgi.webapp.WebGroup                 I SRVE0169I: Loading Web Module: Worklight Console.
[7/4/15 22:30:54:168 BRT] 0000002c com.ibm.ws.webcontainer                                      I SRVE0250I: Web Module Worklight Console has been bound to default_host.
[7/4/15 22:30:54:168 BRT] 0000002c com.ibm.ws.http.internal.VirtualHostImpl                     A CWWKT0016I: Web application available (default_host): http://192.168.0.17:10080/worklightconsole/
[7/4/15 22:30:54:297 BRT] 0000002b com.worklight.server.bundle.project.JeeProjectActivator      I FWLST0024I: Scanning jar: jar:file:/Users/percival/Documents/workspace/MobileFirstServerConfig/shared/resources/worklight-jee-library-7.0.0.jar!/conf/db.default.properties  [project Cognitive]
[7/4/15 22:30:54:298 BRT] 0000002b com.worklight.server.bundle.project.JeeProjectActivator      I FWLST0024I: Scanning jar: jar:file:/Users/percival/Documents/workspace/MobileFirstServerConfig/shared/resources/worklight-jee-library-7.0.0.jar!/conf/worklight.properties  [project Cognitive]
[7/4/15 22:30:54:300 BRT] 0000002b com.worklight.server.bundle.project.JeeProjectActivator      I FWLST0024I: Scanning jar: jar:file:/Users/percival/Documents/workspace/MobileFirstServerConfig/servers/worklight/apps/Cognitive.war!/WEB-INF/classes/conf/worklight.properties  [project Cognitive]
[7/4/15 22:30:54:434 BRT] 0000002c com.ibm.ws.session.WASSessionCore                            I SESN0176I: A new session context will be created for application key default_host/worklightconsole
[7/4/15 22:30:54:434 BRT] 0000002c com.ibm.ws.util                                              I SESN0172I: The session manager is using the Java default SecureRandom implementation for session ID generation.
[7/4/15 22:30:54:571 BRT] 0000002c com.ibm.ws.webcontainer.servlet                              I SRVE0242I: [WorklightConsole] [/worklightconsole] [servicesServlet]: Initialization successful.
[7/4/15 22:30:54:580 BRT] 0000002c com.ibm.ws.app.manager.AppMessageHelper                      A CWWKZ0001I: Application WorklightConsole started in 13.021 seconds.
[7/4/15 22:30:54:776 BRT] 0000002b com.worklight.server.bundle.api.WorklightConfiguration       I FWLSE4006I: IBM MobileFirst Platform Studio is running in 'development' mode. [project Cognitive]
[7/4/15 22:30:55:085 BRT] 0000003c com.worklight.server.bundle.project.JeeProjectActivator      I FWLST0022I: Worklight project async start = true
[7/4/15 22:30:55:294 BRT] 0000003c com.worklight.server.bundle.project.JeeProjectActivator      I FWLST0001I: Worklight home folder is /Users/percival/Documents/workspace/MobileFirstServerConfig/servers/worklight/workarea/org.eclipse.osgi/82/data/temp/default_node/SMF_WebContainer/Cognitive/Cognitive [project Cognitive]
[7/4/15 22:30:55:483 BRT] 0000003c ingframework.context.support.FileSystemXmlApplicationContext I Refreshing org.springframework.context.support.FileSystemXmlApplicationContext@619e8e83: startup date [Sat Jul 04 22:30:55 BRT 2015]; root of context hierarchy
[7/4/15 22:30:55:486 BRT] 0000002b apache.wink.server.internal.application.ApplicationProcessor I The following JAX-RS application has been processed: com.ibm.ws.jaxrs.webcontainer.JAXRSDefaultApplicationSubclassProxy
[7/4/15 22:30:55:486 BRT] 0000002b org.apache.wink.server.internal.log.Resources                I The server has registered the JAX-RS resource class com.worklight.authorization.endpoint.registration.AppInstanceRegistrationEndpoint with @Path(/v1/clients/instance/).
[7/4/15 22:30:55:487 BRT] 0000002b org.apache.wink.server.internal.log.Resources                I The server has registered the JAX-RS resource class com.worklight.authorization.endpoint.validation.TokenValidationEndpoint with @Path(/v1/token/validation).
[7/4/15 22:30:55:487 BRT] 0000002b org.apache.wink.server.internal.log.Resources                I The server has registered the JAX-RS resource class com.worklight.authorization.endpoint.registration.PreviewRegistrationEndpoint with @Path(/v1/clients/preview/).
[7/4/15 22:30:55:487 BRT] 0000002b org.apache.wink.server.internal.log.Resources                I The server has registered the JAX-RS resource class com.worklight.authorization.endpoint.authorization.AuthorizationEndpoint with @Path(/v1/authorization).
[7/4/15 22:30:55:487 BRT] 0000002b org.apache.wink.server.internal.log.Resources                I The server has registered the JAX-RS resource class com.worklight.authorization.endpoint.testtoken.TestTokenEndpoint with @Path(/v1/testtoken).
[7/4/15 22:30:55:488 BRT] 0000002b org.apache.wink.server.internal.log.Resources                I The server has registered the JAX-RS resource class com.worklight.authorization.endpoint.publickey.PublicKeyEndpoint with @Path(/v1/publickey).
[7/4/15 22:30:55:488 BRT] 0000002b org.apache.wink.server.internal.log.Resources                I The server has registered the JAX-RS resource class com.worklight.authorization.endpoint.token.TokenEndpoint with @Path(/v1/token).
[7/4/15 22:30:55:488 BRT] 0000002b org.apache.wink.server.internal.log.Providers                I There are no custom JAX-RS providers defined in the application.
[7/4/15 22:30:55:696 BRT] 0000003c rg.springframework.beans.factory.xml.XmlBeanDefinitionReader I Loading XML bean definitions from URL [wsjar:file:/Users/percival/Documents/workspace/MobileFirstServerConfig/shared/resources/worklight-jee-library-7.0.0.jar!/conf/spring-server-core.xml]
[7/4/15 22:30:56:139 BRT] 0000002b com.ibm.ws.webcontainer.servlet                              I SRVE0242I: [Cognitive] [/Cognitive] [OAuthAuthorizationServer]: Initialization successful.
[7/4/15 22:30:56:471 BRT] 0000003c rg.springframework.beans.factory.xml.XmlBeanDefinitionReader I Loading XML bean definitions from URL [wsjar:file:/Users/percival/Documents/workspace/MobileFirstServerConfig/shared/resources/worklight-jee-library-7.0.0.jar!/conf/core.xml]
[7/4/15 22:30:56:619 BRT] 0000003c rg.springframework.beans.factory.xml.XmlBeanDefinitionReader I Loading XML bean definitions from URL [wsjar:file:/Users/percival/Documents/workspace/MobileFirstServerConfig/shared/resources/worklight-jee-library-7.0.0.jar!/conf/integration.xml]
[7/4/15 22:30:56:664 BRT] 0000003c rg.springframework.beans.factory.xml.XmlBeanDefinitionReader I Loading XML bean definitions from URL [wsjar:file:/Users/percival/Documents/workspace/MobileFirstServerConfig/shared/resources/worklight-jee-library-7.0.0.jar!/conf/gadgets.xml]
[7/4/15 22:30:56:679 BRT] 0000002b apache.wink.server.internal.application.ApplicationProcessor I The following JAX-RS application has been processed: com.ibm.ws.jaxrs.webcontainer.JAXRSDefaultApplicationSubclassProxy
[7/4/15 22:30:56:679 BRT] 0000002b org.apache.wink.server.internal.log.Resources                I The server has registered the JAX-RS resource class com.ibm.pushworks.server.rest.resources.SubscriptionResource with @Path(/apps/{applicationId}/subscriptions).
[7/4/15 22:30:56:679 BRT] 0000002b org.apache.wink.server.internal.log.Resources                I The server has registered the JAX-RS resource class com.ibm.pushworks.server.rest.resources.MessageResource with @Path(/apps/{applicationId}/messages).
[7/4/15 22:30:56:680 BRT] 0000002b org.apache.wink.server.internal.log.Resources                I The server has registered the JAX-RS resource class com.ibm.pushworks.server.rest.resources.DeviceResource with @Path(/apps/{applicationId}/devices).
[7/4/15 22:30:56:680 BRT] 0000002b org.apache.wink.server.internal.log.Resources                I The server has registered the JAX-RS resource class com.ibm.pushworks.server.rest.resources.TagResource with @Path(/apps/{applicationId}/tags).
[7/4/15 22:30:56:680 BRT] 0000002b org.apache.wink.server.internal.log.Resources                I The server has registered the JAX-RS resource class com.ibm.pushworks.server.rest.resources.ApplicationResource with @Path(/apps/).
[7/4/15 22:30:56:681 BRT] 0000002b org.apache.wink.server.internal.log.Providers                I The class org.codehaus.jackson.jaxrs.JacksonJsonProvider was registered as a JAX-RS MessageBodyReader provider for all Java types and application/json media types.
[7/4/15 22:30:56:681 BRT] 0000002b org.apache.wink.server.internal.log.Providers                I The class org.codehaus.jackson.jaxrs.JacksonJsonProvider was registered as a JAX-RS MessageBodyReader provider for all Java types and text/json media types.
[7/4/15 22:30:56:681 BRT] 0000002b org.apache.wink.server.internal.log.Providers                I The class org.codehaus.jackson.jaxrs.JacksonJsonProvider was registered as a JAX-RS MessageBodyWriter provider for all Java types and application/json media types.
[7/4/15 22:30:56:682 BRT] 0000002b org.apache.wink.server.internal.log.Providers                I The class org.codehaus.jackson.jaxrs.JacksonJsonProvider was registered as a JAX-RS MessageBodyWriter provider for all Java types and text/json media types.
[7/4/15 22:30:56:682 BRT] 0000002b org.apache.wink.server.internal.log.Providers                I The class com.ibm.pushworks.server.rest.response.PushWorksServerExceptionWriter was registered as a JAX-RS ExceptionMapper provider for com.ibm.pushworks.server.exceptions.PushWorksException Java types.
[7/4/15 22:30:56:761 BRT] 0000003c rg.springframework.beans.factory.xml.XmlBeanDefinitionReader I Loading XML bean definitions from URL [wsjar:file:/Users/percival/Documents/workspace/MobileFirstServerConfig/shared/resources/worklight-jee-library-7.0.0.jar!/conf/pushworks.xml]
[7/4/15 22:30:56:811 BRT] 0000003c ngframework.beans.factory.support.DefaultListableBeanFactory I Overriding bean definition for bean 'gadgetCustomizedResourcesRoot': replacing [Generic bean: class [com.worklight.core.util.WorkingDirectory]; scope=; abstract=false; lazyInit=false; autowireMode=0; dependencyCheck=0; autowireCandidate=true; primary=false; factoryBeanName=null; factoryMethodName=null; initMethodName=null; destroyMethodName=null; defined in URL [wsjar:file:/Users/percival/Documents/workspace/MobileFirstServerConfig/shared/resources/worklight-jee-library-7.0.0.jar!/conf/gadgets.xml]] with [Generic bean: class [com.worklight.core.util.WorkingDirectory]; scope=; abstract=false; lazyInit=false; autowireMode=0; dependencyCheck=0; autowireCandidate=true; primary=false; factoryBeanName=null; factoryMethodName=null; initMethodName=null; destroyMethodName=null; defined in URL [wsjar:file:/Users/percival/Documents/workspace/MobileFirstServerConfig/shared/resources/worklight-jee-library-7.0.0.jar!/conf/spring-server-core.xml]]
[7/4/15 22:30:56:812 BRT] 0000003c ngframework.beans.factory.support.DefaultListableBeanFactory I Overriding bean definition for bean 'gadgetResourcesRoot': replacing [Generic bean: class [com.worklight.core.util.WorkingDirectory]; scope=; abstract=false; lazyInit=false; autowireMode=0; dependencyCheck=0; autowireCandidate=true; primary=false; factoryBeanName=null; factoryMethodName=null; initMethodName=null; destroyMethodName=null; defined in URL [wsjar:file:/Users/percival/Documents/workspace/MobileFirstServerConfig/shared/resources/worklight-jee-library-7.0.0.jar!/conf/gadgets.xml]] with [Generic bean: class [com.worklight.core.util.WorkingDirectory]; scope=; abstract=false; lazyInit=false; autowireMode=0; dependencyCheck=0; autowireCandidate=true; primary=false; factoryBeanName=null; factoryMethodName=null; initMethodName=null; destroyMethodName=null; defined in URL [wsjar:file:/Users/percival/Documents/workspace/MobileFirstServerConfig/shared/resources/worklight-jee-library-7.0.0.jar!/conf/spring-server-core.xml]]
[7/4/15 22:30:56:906 BRT] 0000002b com.ibm.ws.webcontainer.servlet                              I SRVE0242I: [Cognitive] [/Cognitive] [PushWorksApplication]: Initialization successful.
[7/4/15 22:30:57:068 BRT] 0000002b apache.wink.server.internal.application.ApplicationProcessor I The following JAX-RS application has been processed: com.ibm.ws.jaxrs.webcontainer.JAXRSDefaultApplicationSubclassProxy
[7/4/15 22:30:57:069 BRT] 0000002b org.apache.wink.server.internal.log.Resources                I The server has registered the JAX-RS resource class com.worklight.oauth.TokenValidationEndpoint with @Path(/validation).
[7/4/15 22:30:57:069 BRT] 0000002b org.apache.wink.server.internal.log.Resources                I The server has registered the JAX-RS resource class com.worklight.oauth.TokenEndpoint with @Path(/token).
[7/4/15 22:30:57:069 BRT] 0000002b org.apache.wink.server.internal.log.Providers                I There are no custom JAX-RS providers defined in the application.
[7/4/15 22:30:57:175 BRT] 0000002b com.ibm.ws.webcontainer.servlet                              I SRVE0242I: [Cognitive] [/Cognitive] [AuthorizationServer]: Initialization successful.
[7/4/15 22:30:57:245 BRT] 0000002b com.ibm.ws.app.manager.AppMessageHelper                      A CWWKZ0001I: Application Cognitive started in 15.693 seconds.
[7/4/15 22:30:59:405 BRT] 0000002f com.ibm.ws.webcontainer.osgi.webapp.WebGroup                 I SRVE0169I: Loading Web Module: Worklight Administration Services.
[7/4/15 22:30:59:405 BRT] 0000002f com.ibm.ws.webcontainer                                      I SRVE0250I: Web Module Worklight Administration Services has been bound to default_host.
[7/4/15 22:30:59:406 BRT] 0000002f com.ibm.ws.http.internal.VirtualHostImpl                     A CWWKT0016I: Web application available (default_host): http://192.168.0.17:10080/worklightadmin/
[7/4/15 22:30:59:747 BRT] 0000002f com.ibm.ws.injectionengine.AbstractInjectionEngine           W CWNEN0070W: The javax.ws.rs.QueryParam annotation class will not be recognized because it was loaded from the null location rather than from a product class loader.
[7/4/15 22:30:59:751 BRT] 0000002f com.ibm.ws.injectionengine.AbstractInjectionEngine           W CWNEN0070W: The javax.ws.rs.core.Context annotation class will not be recognized because it was loaded from the null location rather than from a product class loader.
[7/4/15 22:30:59:752 BRT] 0000002f com.ibm.ws.injectionengine.AbstractInjectionEngine           W CWNEN0070W: The javax.ws.rs.MatrixParam annotation class will not be recognized because it was loaded from the null location rather than from a product class loader.
[7/4/15 22:30:59:789 BRT] 0000002f com.ibm.ws.injectionengine.AbstractInjectionEngine           W CWNEN0070W: The javax.ws.rs.HeaderParam annotation class will not be recognized because it was loaded from the null location rather than from a product class loader.
[7/4/15 22:30:59:792 BRT] 0000002f com.ibm.ws.injectionengine.AbstractInjectionEngine           W CWNEN0070W: The javax.ws.rs.PathParam annotation class will not be recognized because it was loaded from the null location rather than from a product class loader.
[7/4/15 22:30:59:793 BRT] 0000002f com.ibm.ws.injectionengine.AbstractInjectionEngine           W CWNEN0070W: The javax.ws.rs.CookieParam annotation class will not be recognized because it was loaded from the null location rather than from a product class loader.
[7/4/15 22:30:59:903 BRT] 0000002f com.ibm.ws.session.WASSessionCore                            I SESN0176I: A new session context will be created for application key default_host/worklightadmin
[7/4/15 22:30:59:903 BRT] 0000002f com.ibm.ws.util                                              I SESN0172I: The session manager is using the Java default SecureRandom implementation for session ID generation.
[7/4/15 22:31:01:396 BRT] 0000002f com.ibm.ws.webcontainer.webapp                               I SRVE0292I: Servlet Message - [worklight-management-service]:.No Spring WebApplicationInitializer types detected on classpath
[7/4/15 22:31:01:599 BRT] 0000002f com.ibm.ws.webcontainer.webapp                               I SRVE0292I: Servlet Message - [worklight-management-service]:.Initializing Spring root WebApplicationContext
[7/4/15 22:31:01:601 BRT] 0000002f org.springframework.web.context.ContextLoader                I Root WebApplicationContext: initialization started
[7/4/15 22:31:02:220 BRT] 0000002f springframework.web.context.support.XmlWebApplicationContext I Refreshing Root WebApplicationContext: startup date [Sat Jul 04 22:31:02 BRT 2015]; root of context hierarchy
[7/4/15 22:31:02:424 BRT] 0000002f rg.springframework.beans.factory.xml.XmlBeanDefinitionReader I Loading XML bean definitions from ServletContext resource [/WEB-INF/spring-management-service.xml]
[7/4/15 22:31:02:594 BRT] 0000002f ngframework.beans.factory.support.DefaultListableBeanFactory I Pre-instantiating singletons in org.springframework.beans.factory.support.DefaultListableBeanFactory@55aecb52: defining beans [registrationServiceFactory]; root of factory hierarchy
[7/4/15 22:31:02:720 BRT] 0000002f com.ibm.worklight.dataaccess.datastore.DataStoreUtil         I getWorklightDataSourceProperties Read properties file. allProperties: {ibm.worklight.admin.db.jndi.name=java:comp/env/jdbc/WorklightAdminDS}
[7/4/15 22:31:02:810 BRT] 0000002f com.ibm.worklight.dataaccess.datastore.DataStoreUtil         I Resource conf/jndi/default.properties not found. This is not an error. Context path is /worklightadmin
[7/4/15 22:31:02:854 BRT] 0000002f com.ibm.worklight.dataaccess.datastore.DataStoreUtil         I dereferenceProperties Handling propName=ibm.worklight.admin.db.jndi.name propValue=java:comp/env/jdbc/WorklightAdminDS
[7/4/15 22:31:02:854 BRT] 0000002f com.ibm.worklight.dataaccess.datastore.DataStoreUtil         I dereferenceProperties Handling propName=ibm.worklight.admin.db.openjpa.Log propValue=
[7/4/15 22:31:02:855 BRT] 0000002f com.ibm.worklight.dataaccess.datastore.DataStoreUtil         I dereferenceProperties Handling propName=ibm.worklight.admin.db.type propValue=
[7/4/15 22:31:03:508 BRT] 0000002f com.ibm.ws.recoverylog.spi.RecoveryDirectorImpl              I CWRLS0010I: Performing recovery processing for local WebSphere server (Cell\Node\Server).
[7/4/15 22:31:03:668 BRT] 0000002f com.ibm.ws.recoverylog.spi.RecoveryDirectorImpl              I CWRLS0012I: All persistent services have been directed to perform recovery processing for this WebSphere server (Cell\Node\Server).
[7/4/15 22:31:03:669 BRT] 00000048 com.ibm.tx.jta.impl.RecoveryManager                          I WTRN0135I: Transaction service recovering no transactions.
[7/4/15 22:31:03:830 BRT] 0000003c ringframework.orm.jpa.LocalContainerEntityManagerFactoryBean I Building JPA container EntityManagerFactory for persistence unit 'WorklightPU'
[7/4/15 22:31:05:028 BRT] 0000003c SystemErr                                                    R 172  WorklightPU  WARN   [Worklight runtime initialization for context=/Cognitive] openjpa.Runtime - An error occurred while registering a ClassTransformer with PersistenceUnitInfo: name 'WorklightPU', root URL [file:/Users/percival/Documents/workspace/MobileFirstServerConfig/shared/resources/worklight-jee-library-7.0.0.jar]. The error has been consumed. To see it, set your openjpa.Runtime log level to TRACE. Load-time class transformation will not be available.
[7/4/15 22:31:05:490 BRT] 0000003c com.worklight.server.database.api.WorklightDataSource        I FWLSE0187I: jdbc/WorklightReportsDS data source is disabled. No connection opened.  [project Cognitive]
[7/4/15 22:31:05:511 BRT] 0000003c ringframework.orm.jpa.LocalContainerEntityManagerFactoryBean I Building JPA container EntityManagerFactory for persistence unit 'WorklightReportsPU'
[7/4/15 22:31:05:571 BRT] 0000003c SystemErr                                                    R 0  WorklightReportsPU  WARN   [Worklight runtime initialization for context=/Cognitive] openjpa.Runtime - An error occurred while registering a ClassTransformer with PersistenceUnitInfo: name 'WorklightReportsPU', root URL [file:/Users/percival/Documents/workspace/MobileFirstServerConfig/shared/resources/worklight-jee-library-7.0.0.jar]. The error has been consumed. To see it, set your openjpa.Runtime log level to TRACE. Load-time class transformation will not be available.
[7/4/15 22:31:05:573 BRT] 0000003c ngframework.beans.factory.support.DefaultListableBeanFactory I Pre-instantiating singletons in org.springframework.beans.factory.support.DefaultListableBeanFactory@497833e9: defining beans [org.springframework.context.annotation.internalConfigurationAnnotationProcessor,org.springframework.context.annotation.internalAutowiredAnnotationProcessor,org.springframework.context.annotation.internalRequiredAnnotationProcessor,org.springframework.context.annotation.internalCommonAnnotationProcessor,org.springframework.context.annotation.internalPersistenceAnnotationProcessor,txManager,mailingService,WorkLightNotice,rssBrokerUtils,audit,GenericDAO,clusterSynchronizationDAO,taskCoordinator,taskManager,worklightAuthenticationService,loginConfigurationServiceBean,protectedResourceFactory,authenticationDAO,ssoDAO,ssoExpiredLoginContextsCleanupTask,keyStoreManager,authorizationServer,OAuthValidator,OAuthValidationFilter,authorizationStore,OAuthInternalFilter,JAXRSSandboxFactory,AdapterResourceFactory,wlServerAPI,securityAPI,adaptersAPI,configurationAPI,pushAPI,analyticsAPI,winkFrameworkSharedClassLoader,dataAccessService,shellResourcesService,analyticsService,coreServiceManager,adapterManager,nodeProcessManager,adapterManagementService,factProcessingTask,PlatformUsageProcessingTask,notificationCleanupTask,WSSecurityService,gadgetDAO,deviceDAO,licenseTermsDAO,platformUsageService,configProfileService,gfwProps,gadgetEnvironmentManager,gadgetResourcesRoot,gadgetCustomizedResourcesRoot,applicationMetadataService,applicationManagementService,beaconService,clientInstanceDAOJpa,clientInstanceDAOCloudant,clientInstanceDAO,notificationsSimulationManager,pushServiceListener,PushService,worklight-direct,rssBrokerDS,brokerSessionFactory,reportService,reportsDS,reportsBrokerDS,reportsSessionFactory,gadgetReportsDAO,notificationReportsDao,gadgetReportsService,analyticsFactService,nodeInfo,registrationService,runtimeTransactionHandler,projectSyncService,xsConfiguration,attributeStoreFactory,org.springframework.context.annotation.ConfigurationClassPostProcessor.importAwareProcessor]; root of factory hierarchy
[7/4/15 22:31:06:183 BRT] 0000003c com.worklight.server.bundle.project.JeeProjectActivator      I FWLST0024I: Scanning jar: jar:file:/Users/percival/Documents/workspace/MobileFirstServerConfig/shared/resources/worklight-jee-library-7.0.0.jar!/conf/authenticationConfig.xml  [project Cognitive]
[7/4/15 22:31:06:189 BRT] 0000003c com.worklight.server.bundle.project.JeeProjectActivator      I FWLST0024I: Scanning jar: jar:file:/Users/percival/Documents/workspace/MobileFirstServerConfig/servers/worklight/apps/Cognitive.war!/WEB-INF/classes/conf/authenticationConfig.xml  [project Cognitive]
[7/4/15 22:31:07:681 BRT] 0000002f com.ibm.ws.rsadapter.spi.InternalGenericDataStoreHelper      I DSRA8203I: Database product name : Apache Derby
[7/4/15 22:31:07:688 BRT] 0000002f com.ibm.ws.rsadapter.spi.InternalGenericDataStoreHelper      I DSRA8204I: Database product version : 10.8.2.2 - (1181258)
[7/4/15 22:31:07:688 BRT] 0000002f com.ibm.ws.rsadapter.spi.InternalGenericDataStoreHelper      I DSRA8205I: JDBC driver name  : Apache Derby Embedded JDBC Driver
[7/4/15 22:31:07:688 BRT] 0000002f com.ibm.ws.rsadapter.spi.InternalGenericDataStoreHelper      I DSRA8206I: JDBC driver version  : 10.8.2.2 - (1181258)
[7/4/15 22:31:07:932 BRT] 0000002f com.ibm.worklight.dataaccess.datastore.DataStore             I constructor Creating EntityManagerFactory for persistence-unit=WorklightManagementPU-derby with properties: {openjpa.ConnectionFactory=com.ibm.ws.rsadapter.jdbc.WSJdbcDataSource@36e1283a, openjpa.jdbc.SynchronizeMappings=buildSchema(SchemaAction='add')}
[7/4/15 22:31:08:462 BRT] 0000003c com.worklight.server.bundle.project.JeeProjectActivator      I FWLST0024I: Scanning jar: jar:file:/Users/percival/Documents/workspace/MobileFirstServerConfig/servers/worklight/apps/Cognitive.war!/WEB-INF/classes/conf/mfp-default.keystore  [project Cognitive]
[7/4/15 22:31:08:726 BRT] 0000002f com.worklight.common.util.JNDIUtils                          I Resource conf/jndi/default.properties not found. This is not an error. Context path is __globalscope__
[7/4/15 22:31:08:915 BRT] 0000002f com.worklight.common.util.jmx.LibertyJMXRegister             I FWLSE2008I: MBean registration succeeded for: com.worklight.common.server.jmx.api:type=WorklightAdmin,qualifier=worklightadmin
[7/4/15 22:31:08:942 BRT] 0000002f SystemErr                                                    R 409  WorklightManagementPU-derby  INFO   [LargeThreadPool-thread-17] openjpa.Runtime - Starting OpenJPA 1.2.2
[7/4/15 22:31:09:358 BRT] 0000003c SystemErr                                                    R 4502  WorklightPU  INFO   [Worklight runtime initialization for context=/Cognitive] openjpa.Runtime - Starting OpenJPA 1.2.2
[7/4/15 22:31:09:380 BRT] 0000002f SystemErr                                                    R 847  WorklightManagementPU-derby  INFO   [LargeThreadPool-thread-17] openjpa.jdbc.JDBC - Using dictionary class "org.apache.openjpa.jdbc.sql.DerbyDictionary" (Apache Derby 10.8.2.2 - (1181258) ,Apache Derby Embedded JDBC Driver 10.8.2.2 - (1181258)).
[7/4/15 22:31:09:458 BRT] 0000003c SystemErr                                                    R 4603  WorklightPU  INFO   [Worklight runtime initialization for context=/Cognitive] openjpa.jdbc.JDBC - Using dictionary class "org.apache.openjpa.jdbc.sql.HSQLDictionary".
[7/4/15 22:31:11:553 BRT] 00000016 com.ibm.ws.app.manager.AppMessageHelper                      A CWWKZ0022W: Application WorklightServices has not started in 30.002 seconds.
[7/4/15 22:31:11:556 BRT] 00000016 com.ibm.ws.app.manager.AppMessageHelper                      A CWWKZ0022W: Application AnalyticsServices has not started in 30.001 seconds.
[7/4/15 22:31:11:679 BRT] 00000018 com.ibm.ws.kernel.feature.internal.FeatureManager            I CWWKF0008I: Feature update completed in 34.911 seconds.
[7/4/15 22:31:11:679 BRT] 00000018 com.ibm.ws.kernel.feature.internal.FeatureManager            A CWWKF0011I: The server worklight is ready to run a smarter planet.
[7/4/15 22:31:12:433 BRT] 0000002e com.ibm.ws.app.manager.AppMessageHelper                      A CWWKZ0001I: Application AnalyticsServices started in 30.878 seconds.
[7/4/15 22:31:12:701 BRT] 00000068 org.apache.wink.server.internal.servlet.RestServlet          I The system is using the com.ibm.elasticsearch.servlet.ElasticApplication JAX-RS application class that is named in the javax.ws.rs.Application init-param initialization parameter.
[7/4/15 22:31:13:138 BRT] 00000068 apache.wink.server.internal.application.ApplicationProcessor I The following JAX-RS application has been processed: com.ibm.elasticsearch.servlet.ElasticApplication
[7/4/15 22:31:13:138 BRT] 00000068 org.apache.wink.server.internal.log.Resources                I The server has registered the JAX-RS resource class com.ibm.elasticsearch.rest.Administration with @Path(/administration/apps/{appId}).
[7/4/15 22:31:13:138 BRT] 00000068 org.apache.wink.server.internal.log.Resources                I The server has registered the JAX-RS resource class com.ibm.elasticsearch.administration.Performance with @Path(/performance/apps/{appId}).
[7/4/15 22:31:13:150 BRT] 00000068 org.apache.wink.server.internal.log.Resources                I The server has registered the JAX-RS resource class com.ibm.elasticsearch.rest.Activities with @Path(/activities/apps/{appId}).
[7/4/15 22:31:13:150 BRT] 00000068 org.apache.wink.server.internal.log.Resources                I The server has registered the JAX-RS resource class com.ibm.elasticsearch.administration.ExportNew with @Path(/exportData/apps/{appId}).
[7/4/15 22:31:13:150 BRT] 00000068 org.apache.wink.server.internal.log.Resources                I The server has registered the JAX-RS resource class com.ibm.elasticsearch.rest.Dashboard with @Path(/dashboard/apps/{appId}).
[7/4/15 22:31:13:150 BRT] 00000068 org.apache.wink.server.internal.log.Resources                I The server has registered the JAX-RS resource class com.ibm.elasticsearch.rest.Adapters with @Path(/adapters/apps/{appId}).
[7/4/15 22:31:13:151 BRT] 00000068 org.apache.wink.server.internal.log.Resources                I The server has registered the JAX-RS resource class com.ibm.elasticsearch.rest.Security with @Path(/security/apps/{appId}).
[7/4/15 22:31:13:151 BRT] 00000068 org.apache.wink.server.internal.log.Resources                I The server has registered the JAX-RS resource class com.ibm.elasticsearch.rest.Servers with @Path(/servers/apps/{appId}).
[7/4/15 22:31:13:151 BRT] 00000068 org.apache.wink.server.internal.log.Resources                I The server has registered the JAX-RS resource class com.ibm.elasticsearch.rest.Network with @Path(/network/apps/{appId}).
[7/4/15 22:31:13:151 BRT] 00000068 org.apache.wink.server.internal.log.Resources                I The server has registered the JAX-RS resource class com.ibm.elasticsearch.rest.Devices with @Path(/devices/apps/{appId}).
[7/4/15 22:31:13:151 BRT] 00000068 org.apache.wink.server.internal.log.Resources                I The server has registered the JAX-RS resource class com.ibm.elasticsearch.administration.MigrateData with @Path(/migrate/apps/{appId}).
[7/4/15 22:31:13:151 BRT] 00000068 org.apache.wink.server.internal.log.Resources                I The server has registered the JAX-RS resource class com.ibm.elasticsearch.custom.CustomCharts with @Path(/custom/apps/{appId}).
[7/4/15 22:31:13:152 BRT] 00000068 org.apache.wink.server.internal.log.Resources                I The server has registered the JAX-RS resource class com.ibm.elasticsearch.rest.Search with @Path(/search/apps/{appId}).
[7/4/15 22:31:13:152 BRT] 00000068 org.apache.wink.server.internal.log.Resources                I The server has registered the JAX-RS resource class com.ibm.elasticsearch.rest.Common with @Path(/common/apps/{appId}).
[7/4/15 22:31:13:152 BRT] 00000068 org.apache.wink.server.internal.log.Resources                I The server has registered the JAX-RS resource class com.ibm.elasticsearch.administration.LoadTesting with @Path(/load/apps/{appId}).
[7/4/15 22:31:13:152 BRT] 00000068 org.apache.wink.server.internal.log.Resources                I The server has registered the JAX-RS resource class com.ibm.elasticsearch.node.NodeManager with @Path(/node/apps/{appId}).
[7/4/15 22:31:13:152 BRT] 00000068 org.apache.wink.server.internal.log.Resources                I The server has registered the JAX-RS resource class com.ibm.elasticsearch.administration.Export with @Path(/export/{tenant}).
[7/4/15 22:31:13:153 BRT] 00000068 org.apache.wink.server.internal.log.Resources                I The server has registered the JAX-RS resource class com.ibm.elasticsearch.servlet.DataReceiver with @Path(/).
[7/4/15 22:31:13:153 BRT] 00000068 org.apache.wink.server.internal.log.Providers                I There are no custom JAX-RS providers defined in the application.
[7/4/15 22:31:13:205 BRT] 00000068 com.ibm.ws.webcontainer.servlet                              I SRVE0242I: [AnalyticsServices] [/analytics-service] [data]: Initialization successful.
[7/4/15 22:31:13:714 BRT] 0000002f SystemErr                                                    R 5181  WorklightManagementPU-derby  INFO   [LargeThreadPool-thread-17] openjpa.Runtime - Though you are using optimistic transactions, OpenJPA is now beginning a datastore transaction because you have requested a lock on some data.
[7/4/15 22:31:13:988 BRT] 0000002f SystemErr                                                    R 5455  WorklightManagementPU-derby  INFO   [LargeThreadPool-thread-17] openjpa.Runtime - Though you are using optimistic transactions, OpenJPA is now beginning a datastore transaction because you have requested a lock on some data.
[7/4/15 22:31:14:009 BRT] 0000002f org.springframework.web.context.ContextLoader                I Root WebApplicationContext: initialization completed in 12406 ms
[7/4/15 22:31:14:016 BRT] 0000002f ht.admin.listeners.WorklightManagementServletContextListener I MobileFirst Administration Services servlet context listener initialized
[7/4/15 22:31:14:042 BRT] 0000002f ht.admin.listeners.WorklightManagementServletContextListener I FWLSE3199I: ========= MobileFirst Administration Services version 7.0.0.00-20150610-1353 started.
[7/4/15 22:31:14:147 BRT] 0000002f org.apache.wink.server.internal.servlet.RestServlet          I The system is using the com.ibm.worklight.admin.services.ManagementServiceServlet JAX-RS application class that is named in the javax.ws.rs.Application init-param initialization parameter.
[7/4/15 22:31:14:467 BRT] 0000002f apache.wink.server.internal.application.ApplicationProcessor I The following JAX-RS application has been processed: com.ibm.worklight.admin.services.ManagementServiceServlet
[7/4/15 22:31:14:477 BRT] 0000002f org.apache.wink.server.internal.log.Resources                I The server has registered the JAX-RS resource class com.ibm.worklight.admin.services.ManagementService with @Path(/).
[7/4/15 22:31:14:489 BRT] 0000002f org.apache.wink.server.internal.log.Providers                I The class com.ibm.worklight.admin.util.ByteArrayWorkaroundProvider was registered as a JAX-RS MessageBodyReader provider for com.ibm.worklight.admin.util.ByteArrayWorkaround Java types and */* media types.
[7/4/15 22:31:14:489 BRT] 0000002f org.apache.wink.server.internal.log.Providers                I The class com.ibm.worklight.admin.util.ByteArrayWorkaroundProvider was registered as a JAX-RS MessageBodyWriter provider for com.ibm.worklight.admin.util.ByteArrayWorkaround Java types and */* media types.
[7/4/15 22:31:15:601 BRT] 0000002f com.ibm.ws.webcontainer.servlet                              I SRVE0242I: [WorklightServices] [/worklightadmin] [ManagementServlet]: Initialization successful.
[7/4/15 22:31:15:607 BRT] 0000002f com.ibm.ws.app.manager.AppMessageHelper                      A CWWKZ0001I: Application WorklightServices started in 34.056 seconds.
[7/4/15 22:31:16:560 BRT] 0000003c com.worklight.authorization.dao.ClientInstanceDAOFactory     I FWLSE0357I : Connecting to JPA DB [project Cognitive]
[7/4/15 22:31:16:687 BRT] 0000003c .worklight.server.bundle.project.ProjectConfigurationFactory W Using empty value for configuration property 'trusted.signer.certificate.paths'
[7/4/15 22:31:16:774 BRT] 0000003c com.worklight.core.session.DistributedAttributeStoreFactory  I FWLSE0296I: Attribute Store manager is 'com.worklight.core.session.HTTPSessionAttributeStoreManager@19cf9706'. [project Cognitive]
[7/4/15 22:31:16:985 BRT] 0000003c com.worklight.report.impl.GadgetReportsServiceImpl           I FWLSE0186I: Application raw reports are disabled. [project Cognitive]
[7/4/15 22:31:19:055 BRT] 0000003c com.worklight.common.util.jmx.LibertyJMXRegister             I FWLSE2008I: MBean registration succeeded for: com.worklight.common.server.jmx.api:type=ProjectManagement,qualifier=Cognitive [project Cognitive]
[7/4/15 22:31:19:106 BRT] 0000003c com.worklight.core.auth.impl.AuthenticationFilter            I FWLSE0273I: Set sync required to 'true' [project Cognitive]
[7/4/15 22:31:19:113 BRT] 0000003c com.worklight.common.util.jmx.LibertyRuntimeMBeanHandler     I Establishing REST connection to service:jmx:rest://localhost:10443/IBMJMXConnectorREST SSL handler=null
[7/4/15 22:31:19:148 BRT] 0000003c jmx.connector.client.rest.internal.RESTMBeanServerConnection I Value of retry post was already set: false
[7/4/15 22:31:20:349 BRT] 0000008d com.ibm.worklight.admin.jmx.ManagementMXBeanImpl             I Accessing the ping service http://localhost:10080//worklightadmin/ping
[7/4/15 22:31:20:566 BRT] 00000091 com.ibm.worklight.admin.services.ManagementService           I Ping service checking the availability of the HTTP(s) port successfully invoked
[7/4/15 22:31:20:594 BRT] 0000008d com.ibm.worklight.admin.jmx.ManagementMXBeanImpl             I The ping service http://localhost:10080//worklightadmin/ping is available
[7/4/15 22:31:20:629 BRT] 00000093 SystemErr                                                    R 12303  WorklightManagementPU-derby  INFO   [LargeThreadPool-thread-86] openjpa.Runtime - Starting OpenJPA 1.2.2
[7/4/15 22:31:20:631 BRT] 00000093 SystemErr                                                    R 12305  WorklightManagementPU-derby  INFO   [LargeThreadPool-thread-86] openjpa.jdbc.JDBC - Using dictionary class "org.apache.openjpa.jdbc.sql.DerbyDictionary" (Apache Derby 10.8.2.2 - (1181258) ,Apache Derby Embedded JDBC Driver 10.8.2.2 - (1181258)).
[7/4/15 22:31:21:503 BRT] 00000093 SystemErr                                                    R 12970  WorklightManagementPU-derby  INFO   [LargeThreadPool-thread-86] openjpa.Runtime - Though you are using optimistic transactions, OpenJPA is now beginning a datastore transaction because you have requested a lock on some data.
[7/4/15 22:31:21:510 BRT] 00000093 SystemErr                                                    R 12977  WorklightManagementPU-derby  INFO   [LargeThreadPool-thread-86] openjpa.Runtime - Though you are using optimistic transactions, OpenJPA is now beginning a datastore transaction because you have requested a lock on some data.
[7/4/15 22:31:22:687 BRT] 0000003c com.worklight.core.auth.impl.AuthenticationFilter            I FWLSE0273I: Set sync required to 'true' [project Cognitive]
[7/4/15 22:31:22:689 BRT] 0000003c com.worklight.core.jmx.ProjectSynchronizationBean            I FWLSE0271I: Resources dir '/Users/percival/Documents/workspace/MobileFirstServerConfig/servers/worklight/workarea/org.eclipse.osgi/82/data/temp/default_node/SMF_WebContainer/Cognitive/Cognitive/widget-resources' is going to be cleaned [project Cognitive]
[7/4/15 22:31:23:901 BRT] 0000003c com.worklight.common.util.HttpUtil                           I FWLSE2014I: Downloading a worklight artifact from http://localhost:10080/worklightadmin/otu/1.0/ffffff93ffffffd2091b08ffffff92ffffffce444d3effffffbeffffffc5556a1c68/runtimes/Cognitive/downloads/applications/Cognitive/android/1.0 [project Cognitive]
[7/4/15 22:31:23:990 BRT] 0000003c com.worklight.common.util.HttpUtil                           I FWLSE2014I: Downloading a worklight artifact from http://localhost:10080/worklightadmin/otu/1.0/ffffff93ffffffd2091b08ffffff92ffffffce444d3effffffbeffffffc5556a1c68/runtimes/Cognitive/downloads/applications/Cognitive/common/1.0 [project Cognitive]
[7/4/15 22:31:24:040 BRT] 0000003c om.worklight.applications.deployers.base.EnvironmentDeployer I FWLSE0274I: Environment common deployed to directory '/Users/percival/Documents/workspace/MobileFirstServerConfig/servers/worklight/workarea/org.eclipse.osgi/82/data/temp/default_node/SMF_WebContainer/Cognitive/Cognitive/widget-resources/Cognitive-common-321616693a6d1f8181672fd76762e4091c5577b4' . [project Cognitive]
[7/4/15 22:31:24:071 BRT] 0000003c om.worklight.applications.deployers.base.EnvironmentDeployer I FWLSE0274I: Environment android deployed to directory '/Users/percival/Documents/workspace/MobileFirstServerConfig/servers/worklight/workarea/org.eclipse.osgi/82/data/temp/default_node/SMF_WebContainer/Cognitive/Cognitive/widget-resources/Cognitive-android-1.0-605327cbd802a5895434d4f1c0411da0871994d9' . [project Cognitive]
[7/4/15 22:31:24:771 BRT] 000000ac SystemErr                                                    R 16238  WorklightManagementPU-derby  INFO   [LargeThreadPool-thread-109] openjpa.Runtime - Though you are using optimistic transactions, OpenJPA is now beginning a datastore transaction because you have requested a lock on some data.
[7/4/15 22:31:24:796 BRT] 000000ac com.ibm.worklight.admin.jmx.ManagementMXBeanImpl             I Result: Cognitive: worklight///192.168.0.17: Runtime was synchronized successfully
[7/4/15 22:31:24:796 BRT] 000000ac com.ibm.worklight.admin.jmx.ManagementMXBeanImpl             I Cognitive: worklight///192.168.0.17: 2015-07-05T01:31:24.749Z: Preparation to deploy 'Cognitive' finished
[7/4/15 22:31:24:797 BRT] 000000ac com.ibm.worklight.admin.jmx.ManagementMXBeanImpl             I Cognitive: worklight///192.168.0.17: 2015-07-05T01:31:24.752Z: Transaction handler reset
[7/4/15 22:31:24:800 BRT] 0000003c com.worklight.core.init.WorklightServletInitializer          I FWLSE0247I: The Cognitive project initialization times were: start-firstReadyCheck=4, firstReadyCheck=1,492, ready for sync=0, sync=4,199 [project Cognitive]
[7/4/15 22:31:24:801 BRT] 0000003c com.worklight.core.auth.impl.AuthenticationFilter            I FWLSE0273I: Set sync required to 'false' [project Cognitive]
[7/4/15 22:31:24:869 BRT] 0000003c com.worklight.core.ilmt.WorklightILMTLogger                  I FWLSE0278I: The default ILMT directory '/var/ibm/common/slm' cannot be used. [project Cognitive]
[7/4/15 22:31:24:870 BRT] 0000003c com.worklight.core.ilmt.WorklightILMTLogger                  I FWLSE0282I: Using the ILMT directory '/Users/percival/Documents/workspace/MobileFirstServerConfig/servers/worklight/logs'. [project Cognitive]
[7/4/15 22:31:24:886 BRT] 0000003c com.worklight.server.bundle.project.JeeProjectActivator      I FWLST0002I: ========= Project /Cognitive started. The project WAR file version is 7.0.0.00.20150610-1353,running on server version 7.0.0.00.20150610-1353. [project Cognitive]
[7/4/15 22:31:26:294 BRT] 000000b5 com.ibm.ws.webcontainer.servlet                              I SRVE0242I: [Cognitive] [/Cognitive] [PreviewServlet]: Initialization successful.
[7/4/15 22:31:39:920 BRT] 00000066 com.ibm.elasticsearch.util.Warmers                           I Warmers have been disabled
[7/4/15 22:31:39:920 BRT] 00000066 com.ibm.elasticsearch.util.Warmers                           I Warmer frequency set to 0 milliseconds
[7/4/15 22:32:24:888 BRT] 000000ae com.worklight.core.ilmt.WorklightILMTLogger                  I FWLSE0277I: Creating an ILMT record in the file '/Users/percival/Documents/workspace/MobileFirstServerConfig/servers/worklight/logs/c8c9e637d2e2a480b0a5227b1e4f6076.slmtag'.
[7/4/15 22:42:13:864 BRT] 0000010a com.ibm.ws.http.internal.VirtualHostImpl                     A CWWKT0017I: Web application removed (default_host): http://192.168.0.17:10080/worklightadmin/
[7/4/15 22:42:13:915 BRT] 0000014c com.ibm.ws.http.internal.VirtualHostImpl                     A CWWKT0017I: Web application removed (default_host): http://192.168.0.17:10080/Cognitive/
[7/4/15 22:42:13:928 BRT] 0000011a com.ibm.ws.http.internal.VirtualHostImpl                     A CWWKT0017I: Web application removed (default_host): http://192.168.0.17:10080/analytics-service/
[7/4/15 22:42:13:936 BRT] 0000008e com.ibm.ws.http.internal.VirtualHostImpl                     A CWWKT0017I: Web application removed (default_host): http://192.168.0.17:10080/worklightconsole/
[7/4/15 22:42:13:939 BRT] 0000005b com.ibm.ws.http.internal.VirtualHostImpl                     A CWWKT0017I: Web application removed (default_host): http://192.168.0.17:10080/analytics/
[7/4/15 22:42:13:942 BRT] 0000010d com.ibm.ws.http.internal.VirtualHostImpl                     A CWWKT0017I: Web application removed (default_host): http://192.168.0.17:10080/_MobileBrowserSimulator/
[7/4/15 22:42:13:947 BRT] 0000008e com.ibm.ws.webcontainer.servlet                              I SRVE0253I: [WorklightConsole] [/worklightconsole] [servicesServlet]: Destroy successful.
[7/4/15 22:42:13:947 BRT] 0000005b com.ibm.ws.webcontainer.servlet                              I SRVE0253I: [AnalyticsUI] [/analytics] [servicesServlet]: Destroy successful.
[7/4/15 22:42:13:952 BRT] 0000005b com.ibm.ws.webcontainer.servlet                              I SRVE0253I: [AnalyticsUI] [/analytics] [utilityServlet]: Destroy successful.
[7/4/15 22:42:13:955 BRT] 0000010a com.ibm.ws.webcontainer.servlet                              I SRVE0253I: [WorklightServices] [/worklightadmin] [ManagementServlet]: Destroy successful.
[7/4/15 22:42:13:955 BRT] 0000011a com.ibm.ws.webcontainer.servlet                              I SRVE0253I: [AnalyticsServices] [/analytics-service] [data]: Destroy successful.
[7/4/15 22:42:13:961 BRT] 0000014c com.ibm.ws.webcontainer.servlet                              I SRVE0253I: [Cognitive] [/Cognitive] [AuthorizationServer]: Destroy successful.
[7/4/15 22:42:13:962 BRT] 0000010a ht.admin.listeners.WorklightManagementServletContextListener I MobileFirst Administration Services servlet context listener destroyed
[7/4/15 22:42:13:962 BRT] 0000010a com.ibm.ws.webcontainer.webapp                               I SRVE0292I: Servlet Message - [worklight-management-service]:.Closing Spring root WebApplicationContext
[7/4/15 22:42:13:964 BRT] 0000010a springframework.web.context.support.XmlWebApplicationContext I Closing Root WebApplicationContext: startup date [Sat Jul 04 22:31:02 BRT 2015]; root of context hierarchy
[7/4/15 22:42:13:966 BRT] 0000014c com.ibm.ws.webcontainer.servlet                              I SRVE0253I: [Cognitive] [/Cognitive] [OAuthAuthorizationServer]: Destroy successful.
[7/4/15 22:42:13:968 BRT] 0000014c com.ibm.ws.webcontainer.servlet                              I SRVE0253I: [Cognitive] [/Cognitive] [PushWorksApplication]: Destroy successful.
[7/4/15 22:42:13:968 BRT] 0000014c com.ibm.ws.webcontainer.servlet                              I SRVE0253I: [Cognitive] [/Cognitive] [PreviewServlet]: Destroy successful.
[7/4/15 22:42:13:968 BRT] 0000010a ngframework.beans.factory.support.DefaultListableBeanFactory I Destroying singletons in org.springframework.beans.factory.support.DefaultListableBeanFactory@55aecb52: defining beans [registrationServiceFactory]; root of factory hierarchy
[7/4/15 22:42:13:970 BRT] 0000014c com.worklight.core.ilmt.WorklightILMTLogger                  I FWLSE0277I: Creating an ILMT record in the file '/Users/percival/Documents/workspace/MobileFirstServerConfig/servers/worklight/logs/c8c9e637d2e2a480b0a5227b1e4f6076.slmtag'. [project Cognitive]
[7/4/15 22:42:14:008 BRT] 0000010d com.ibm.ws.app.manager.AppMessageHelper                      A CWWKZ0009I: The application _MobileBrowserSimulator has stopped successfully.
[7/4/15 22:42:14:017 BRT] 0000005b com.ibm.ws.app.manager.AppMessageHelper                      A CWWKZ0009I: The application AnalyticsUI has stopped successfully.
[7/4/15 22:42:14:021 BRT] 0000008e com.ibm.ws.app.manager.AppMessageHelper                      A CWWKZ0009I: The application WorklightConsole has stopped successfully.
[7/4/15 22:42:14:032 BRT] 0000012a com.ibm.ws.http.internal.VirtualHostImpl                     A CWWKT0017I: Web application removed (default_host): http://192.168.0.17:10080/app/
[7/4/15 22:42:14:040 BRT] 0000012a com.ibm.ws.webcontainer.servlet                              I SRVE0253I: [watson-qa2] [/app] [Application Servlet]: Destroy successful.
[7/4/15 22:42:14:044 BRT] 0000012a com.ibm.ws.app.manager.AppMessageHelper                      A CWWKZ0009I: The application watson-qa2 has stopped successfully.
[7/4/15 22:42:14:052 BRT] 0000010a com.ibm.ws.app.manager.AppMessageHelper                      A CWWKZ0009I: The application WorklightServices has stopped successfully.
[7/4/15 22:42:14:191 BRT] 0000011a com.ibm.ws.app.manager.AppMessageHelper                      A CWWKZ0009I: The application AnalyticsServices has stopped successfully.
[7/4/15 22:42:15:050 BRT] 0000014c ingframework.context.support.FileSystemXmlApplicationContext I Closing org.springframework.context.support.FileSystemXmlApplicationContext@619e8e83: startup date [Sat Jul 04 22:30:55 BRT 2015]; root of context hierarchy
[7/4/15 22:42:15:052 BRT] 0000014c ngframework.beans.factory.support.DefaultListableBeanFactory I Destroying singletons in org.springframework.beans.factory.support.DefaultListableBeanFactory@497833e9: defining beans [org.springframework.context.annotation.internalConfigurationAnnotationProcessor,org.springframework.context.annotation.internalAutowiredAnnotationProcessor,org.springframework.context.annotation.internalRequiredAnnotationProcessor,org.springframework.context.annotation.internalCommonAnnotationProcessor,org.springframework.context.annotation.internalPersistenceAnnotationProcessor,txManager,mailingService,WorkLightNotice,rssBrokerUtils,audit,GenericDAO,clusterSynchronizationDAO,taskCoordinator,taskManager,worklightAuthenticationService,loginConfigurationServiceBean,protectedResourceFactory,authenticationDAO,ssoDAO,ssoExpiredLoginContextsCleanupTask,keyStoreManager,authorizationServer,OAuthValidator,OAuthValidationFilter,authorizationStore,OAuthInternalFilter,JAXRSSandboxFactory,AdapterResourceFactory,wlServerAPI,securityAPI,adaptersAPI,configurationAPI,pushAPI,analyticsAPI,winkFrameworkSharedClassLoader,dataAccessService,shellResourcesService,analyticsService,coreServiceManager,adapterManager,nodeProcessManager,adapterManagementService,factProcessingTask,PlatformUsageProcessingTask,notificationCleanupTask,WSSecurityService,gadgetDAO,deviceDAO,licenseTermsDAO,platformUsageService,configProfileService,gfwProps,gadgetEnvironmentManager,gadgetResourcesRoot,gadgetCustomizedResourcesRoot,applicationMetadataService,applicationManagementService,beaconService,clientInstanceDAOJpa,clientInstanceDAOCloudant,clientInstanceDAO,notificationsSimulationManager,pushServiceListener,PushService,worklight-direct,rssBrokerDS,brokerSessionFactory,reportService,reportsDS,reportsBrokerDS,reportsSessionFactory,gadgetReportsDAO,notificationReportsDao,gadgetReportsService,analyticsFactService,nodeInfo,registrationService,runtimeTransactionHandler,projectSyncService,xsConfiguration,attributeStoreFactory,org.springframework.context.annotation.ConfigurationClassPostProcessor.importAwareProcessor]; root of factory hierarchy
[7/4/15 22:42:15:062 BRT] 0000014c ringframework.orm.jpa.LocalContainerEntityManagerFactoryBean I Closing JPA EntityManagerFactory for persistence unit 'WorklightReportsPU'
[7/4/15 22:42:15:063 BRT] 0000014c ringframework.orm.jpa.LocalContainerEntityManagerFactoryBean I Closing JPA EntityManagerFactory for persistence unit 'WorklightPU'
[7/4/15 22:42:15:081 BRT] 0000014c hsqldb.db.HSQLDB4E5B0A7FD5.ENGINE                            I Database closed
[7/4/15 22:42:15:188 BRT] 0000014c com.worklight.server.bundle.project.JeeProjectActivator      I FWLST0004I: ========= Project /Cognitive stopped
[7/4/15 22:42:15:193 BRT] 0000014c com.ibm.ws.app.manager.AppMessageHelper                      A CWWKZ0009I: The application Cognitive has stopped successfully.
[7/4/15 22:42:15:349 BRT] 00000164 SystemErr                                                    R java.net.SocketException: Connection reset
[7/4/15 22:42:15:350 BRT] 00000164 SystemErr                                                    R 	at java.net.SocketInputStream.read(SocketInputStream.java:196)
[7/4/15 22:42:15:350 BRT] 00000164 SystemErr                                                    R 	at java.net.SocketInputStream.read(SocketInputStream.java:122)
[7/4/15 22:42:15:350 BRT] 00000164 SystemErr                                                    R 	at java.io.BufferedInputStream.fill(BufferedInputStream.java:235)
[7/4/15 22:42:15:350 BRT] 00000164 SystemErr                                                    R 	at java.io.BufferedInputStream.read1(BufferedInputStream.java:275)
[7/4/15 22:42:15:350 BRT] 00000164 SystemErr                                                    R 	at java.io.BufferedInputStream.read(BufferedInputStream.java:334)
[7/4/15 22:42:15:351 BRT] 00000164 SystemErr                                                    R 	at sun.net.www.http.HttpClient.parseHTTPHeader(HttpClient.java:687)
[7/4/15 22:42:15:351 BRT] 00000164 SystemErr                                                    R 	at sun.net.www.http.HttpClient.parseHTTP(HttpClient.java:633)
[7/4/15 22:42:15:351 BRT] 00000164 SystemErr                                                    R 	at sun.net.www.protocol.http.HttpURLConnection.getInputStream(HttpURLConnection.java:1323)
[7/4/15 22:42:15:351 BRT] 00000164 SystemErr                                                    R 	at java.net.HttpURLConnection.getResponseCode(HttpURLConnection.java:468)
[7/4/15 22:42:15:351 BRT] 00000164 SystemErr                                                    R 	at org.apache.wink.client.internal.handlers.HttpURLConnectionHandler.createResponse(HttpURLConnectionHandler.java:181)
[7/4/15 22:42:15:352 BRT] 00000164 SystemErr                                                    R 	at org.apache.wink.client.internal.handlers.HttpURLConnectionHandler.processResponse(HttpURLConnectionHandler.java:161)
[7/4/15 22:42:15:352 BRT] 00000164 SystemErr                                                    R 	at org.apache.wink.client.internal.handlers.HttpURLConnectionHandler.handle(HttpURLConnectionHandler.java:55)
[7/4/15 22:42:15:352 BRT] 00000164 SystemErr                                                    R 	at org.apache.wink.client.internal.handlers.HandlerContextImpl.doChain(HandlerContextImpl.java:52)
[7/4/15 22:42:15:352 BRT] 00000164 SystemErr                                                    R 	at org.apache.wink.client.internal.handlers.AcceptHeaderHandler.handle(AcceptHeaderHandler.java:79)
[7/4/15 22:42:15:353 BRT] 00000164 SystemErr                                                    R 	at org.apache.wink.client.internal.handlers.HandlerContextImpl.doChain(HandlerContextImpl.java:52)
[7/4/15 22:42:15:353 BRT] 00000164 SystemErr                                                    R 	at org.apache.wink.client.handlers.BasicAuthSecurityHandler.handle(BasicAuthSecurityHandler.java:81)
[7/4/15 22:42:15:353 BRT] 00000164 SystemErr                                                    R 	at org.apache.wink.client.internal.handlers.HandlerContextImpl.doChain(HandlerContextImpl.java:52)
[7/4/15 22:42:15:353 BRT] 00000164 SystemErr                                                    R 	at org.apache.wink.client.internal.ResourceImpl.invoke(ResourceImpl.java:227)
[7/4/15 22:42:15:353 BRT] 00000164 SystemErr                                                    R 	at org.apache.wink.client.internal.ResourceImpl.invoke(ResourceImpl.java:189)
[7/4/15 22:42:15:354 BRT] 00000164 SystemErr                                                    R 	at org.apache.wink.client.internal.ResourceImpl.invokeNoException(ResourceImpl.java:181)
[7/4/15 22:42:15:354 BRT] 00000164 SystemErr                                                    R 	at org.apache.wink.client.internal.ResourceImpl.post(ResourceImpl.java:322)
[7/4/15 22:42:15:354 BRT] 00000164 SystemErr                                                    R 	at com.ibm.mbaas.analytics.sdk.internal.AnalyticsWinkConnection.send(AnalyticsWinkConnection.java:139)
[7/4/15 22:42:15:354 BRT] 00000164 SystemErr                                                    R 	at com.ibm.mbaas.analytics.sdk.internal.AbstractAnalyticsConnection.sendBatchEvent(AbstractAnalyticsConnection.java:75)
[7/4/15 22:42:15:354 BRT] 00000164 SystemErr                                                    R 	at com.ibm.mbaas.analytics.sdk.internal.AnalyticEventThread$AnalyticsForwarder.run(AnalyticEventThread.java:230)
[7/4/15 22:42:15:355 BRT] 00000164 SystemErr                                                    R 	at java.util.concurrent.ThreadPoolExecutor.runWorker(ThreadPoolExecutor.java:1145)
[7/4/15 22:42:15:355 BRT] 00000164 SystemErr                                                    R 	at java.util.concurrent.ThreadPoolExecutor$Worker.run(ThreadPoolExecutor.java:615)
[7/4/15 22:42:15:355 BRT] 00000164 SystemErr                                                    R 	at java.lang.Thread.run(Thread.java:744)
[7/4/15 22:42:15:357 BRT] 0000015d com.ibm.tx.jta.impl.FailureScopeController                   A WTRN0105I: The transaction service has shutdown successfully with no transactions requiring recovery.
[7/4/15 22:42:15:391 BRT] 0000015d com.ibm.ws.http.internal.VirtualHostImpl                     A CWWKT0017I: Web application removed (default_host): http://192.168.0.17:10080/IBMJMXConnectorREST/
[7/4/15 22:42:15:393 BRT] 0000015d com.ibm.ws.webcontainer.servlet                              I SRVE0253I: [com.ibm.ws.jmx.connector.server.rest] [/IBMJMXConnectorREST] [MBeanServerConnector]: Destroy successful.
[7/4/15 22:42:15:529 BRT] 0000015d com.ibm.ws.security.internal.SecurityReadyServiceImpl        I CWWKS0008I: The security service is ready.
[7/4/15 22:42:15:720 BRT] 0000015d com.ibm.ws.security.internal.SecurityReadyServiceImpl        I CWWKS0009I: The security service has stopped.
[7/4/15 22:42:15:798 BRT] 000000f0 com.ibm.ws.tcpchannel.internal.TCPChannel                    I CWWKO0220I: TCP Channel defaultHttpEndpoint has stopped listening for requests on host *  (IPv6) port 10080.
[7/4/15 22:42:15:813 BRT] 000000f0 com.ibm.ws.tcpchannel.internal.TCPChannel                    I CWWKO0220I: TCP Channel defaultHttpEndpoint-ssl has stopped listening for requests on host *  (IPv6) port 10443.
[7/4/15 22:42:16:085 BRT] 00000001 com.ibm.ws.kernel.launch.internal.FrameworkManager           A CWWKE0036I: The server worklight stopped after 11 minutes, 42.695 seconds.
