********************************************************************************
product = WebSphere Application Server 8.5.5.4 (wlp-1.0.7.cl50420141121-1414)
wlp.install.dir = /Applications/Eclipse.app/Contents/Eclipse/plugins/com.worklight.worklight-artifacts_7.0.0.00-20150610-1353/liberty/wlp/
server.config.dir = /Users/percival/Documents/workspace/MobileFirstServerConfig/servers/worklight/
java.home = /Library/Java/JavaVirtualMachines/jdk1.7.0_45.jdk/Contents/Home/jre
java.version = 1.7.0_45
java.runtime = Java(TM) SE Runtime Environment (1.7.0_45-b18)
os = Mac OS X (10.9.5; x86_64) (en_US)
process = 4616@R2D2.local
********************************************************************************
[7/4/15 22:42:34:238 BRT] 00000001 com.ibm.ws.kernel.launch.internal.FrameworkManager           A CWWKE0001I: The server worklight has been launched.
[7/4/15 22:42:36:879 BRT] 00000001 com.ibm.ws.kernel.launch.internal.FrameworkManager           I CWWKE0002I: The kernel started after 2.92 seconds
[7/4/15 22:42:36:949 BRT] 00000018 com.ibm.ws.kernel.feature.internal.FeatureManager            I CWWKF0007I: Feature update started.
[7/4/15 22:42:38:277 BRT] 00000011 com.ibm.ws.security.internal.SecurityReadyServiceImpl        I CWWKS0007I: The security service is starting...
[7/4/15 22:42:39:265 BRT] 00000011 com.ibm.ws.app.manager.internal.monitor.DropinMonitor        A CWWKZ0058I: Monitoring dropins for applications. 
[7/4/15 22:42:39:596 BRT] 0000001c com.ibm.ws.tcpchannel.internal.TCPChannel                    I CWWKO0219I: TCP Channel defaultHttpEndpoint has been started and is now listening for requests on host *  (IPv6) port 10080.
[7/4/15 22:42:39:616 BRT] 0000001c com.ibm.ws.tcpchannel.internal.TCPChannel                    I CWWKO0219I: TCP Channel defaultHttpEndpoint-ssl has been started and is now listening for requests on host *  (IPv6) port 10443.
[7/4/15 22:42:40:183 BRT] 00000011 com.ibm.ws.cache.ServerCache                                 I DYNA1001I: WebSphere Dynamic Cache instance named baseCache initialized successfully.
[7/4/15 22:42:40:187 BRT] 00000011 com.ibm.ws.cache.ServerCache                                 I DYNA1071I: The cache provider default is being used.
[7/4/15 22:42:40:189 BRT] 00000011 com.ibm.ws.cache.CacheServiceImpl                            I DYNA1056I: Dynamic Cache (object cache) initialized successfully.
[7/4/15 22:42:40:259 BRT] 00000027 com.ibm.ws.security.internal.SecurityReadyServiceImpl        I CWWKS0008I: The security service is ready.
[7/4/15 22:42:40:261 BRT] 00000027 com.ibm.ws.security.token.ltpa.internal.LTPAKeyCreator       I CWWKS4105I: LTPA configuration is ready after 0.235 seconds.
[7/4/15 22:42:40:789 BRT] 0000002d com.ibm.ws.app.manager.AppMessageHelper                      I CWWKZ0018I: Starting application AnalyticsServices.
[7/4/15 22:42:40:790 BRT] 0000002f com.ibm.ws.app.manager.AppMessageHelper                      I CWWKZ0018I: Starting application AnalyticsUI.
[7/4/15 22:42:40:792 BRT] 0000002b com.ibm.ws.app.manager.AppMessageHelper                      I CWWKZ0018I: Starting application Cognitive.
[7/4/15 22:42:40:795 BRT] 0000002c com.ibm.ws.app.manager.AppMessageHelper                      I CWWKZ0018I: Starting application watson-qa2.
[7/4/15 22:42:40:795 BRT] 0000002e com.ibm.ws.app.manager.AppMessageHelper                      I CWWKZ0018I: Starting application _MobileBrowserSimulator.
[7/4/15 22:42:40:797 BRT] 0000002a com.ibm.ws.app.manager.AppMessageHelper                      I CWWKZ0018I: Starting application WorklightServices.
[7/4/15 22:42:40:797 BRT] 00000030 com.ibm.ws.app.manager.AppMessageHelper                      I CWWKZ0018I: Starting application WorklightConsole.
[7/4/15 22:42:41:046 BRT] 0000002d m.ibm.ws.container.service.app.deploy.ManifestClassPathUtils W SRVE9967W: The manifest class path xml-apis.jar can not be found in jar file wsjar:file:/Users/percival/Documents/workspace/MobileFirstServerConfig/servers/worklight/apps/analytics-service.war!/WEB-INF/lib/serializer-2.7.2.jar or its parent.
[7/4/15 22:42:41:106 BRT] 0000002d m.ibm.ws.container.service.app.deploy.ManifestClassPathUtils W SRVE9967W: The manifest class path xercesImpl.jar can not be found in jar file wsjar:file:/Users/percival/Documents/workspace/MobileFirstServerConfig/servers/worklight/apps/analytics-service.war!/WEB-INF/lib/xalan-2.7.2.jar or its parent.
[7/4/15 22:42:41:107 BRT] 0000002d m.ibm.ws.container.service.app.deploy.ManifestClassPathUtils W SRVE9967W: The manifest class path xml-apis.jar can not be found in jar file wsjar:file:/Users/percival/Documents/workspace/MobileFirstServerConfig/servers/worklight/apps/analytics-service.war!/WEB-INF/lib/xalan-2.7.2.jar or its parent.
[7/4/15 22:42:41:107 BRT] 0000002d m.ibm.ws.container.service.app.deploy.ManifestClassPathUtils W SRVE9967W: The manifest class path serializer.jar can not be found in jar file wsjar:file:/Users/percival/Documents/workspace/MobileFirstServerConfig/servers/worklight/apps/analytics-service.war!/WEB-INF/lib/xalan-2.7.2.jar or its parent.
[7/4/15 22:42:41:272 BRT] 00000030 m.ibm.ws.container.service.app.deploy.ManifestClassPathUtils W SRVE9967W: The manifest class path jaxb-api.jar can not be found in jar file wsjar:file:/Users/percival/Documents/workspace/MobileFirstServerConfig/servers/worklight/apps/worklight-management-ui.war!/WEB-INF/lib/jaxb-impl-2.1.12.osgi.jar or its parent.
[7/4/15 22:42:41:280 BRT] 00000030 m.ibm.ws.container.service.app.deploy.ManifestClassPathUtils W SRVE9967W: The manifest class path activation.jar can not be found in jar file wsjar:file:/Users/percival/Documents/workspace/MobileFirstServerConfig/servers/worklight/apps/worklight-management-ui.war!/WEB-INF/lib/jaxb-impl-2.1.12.osgi.jar or its parent.
[7/4/15 22:42:41:295 BRT] 00000030 m.ibm.ws.container.service.app.deploy.ManifestClassPathUtils W SRVE9967W: The manifest class path jsr173_1.0_api.jar can not be found in jar file wsjar:file:/Users/percival/Documents/workspace/MobileFirstServerConfig/servers/worklight/apps/worklight-management-ui.war!/WEB-INF/lib/jaxb-impl-2.1.12.osgi.jar or its parent.
[7/4/15 22:42:41:296 BRT] 00000030 m.ibm.ws.container.service.app.deploy.ManifestClassPathUtils W SRVE9967W: The manifest class path jaxb1-impl.jar can not be found in jar file wsjar:file:/Users/percival/Documents/workspace/MobileFirstServerConfig/servers/worklight/apps/worklight-management-ui.war!/WEB-INF/lib/jaxb-impl-2.1.12.osgi.jar or its parent.
[7/4/15 22:42:41:749 BRT] 00000030 m.ibm.ws.container.service.app.deploy.ManifestClassPathUtils W SRVE9967W: The manifest class path jaxb-api.jar can not be found in jar file wsjar:file:/Users/percival/Documents/workspace/MobileFirstServerConfig/servers/worklight/apps/worklight-management-ui.war!/WEB-INF/lib/jaxb-impl-2.1.12.osgi.jar or its parent.
[7/4/15 22:42:41:749 BRT] 00000030 m.ibm.ws.container.service.app.deploy.ManifestClassPathUtils W SRVE9967W: The manifest class path activation.jar can not be found in jar file wsjar:file:/Users/percival/Documents/workspace/MobileFirstServerConfig/servers/worklight/apps/worklight-management-ui.war!/WEB-INF/lib/jaxb-impl-2.1.12.osgi.jar or its parent.
[7/4/15 22:42:41:750 BRT] 00000030 m.ibm.ws.container.service.app.deploy.ManifestClassPathUtils W SRVE9967W: The manifest class path jsr173_1.0_api.jar can not be found in jar file wsjar:file:/Users/percival/Documents/workspace/MobileFirstServerConfig/servers/worklight/apps/worklight-management-ui.war!/WEB-INF/lib/jaxb-impl-2.1.12.osgi.jar or its parent.
[7/4/15 22:42:41:750 BRT] 00000030 m.ibm.ws.container.service.app.deploy.ManifestClassPathUtils W SRVE9967W: The manifest class path jaxb1-impl.jar can not be found in jar file wsjar:file:/Users/percival/Documents/workspace/MobileFirstServerConfig/servers/worklight/apps/worklight-management-ui.war!/WEB-INF/lib/jaxb-impl-2.1.12.osgi.jar or its parent.
[7/4/15 22:42:41:776 BRT] 0000002e com.ibm.ws.webcontainer.osgi.webapp.WebGroup                 I SRVE0169I: Loading Web Module: _MobileBrowserSimulator.
[7/4/15 22:42:41:814 BRT] 0000002e com.ibm.ws.webcontainer                                      I SRVE0250I: Web Module _MobileBrowserSimulator has been bound to default_host.
[7/4/15 22:42:41:823 BRT] 0000002e com.ibm.ws.http.internal.VirtualHostImpl                     A CWWKT0016I: Web application available (default_host): http://192.168.0.17:10080/_MobileBrowserSimulator/
[7/4/15 22:42:41:974 BRT] 0000002f com.ibm.ws.webcontainer.osgi.webapp.WebGroup                 I SRVE0169I: Loading Web Module: analytics.
[7/4/15 22:42:41:974 BRT] 0000002f com.ibm.ws.webcontainer                                      I SRVE0250I: Web Module analytics has been bound to default_host.
[7/4/15 22:42:41:981 BRT] 0000002f com.ibm.ws.http.internal.VirtualHostImpl                     A CWWKT0016I: Web application available (default_host): http://192.168.0.17:10080/analytics/
[7/4/15 22:42:42:038 BRT] 0000002e com.ibm.ws.session.WASSessionCore                            I SESN8501I: The session manager did not find a persistent storage location; HttpSession objects will be stored in the local application server's memory.
[7/4/15 22:42:42:043 BRT] 0000002e com.ibm.ws.session.WASSessionCore                            I SESN0176I: A new session context will be created for application key default_host/_MobileBrowserSimulator
[7/4/15 22:42:42:052 BRT] 0000002f com.ibm.ws.session.WASSessionCore                            I SESN0176I: A new session context will be created for application key default_host/analytics
[7/4/15 22:42:42:117 BRT] 0000002e com.ibm.ws.util                                              I SESN0172I: The session manager is using the Java default SecureRandom implementation for session ID generation.
[7/4/15 22:42:42:172 BRT] 0000002f com.ibm.ws.util                                              I SESN0172I: The session manager is using the Java default SecureRandom implementation for session ID generation.
[7/4/15 22:42:42:418 BRT] 00000028 com.ibm.ws.webcontainer.osgi.webapp.WebGroup                 I SRVE0169I: Loading Web Module: IBMJMXConnectorREST.
[7/4/15 22:42:42:418 BRT] 00000028 com.ibm.ws.webcontainer                                      I SRVE0250I: Web Module IBMJMXConnectorREST has been bound to default_host.
[7/4/15 22:42:42:418 BRT] 00000028 com.ibm.ws.http.internal.VirtualHostImpl                     A CWWKT0016I: Web application available (default_host): http://192.168.0.17:10080/IBMJMXConnectorREST/
[7/4/15 22:42:42:420 BRT] 00000028 com.ibm.ws.jmx.connector.server.rest.RESTAppListener         I CWWKX0103I: The JMX REST connector is running and is available at the following service URL: service:jmx:rest://192.168.0.17:10443/IBMJMXConnectorREST
[7/4/15 22:42:42:456 BRT] 0000002b com.ibm.ws.webcontainer.osgi.webapp.WebGroup                 I SRVE0169I: Loading Web Module: Worklight.
[7/4/15 22:42:42:457 BRT] 0000002b com.ibm.ws.webcontainer                                      I SRVE0250I: Web Module Worklight has been bound to default_host.
[7/4/15 22:42:42:457 BRT] 0000002b com.ibm.ws.http.internal.VirtualHostImpl                     A CWWKT0016I: Web application available (default_host): http://192.168.0.17:10080/Cognitive/
[7/4/15 22:42:42:533 BRT] 0000002e com.ibm.ws.cache.CacheServiceImpl                            I DYNA1056I: Dynamic Cache (object cache) initialized successfully.
[7/4/15 22:42:42:535 BRT] 00000028 com.ibm.ws.session.WASSessionCore                            I SESN0176I: A new session context will be created for application key default_host/IBMJMXConnectorREST
[7/4/15 22:42:42:536 BRT] 00000028 com.ibm.ws.util                                              I SESN0172I: The session manager is using the Java default SecureRandom implementation for session ID generation.
[7/4/15 22:42:42:621 BRT] 0000002d m.ibm.ws.container.service.app.deploy.ManifestClassPathUtils W SRVE9967W: The manifest class path xml-apis.jar can not be found in jar file wsjar:file:/Users/percival/Documents/workspace/MobileFirstServerConfig/servers/worklight/apps/analytics-service.war!/WEB-INF/lib/serializer-2.7.2.jar or its parent.
[7/4/15 22:42:42:705 BRT] 0000002d m.ibm.ws.container.service.app.deploy.ManifestClassPathUtils W SRVE9967W: The manifest class path xercesImpl.jar can not be found in jar file wsjar:file:/Users/percival/Documents/workspace/MobileFirstServerConfig/servers/worklight/apps/analytics-service.war!/WEB-INF/lib/xalan-2.7.2.jar or its parent.
[7/4/15 22:42:42:705 BRT] 0000002d m.ibm.ws.container.service.app.deploy.ManifestClassPathUtils W SRVE9967W: The manifest class path xml-apis.jar can not be found in jar file wsjar:file:/Users/percival/Documents/workspace/MobileFirstServerConfig/servers/worklight/apps/analytics-service.war!/WEB-INF/lib/xalan-2.7.2.jar or its parent.
[7/4/15 22:42:42:706 BRT] 0000002d m.ibm.ws.container.service.app.deploy.ManifestClassPathUtils W SRVE9967W: The manifest class path serializer.jar can not be found in jar file wsjar:file:/Users/percival/Documents/workspace/MobileFirstServerConfig/servers/worklight/apps/analytics-service.war!/WEB-INF/lib/xalan-2.7.2.jar or its parent.
[7/4/15 22:42:42:824 BRT] 0000002e com.ibm.ws.app.manager.AppMessageHelper                      A CWWKZ0001I: Application _MobileBrowserSimulator started in 2.029 seconds.
[7/4/15 22:42:43:927 BRT] 0000002d com.ibm.ws.webcontainer.osgi.webapp.WebGroup                 I SRVE0169I: Loading Web Module: analytics.
[7/4/15 22:42:43:927 BRT] 0000002d com.ibm.ws.webcontainer                                      I SRVE0250I: Web Module analytics has been bound to default_host.
[7/4/15 22:42:43:927 BRT] 0000002d com.ibm.ws.http.internal.VirtualHostImpl                     A CWWKT0016I: Web application available (default_host): http://192.168.0.17:10080/analytics-service/
[7/4/15 22:42:43:929 BRT] 0000002d com.ibm.ws.session.WASSessionCore                            I SESN0176I: A new session context will be created for application key default_host/analytics-service
[7/4/15 22:42:43:929 BRT] 0000002d com.ibm.ws.util                                              I SESN0172I: The session manager is using the Java default SecureRandom implementation for session ID generation.
[7/4/15 22:42:44:659 BRT] 00000028 apache.wink.server.internal.application.ApplicationProcessor I The following JAX-RS application has been processed: com.ibm.ws.jaxrs.webcontainer.JAXRSDefaultApplicationSubclassProxy
[7/4/15 22:42:44:661 BRT] 00000028 org.apache.wink.server.internal.log.Resources                I The server has registered the JAX-RS resource class com.ibm.ws.jmx.connector.server.rest.resources.FileTransferRouterResource with @Path(/fileTransfer/router/{filePath}).
[7/4/15 22:42:44:661 BRT] 00000028 org.apache.wink.server.internal.log.Resources                I The server has registered the JAX-RS resource class com.ibm.ws.jmx.connector.server.rest.resources.AttributeResource with @Path(/mbeans/{objectName}/attributes).
[7/4/15 22:42:44:662 BRT] 00000028 org.apache.wink.server.internal.log.Resources                I The server has registered the JAX-RS resource class com.ibm.ws.jmx.connector.server.rest.resources.FileTransferResource with @Path(/fileTransfer/{filePath}).
[7/4/15 22:42:44:662 BRT] 00000028 org.apache.wink.server.internal.log.Resources                I The server has registered the JAX-RS resource class com.ibm.ws.jmx.connector.server.rest.resources.NotificationResource with @Path(/notifications).
[7/4/15 22:42:44:662 BRT] 00000028 org.apache.wink.server.internal.log.Resources                I The server has registered the JAX-RS resource class com.ibm.ws.jmx.connector.server.rest.resources.FileStatusResource with @Path(/file/status).
[7/4/15 22:42:44:662 BRT] 00000028 org.apache.wink.server.internal.log.Resources                I The server has registered the JAX-RS resource class com.ibm.ws.jmx.connector.server.rest.resources.MBeanRouterResource with @Path(/router).
[7/4/15 22:42:44:663 BRT] 00000028 org.apache.wink.server.internal.log.Resources                I The server has registered the JAX-RS resource class com.ibm.ws.jmx.connector.server.rest.resources.MBeanResource with @Path(/mbeans).
[7/4/15 22:42:44:663 BRT] 00000028 org.apache.wink.server.internal.log.Resources                I The server has registered the JAX-RS resource class com.ibm.ws.jmx.connector.server.rest.resources.FileResource with @Path(/file/{filePath}).
[7/4/15 22:42:44:663 BRT] 00000028 org.apache.wink.server.internal.log.Resources                I The server has registered the JAX-RS resource class com.ibm.ws.jmx.connector.server.rest.resources.JMXResource with @Path().
[7/4/15 22:42:44:667 BRT] 00000028 org.apache.wink.server.internal.log.Providers                I The class com.ibm.ws.jmx.connector.server.rest.providers.JSONErrorOutputStreamProvider was registered as a JAX-RS MessageBodyWriter provider for com.ibm.ws.jmx.connector.server.rest.providers.JSONErrorOutputStream Java types and application/json media types.
[7/4/15 22:42:45:050 BRT] 0000002c com.ibm.ws.webcontainer.osgi.webapp.WebGroup                 I SRVE0169I: Loading Web Module: Java Starter Application.
[7/4/15 22:42:45:050 BRT] 0000002c com.ibm.ws.webcontainer                                      I SRVE0250I: Web Module Java Starter Application has been bound to default_host.
[7/4/15 22:42:45:050 BRT] 0000002c com.ibm.ws.http.internal.VirtualHostImpl                     A CWWKT0016I: Web application available (default_host): http://192.168.0.17:10080/app/
[7/4/15 22:42:45:205 BRT] 0000002c com.ibm.ws.session.WASSessionCore                            I SESN0176I: A new session context will be created for application key default_host/app
[7/4/15 22:42:45:205 BRT] 0000002c com.ibm.ws.util                                              I SESN0172I: The session manager is using the Java default SecureRandom implementation for session ID generation.
[7/4/15 22:42:45:676 BRT] 0000002c com.ibm.cloudoe.samples.WatsonAnswers                        I Processing VCAP_SERVICES
[7/4/15 22:42:45:677 BRT] 0000002c com.ibm.ws.webcontainer.servlet                              I SRVE0242I: [watson-qa2] [/app] [Application Servlet]: Initialization successful.
[7/4/15 22:42:45:691 BRT] 0000002c com.ibm.ws.app.manager.AppMessageHelper                      A CWWKZ0001I: Application watson-qa2 started in 4.896 seconds.
[7/4/15 22:42:46:142 BRT] 0000002b com.ibm.ws.session.WASSessionCore                            I SESN0176I: A new session context will be created for application key default_host/Cognitive
[7/4/15 22:42:46:142 BRT] 0000002b com.ibm.ws.util                                              I SESN0172I: The session manager is using the Java default SecureRandom implementation for session ID generation.
[7/4/15 22:42:47:113 BRT] 00000028 com.ibm.ws.webcontainer.servlet                              I SRVE0242I: [com.ibm.ws.jmx.connector.server.rest] [/IBMJMXConnectorREST] [MBeanServerConnector]: Initialization successful.
[7/4/15 22:42:51:357 BRT] 00000030 com.ibm.ws.webcontainer.osgi.webapp.WebGroup                 I SRVE0169I: Loading Web Module: Worklight Console.
[7/4/15 22:42:51:358 BRT] 00000030 com.ibm.ws.webcontainer                                      I SRVE0250I: Web Module Worklight Console has been bound to default_host.
[7/4/15 22:42:51:358 BRT] 00000030 com.ibm.ws.http.internal.VirtualHostImpl                     A CWWKT0016I: Web application available (default_host): http://192.168.0.17:10080/worklightconsole/
[7/4/15 22:42:51:551 BRT] 00000030 com.ibm.ws.session.WASSessionCore                            I SESN0176I: A new session context will be created for application key default_host/worklightconsole
[7/4/15 22:42:51:552 BRT] 00000030 com.ibm.ws.util                                              I SESN0172I: The session manager is using the Java default SecureRandom implementation for session ID generation.
[7/4/15 22:42:51:207 BRT] 0000002b com.worklight.common.util.JNDIFromPropertiesUtil             I Using JNDI configuration conf/jndi/default.properties
[7/4/15 22:42:51:747 BRT] 00000030 com.ibm.ws.webcontainer.servlet                              I SRVE0242I: [WorklightConsole] [/worklightconsole] [servicesServlet]: Initialization successful.
[7/4/15 22:42:51:751 BRT] 00000030 com.ibm.ws.app.manager.AppMessageHelper                      A CWWKZ0001I: Application WorklightConsole started in 10.954 seconds.
[7/4/15 22:42:51:799 BRT] 0000002f com.ibm.ws.webcontainer.servlet                              I SRVE0242I: [AnalyticsUI] [/analytics] [utilityServlet]: Initialization successful.
[7/4/15 22:42:51:819 BRT] 0000002f com.ibm.ws.webcontainer.servlet                              I SRVE0242I: [AnalyticsUI] [/analytics] [servicesServlet]: Initialization successful.
[7/4/15 22:42:51:824 BRT] 0000002f com.ibm.ws.app.manager.AppMessageHelper                      A CWWKZ0001I: Application AnalyticsUI started in 11.034 seconds.
[7/4/15 22:42:51:855 BRT] 0000002b com.worklight.server.bundle.project.JeeProjectActivator      I FWLST0024I: Scanning jar: jar:file:/Users/percival/Documents/workspace/MobileFirstServerConfig/shared/resources/worklight-jee-library-7.0.0.jar!/conf/db.default.properties  [project Cognitive]
[7/4/15 22:42:51:855 BRT] 0000002b com.worklight.server.bundle.project.JeeProjectActivator      I FWLST0024I: Scanning jar: jar:file:/Users/percival/Documents/workspace/MobileFirstServerConfig/shared/resources/worklight-jee-library-7.0.0.jar!/conf/worklight.properties  [project Cognitive]
[7/4/15 22:42:51:856 BRT] 0000002b com.worklight.server.bundle.project.JeeProjectActivator      I FWLST0024I: Scanning jar: jar:file:/Users/percival/Documents/workspace/MobileFirstServerConfig/servers/worklight/apps/Cognitive.war!/WEB-INF/classes/conf/worklight.properties  [project Cognitive]
[7/4/15 22:42:52:353 BRT] 0000002b com.worklight.server.bundle.api.WorklightConfiguration       I FWLSE4006I: IBM MobileFirst Platform Studio is running in 'development' mode. [project Cognitive]
[7/4/15 22:42:52:501 BRT] 0000003c com.worklight.server.bundle.project.JeeProjectActivator      I FWLST0022I: Worklight project async start = true
[7/4/15 22:42:52:704 BRT] 0000003c com.worklight.server.bundle.project.JeeProjectActivator      I FWLST0001I: Worklight home folder is /Users/percival/Documents/workspace/MobileFirstServerConfig/servers/worklight/workarea/org.eclipse.osgi/82/data/temp/default_node/SMF_WebContainer/Cognitive/Cognitive [project Cognitive]
[7/4/15 22:42:52:801 BRT] 0000002b apache.wink.server.internal.application.ApplicationProcessor I The following JAX-RS application has been processed: com.ibm.ws.jaxrs.webcontainer.JAXRSDefaultApplicationSubclassProxy
[7/4/15 22:42:52:802 BRT] 0000002b org.apache.wink.server.internal.log.Resources                I The server has registered the JAX-RS resource class com.worklight.authorization.endpoint.registration.AppInstanceRegistrationEndpoint with @Path(/v1/clients/instance/).
[7/4/15 22:42:52:802 BRT] 0000002b org.apache.wink.server.internal.log.Resources                I The server has registered the JAX-RS resource class com.worklight.authorization.endpoint.validation.TokenValidationEndpoint with @Path(/v1/token/validation).
[7/4/15 22:42:52:802 BRT] 0000002b org.apache.wink.server.internal.log.Resources                I The server has registered the JAX-RS resource class com.worklight.authorization.endpoint.registration.PreviewRegistrationEndpoint with @Path(/v1/clients/preview/).
[7/4/15 22:42:52:803 BRT] 0000002b org.apache.wink.server.internal.log.Resources                I The server has registered the JAX-RS resource class com.worklight.authorization.endpoint.authorization.AuthorizationEndpoint with @Path(/v1/authorization).
[7/4/15 22:42:52:803 BRT] 0000002b org.apache.wink.server.internal.log.Resources                I The server has registered the JAX-RS resource class com.worklight.authorization.endpoint.testtoken.TestTokenEndpoint with @Path(/v1/testtoken).
[7/4/15 22:42:52:803 BRT] 0000002b org.apache.wink.server.internal.log.Resources                I The server has registered the JAX-RS resource class com.worklight.authorization.endpoint.publickey.PublicKeyEndpoint with @Path(/v1/publickey).
[7/4/15 22:42:52:803 BRT] 0000002b org.apache.wink.server.internal.log.Resources                I The server has registered the JAX-RS resource class com.worklight.authorization.endpoint.token.TokenEndpoint with @Path(/v1/token).
[7/4/15 22:42:52:804 BRT] 0000002b org.apache.wink.server.internal.log.Providers                I There are no custom JAX-RS providers defined in the application.
[7/4/15 22:42:52:849 BRT] 0000003c ingframework.context.support.FileSystemXmlApplicationContext I Refreshing org.springframework.context.support.FileSystemXmlApplicationContext@1346b60a: startup date [Sat Jul 04 22:42:52 BRT 2015]; root of context hierarchy
[7/4/15 22:42:53:035 BRT] 0000003c rg.springframework.beans.factory.xml.XmlBeanDefinitionReader I Loading XML bean definitions from URL [wsjar:file:/Users/percival/Documents/workspace/MobileFirstServerConfig/shared/resources/worklight-jee-library-7.0.0.jar!/conf/spring-server-core.xml]
[7/4/15 22:42:53:408 BRT] 0000002b com.ibm.ws.webcontainer.servlet                              I SRVE0242I: [Cognitive] [/Cognitive] [OAuthAuthorizationServer]: Initialization successful.
[7/4/15 22:42:53:831 BRT] 0000003c rg.springframework.beans.factory.xml.XmlBeanDefinitionReader I Loading XML bean definitions from URL [wsjar:file:/Users/percival/Documents/workspace/MobileFirstServerConfig/shared/resources/worklight-jee-library-7.0.0.jar!/conf/core.xml]
[7/4/15 22:42:53:872 BRT] 0000002b apache.wink.server.internal.application.ApplicationProcessor I The following JAX-RS application has been processed: com.ibm.ws.jaxrs.webcontainer.JAXRSDefaultApplicationSubclassProxy
[7/4/15 22:42:53:873 BRT] 0000002b org.apache.wink.server.internal.log.Resources                I The server has registered the JAX-RS resource class com.ibm.pushworks.server.rest.resources.SubscriptionResource with @Path(/apps/{applicationId}/subscriptions).
[7/4/15 22:42:53:873 BRT] 0000002b org.apache.wink.server.internal.log.Resources                I The server has registered the JAX-RS resource class com.ibm.pushworks.server.rest.resources.MessageResource with @Path(/apps/{applicationId}/messages).
[7/4/15 22:42:53:873 BRT] 0000002b org.apache.wink.server.internal.log.Resources                I The server has registered the JAX-RS resource class com.ibm.pushworks.server.rest.resources.DeviceResource with @Path(/apps/{applicationId}/devices).
[7/4/15 22:42:53:874 BRT] 0000002b org.apache.wink.server.internal.log.Resources                I The server has registered the JAX-RS resource class com.ibm.pushworks.server.rest.resources.TagResource with @Path(/apps/{applicationId}/tags).
[7/4/15 22:42:53:874 BRT] 0000002b org.apache.wink.server.internal.log.Resources                I The server has registered the JAX-RS resource class com.ibm.pushworks.server.rest.resources.ApplicationResource with @Path(/apps/).
[7/4/15 22:42:53:874 BRT] 0000002b org.apache.wink.server.internal.log.Providers                I The class org.codehaus.jackson.jaxrs.JacksonJsonProvider was registered as a JAX-RS MessageBodyReader provider for all Java types and application/json media types.
[7/4/15 22:42:53:875 BRT] 0000002b org.apache.wink.server.internal.log.Providers                I The class org.codehaus.jackson.jaxrs.JacksonJsonProvider was registered as a JAX-RS MessageBodyReader provider for all Java types and text/json media types.
[7/4/15 22:42:53:875 BRT] 0000002b org.apache.wink.server.internal.log.Providers                I The class org.codehaus.jackson.jaxrs.JacksonJsonProvider was registered as a JAX-RS MessageBodyWriter provider for all Java types and application/json media types.
[7/4/15 22:42:53:875 BRT] 0000002b org.apache.wink.server.internal.log.Providers                I The class org.codehaus.jackson.jaxrs.JacksonJsonProvider was registered as a JAX-RS MessageBodyWriter provider for all Java types and text/json media types.
[7/4/15 22:42:53:877 BRT] 0000002b org.apache.wink.server.internal.log.Providers                I The class com.ibm.pushworks.server.rest.response.PushWorksServerExceptionWriter was registered as a JAX-RS ExceptionMapper provider for com.ibm.pushworks.server.exceptions.PushWorksException Java types.
[7/4/15 22:42:53:951 BRT] 0000002b com.ibm.ws.webcontainer.servlet                              I SRVE0242I: [Cognitive] [/Cognitive] [PushWorksApplication]: Initialization successful.
[7/4/15 22:42:54:020 BRT] 0000002b apache.wink.server.internal.application.ApplicationProcessor I The following JAX-RS application has been processed: com.ibm.ws.jaxrs.webcontainer.JAXRSDefaultApplicationSubclassProxy
[7/4/15 22:42:54:020 BRT] 0000002b org.apache.wink.server.internal.log.Resources                I The server has registered the JAX-RS resource class com.worklight.oauth.TokenValidationEndpoint with @Path(/validation).
[7/4/15 22:42:54:021 BRT] 0000002b org.apache.wink.server.internal.log.Resources                I The server has registered the JAX-RS resource class com.worklight.oauth.TokenEndpoint with @Path(/token).
[7/4/15 22:42:54:021 BRT] 0000002b org.apache.wink.server.internal.log.Providers                I There are no custom JAX-RS providers defined in the application.
[7/4/15 22:42:54:109 BRT] 0000002b com.ibm.ws.webcontainer.servlet                              I SRVE0242I: [Cognitive] [/Cognitive] [AuthorizationServer]: Initialization successful.
[7/4/15 22:42:54:132 BRT] 0000002b com.ibm.ws.app.manager.AppMessageHelper                      A CWWKZ0001I: Application Cognitive started in 13.339 seconds.
[7/4/15 22:42:54:171 BRT] 0000003c rg.springframework.beans.factory.xml.XmlBeanDefinitionReader I Loading XML bean definitions from URL [wsjar:file:/Users/percival/Documents/workspace/MobileFirstServerConfig/shared/resources/worklight-jee-library-7.0.0.jar!/conf/integration.xml]
[7/4/15 22:42:54:238 BRT] 0000003c rg.springframework.beans.factory.xml.XmlBeanDefinitionReader I Loading XML bean definitions from URL [wsjar:file:/Users/percival/Documents/workspace/MobileFirstServerConfig/shared/resources/worklight-jee-library-7.0.0.jar!/conf/gadgets.xml]
[7/4/15 22:42:54:295 BRT] 0000003c rg.springframework.beans.factory.xml.XmlBeanDefinitionReader I Loading XML bean definitions from URL [wsjar:file:/Users/percival/Documents/workspace/MobileFirstServerConfig/shared/resources/worklight-jee-library-7.0.0.jar!/conf/pushworks.xml]
[7/4/15 22:42:54:318 BRT] 0000003c ngframework.beans.factory.support.DefaultListableBeanFactory I Overriding bean definition for bean 'gadgetCustomizedResourcesRoot': replacing [Generic bean: class [com.worklight.core.util.WorkingDirectory]; scope=; abstract=false; lazyInit=false; autowireMode=0; dependencyCheck=0; autowireCandidate=true; primary=false; factoryBeanName=null; factoryMethodName=null; initMethodName=null; destroyMethodName=null; defined in URL [wsjar:file:/Users/percival/Documents/workspace/MobileFirstServerConfig/shared/resources/worklight-jee-library-7.0.0.jar!/conf/gadgets.xml]] with [Generic bean: class [com.worklight.core.util.WorkingDirectory]; scope=; abstract=false; lazyInit=false; autowireMode=0; dependencyCheck=0; autowireCandidate=true; primary=false; factoryBeanName=null; factoryMethodName=null; initMethodName=null; destroyMethodName=null; defined in URL [wsjar:file:/Users/percival/Documents/workspace/MobileFirstServerConfig/shared/resources/worklight-jee-library-7.0.0.jar!/conf/spring-server-core.xml]]
[7/4/15 22:42:54:343 BRT] 0000003c ngframework.beans.factory.support.DefaultListableBeanFactory I Overriding bean definition for bean 'gadgetResourcesRoot': replacing [Generic bean: class [com.worklight.core.util.WorkingDirectory]; scope=; abstract=false; lazyInit=false; autowireMode=0; dependencyCheck=0; autowireCandidate=true; primary=false; factoryBeanName=null; factoryMethodName=null; initMethodName=null; destroyMethodName=null; defined in URL [wsjar:file:/Users/percival/Documents/workspace/MobileFirstServerConfig/shared/resources/worklight-jee-library-7.0.0.jar!/conf/gadgets.xml]] with [Generic bean: class [com.worklight.core.util.WorkingDirectory]; scope=; abstract=false; lazyInit=false; autowireMode=0; dependencyCheck=0; autowireCandidate=true; primary=false; factoryBeanName=null; factoryMethodName=null; initMethodName=null; destroyMethodName=null; defined in URL [wsjar:file:/Users/percival/Documents/workspace/MobileFirstServerConfig/shared/resources/worklight-jee-library-7.0.0.jar!/conf/spring-server-core.xml]]
[7/4/15 22:42:55:892 BRT] 0000002a com.ibm.ws.webcontainer.osgi.webapp.WebGroup                 I SRVE0169I: Loading Web Module: Worklight Administration Services.
[7/4/15 22:42:55:892 BRT] 0000002a com.ibm.ws.webcontainer                                      I SRVE0250I: Web Module Worklight Administration Services has been bound to default_host.
[7/4/15 22:42:55:892 BRT] 0000002a com.ibm.ws.http.internal.VirtualHostImpl                     A CWWKT0016I: Web application available (default_host): http://192.168.0.17:10080/worklightadmin/
[7/4/15 22:42:56:136 BRT] 0000002a com.ibm.ws.injectionengine.AbstractInjectionEngine           W CWNEN0070W: The javax.ws.rs.QueryParam annotation class will not be recognized because it was loaded from the null location rather than from a product class loader.
[7/4/15 22:42:56:139 BRT] 0000002a com.ibm.ws.injectionengine.AbstractInjectionEngine           W CWNEN0070W: The javax.ws.rs.core.Context annotation class will not be recognized because it was loaded from the null location rather than from a product class loader.
[7/4/15 22:42:56:140 BRT] 0000002a com.ibm.ws.injectionengine.AbstractInjectionEngine           W CWNEN0070W: The javax.ws.rs.CookieParam annotation class will not be recognized because it was loaded from the null location rather than from a product class loader.
[7/4/15 22:42:56:141 BRT] 0000002a com.ibm.ws.injectionengine.AbstractInjectionEngine           W CWNEN0070W: The javax.ws.rs.MatrixParam annotation class will not be recognized because it was loaded from the null location rather than from a product class loader.
[7/4/15 22:42:56:142 BRT] 0000002a com.ibm.ws.injectionengine.AbstractInjectionEngine           W CWNEN0070W: The javax.ws.rs.PathParam annotation class will not be recognized because it was loaded from the null location rather than from a product class loader.
[7/4/15 22:42:56:168 BRT] 0000002a com.ibm.ws.injectionengine.AbstractInjectionEngine           W CWNEN0070W: The javax.ws.rs.HeaderParam annotation class will not be recognized because it was loaded from the null location rather than from a product class loader.
[7/4/15 22:42:56:278 BRT] 0000002a com.ibm.ws.session.WASSessionCore                            I SESN0176I: A new session context will be created for application key default_host/worklightadmin
[7/4/15 22:42:56:280 BRT] 0000002a com.ibm.ws.util                                              I SESN0172I: The session manager is using the Java default SecureRandom implementation for session ID generation.
[7/4/15 22:42:57:737 BRT] 0000002a com.ibm.ws.webcontainer.webapp                               I SRVE0292I: Servlet Message - [worklight-management-service]:.No Spring WebApplicationInitializer types detected on classpath
[7/4/15 22:42:57:864 BRT] 0000002a com.ibm.ws.webcontainer.webapp                               I SRVE0292I: Servlet Message - [worklight-management-service]:.Initializing Spring root WebApplicationContext
[7/4/15 22:42:57:865 BRT] 0000002a org.springframework.web.context.ContextLoader                I Root WebApplicationContext: initialization started
[7/4/15 22:42:58:113 BRT] 0000002a springframework.web.context.support.XmlWebApplicationContext I Refreshing Root WebApplicationContext: startup date [Sat Jul 04 22:42:58 BRT 2015]; root of context hierarchy
[7/4/15 22:42:58:231 BRT] 0000002a rg.springframework.beans.factory.xml.XmlBeanDefinitionReader I Loading XML bean definitions from ServletContext resource [/WEB-INF/spring-management-service.xml]
[7/4/15 22:42:58:381 BRT] 0000002a ngframework.beans.factory.support.DefaultListableBeanFactory I Pre-instantiating singletons in org.springframework.beans.factory.support.DefaultListableBeanFactory@1b155646: defining beans [registrationServiceFactory]; root of factory hierarchy
[7/4/15 22:42:58:467 BRT] 0000002a com.ibm.worklight.dataaccess.datastore.DataStoreUtil         I getWorklightDataSourceProperties Read properties file. allProperties: {ibm.worklight.admin.db.jndi.name=java:comp/env/jdbc/WorklightAdminDS}
[7/4/15 22:42:58:523 BRT] 0000002a com.ibm.worklight.dataaccess.datastore.DataStoreUtil         I Resource conf/jndi/default.properties not found. This is not an error. Context path is /worklightadmin
[7/4/15 22:42:58:597 BRT] 0000002a com.ibm.worklight.dataaccess.datastore.DataStoreUtil         I dereferenceProperties Handling propName=ibm.worklight.admin.db.jndi.name propValue=java:comp/env/jdbc/WorklightAdminDS
[7/4/15 22:42:58:597 BRT] 0000002a com.ibm.worklight.dataaccess.datastore.DataStoreUtil         I dereferenceProperties Handling propName=ibm.worklight.admin.db.openjpa.Log propValue=
[7/4/15 22:42:58:597 BRT] 0000002a com.ibm.worklight.dataaccess.datastore.DataStoreUtil         I dereferenceProperties Handling propName=ibm.worklight.admin.db.type propValue=
[7/4/15 22:42:59:353 BRT] 0000002a com.ibm.ws.recoverylog.spi.RecoveryDirectorImpl              I CWRLS0010I: Performing recovery processing for local WebSphere server (Cell\Node\Server).
[7/4/15 22:42:59:487 BRT] 0000002a com.ibm.ws.recoverylog.spi.RecoveryDirectorImpl              I CWRLS0012I: All persistent services have been directed to perform recovery processing for this WebSphere server (Cell\Node\Server).
[7/4/15 22:42:59:487 BRT] 00000049 com.ibm.tx.jta.impl.RecoveryManager                          I WTRN0135I: Transaction service recovering no transactions.
[7/4/15 22:43:00:103 BRT] 0000003c ringframework.orm.jpa.LocalContainerEntityManagerFactoryBean I Building JPA container EntityManagerFactory for persistence unit 'WorklightPU'
[7/4/15 22:43:00:867 BRT] 0000003c SystemErr                                                    R 66  WorklightPU  WARN   [Worklight runtime initialization for context=/Cognitive] openjpa.Runtime - An error occurred while registering a ClassTransformer with PersistenceUnitInfo: name 'WorklightPU', root URL [file:/Users/percival/Documents/workspace/MobileFirstServerConfig/shared/resources/worklight-jee-library-7.0.0.jar]. The error has been consumed. To see it, set your openjpa.Runtime log level to TRACE. Load-time class transformation will not be available.
[7/4/15 22:43:00:990 BRT] 0000003c com.worklight.server.database.api.WorklightDataSource        I FWLSE0187I: jdbc/WorklightReportsDS data source is disabled. No connection opened.  [project Cognitive]
[7/4/15 22:43:01:002 BRT] 0000003c ringframework.orm.jpa.LocalContainerEntityManagerFactoryBean I Building JPA container EntityManagerFactory for persistence unit 'WorklightReportsPU'
[7/4/15 22:43:01:011 BRT] 0000003c SystemErr                                                    R 1  WorklightReportsPU  WARN   [Worklight runtime initialization for context=/Cognitive] openjpa.Runtime - An error occurred while registering a ClassTransformer with PersistenceUnitInfo: name 'WorklightReportsPU', root URL [file:/Users/percival/Documents/workspace/MobileFirstServerConfig/shared/resources/worklight-jee-library-7.0.0.jar]. The error has been consumed. To see it, set your openjpa.Runtime log level to TRACE. Load-time class transformation will not be available.
[7/4/15 22:43:01:013 BRT] 0000003c ngframework.beans.factory.support.DefaultListableBeanFactory I Pre-instantiating singletons in org.springframework.beans.factory.support.DefaultListableBeanFactory@7ee9e1d0: defining beans [org.springframework.context.annotation.internalConfigurationAnnotationProcessor,org.springframework.context.annotation.internalAutowiredAnnotationProcessor,org.springframework.context.annotation.internalRequiredAnnotationProcessor,org.springframework.context.annotation.internalCommonAnnotationProcessor,org.springframework.context.annotation.internalPersistenceAnnotationProcessor,txManager,mailingService,WorkLightNotice,rssBrokerUtils,audit,GenericDAO,clusterSynchronizationDAO,taskCoordinator,taskManager,worklightAuthenticationService,loginConfigurationServiceBean,protectedResourceFactory,authenticationDAO,ssoDAO,ssoExpiredLoginContextsCleanupTask,keyStoreManager,authorizationServer,OAuthValidator,OAuthValidationFilter,authorizationStore,OAuthInternalFilter,JAXRSSandboxFactory,AdapterResourceFactory,wlServerAPI,securityAPI,adaptersAPI,configurationAPI,pushAPI,analyticsAPI,winkFrameworkSharedClassLoader,dataAccessService,shellResourcesService,analyticsService,coreServiceManager,adapterManager,nodeProcessManager,adapterManagementService,factProcessingTask,PlatformUsageProcessingTask,notificationCleanupTask,WSSecurityService,gadgetDAO,deviceDAO,licenseTermsDAO,platformUsageService,configProfileService,gfwProps,gadgetEnvironmentManager,gadgetResourcesRoot,gadgetCustomizedResourcesRoot,applicationMetadataService,applicationManagementService,beaconService,clientInstanceDAOJpa,clientInstanceDAOCloudant,clientInstanceDAO,notificationsSimulationManager,pushServiceListener,PushService,worklight-direct,rssBrokerDS,brokerSessionFactory,reportService,reportsDS,reportsBrokerDS,reportsSessionFactory,gadgetReportsDAO,notificationReportsDao,gadgetReportsService,analyticsFactService,nodeInfo,registrationService,runtimeTransactionHandler,projectSyncService,xsConfiguration,attributeStoreFactory,org.springframework.context.annotation.ConfigurationClassPostProcessor.importAwareProcessor]; root of factory hierarchy
[7/4/15 22:43:01:547 BRT] 0000003c com.worklight.server.bundle.project.JeeProjectActivator      I FWLST0024I: Scanning jar: jar:file:/Users/percival/Documents/workspace/MobileFirstServerConfig/shared/resources/worklight-jee-library-7.0.0.jar!/conf/authenticationConfig.xml  [project Cognitive]
[7/4/15 22:43:01:548 BRT] 0000003c com.worklight.server.bundle.project.JeeProjectActivator      I FWLST0024I: Scanning jar: jar:file:/Users/percival/Documents/workspace/MobileFirstServerConfig/servers/worklight/apps/Cognitive.war!/WEB-INF/classes/conf/authenticationConfig.xml  [project Cognitive]
[7/4/15 22:43:01:816 BRT] 0000002a com.ibm.ws.rsadapter.spi.InternalGenericDataStoreHelper      I DSRA8203I: Database product name : Apache Derby
[7/4/15 22:43:01:821 BRT] 0000002a com.ibm.ws.rsadapter.spi.InternalGenericDataStoreHelper      I DSRA8204I: Database product version : 10.8.2.2 - (1181258)
[7/4/15 22:43:01:821 BRT] 0000002a com.ibm.ws.rsadapter.spi.InternalGenericDataStoreHelper      I DSRA8205I: JDBC driver name  : Apache Derby Embedded JDBC Driver
[7/4/15 22:43:01:821 BRT] 0000002a com.ibm.ws.rsadapter.spi.InternalGenericDataStoreHelper      I DSRA8206I: JDBC driver version  : 10.8.2.2 - (1181258)
[7/4/15 22:43:01:958 BRT] 0000002a com.ibm.worklight.dataaccess.datastore.DataStore             I constructor Creating EntityManagerFactory for persistence-unit=WorklightManagementPU-derby with properties: {openjpa.ConnectionFactory=com.ibm.ws.rsadapter.jdbc.WSJdbcDataSource@4423814c, openjpa.jdbc.SynchronizeMappings=buildSchema(SchemaAction='add')}
[7/4/15 22:43:02:540 BRT] 0000002a com.worklight.common.util.JNDIUtils                          I Resource conf/jndi/default.properties not found. This is not an error. Context path is __globalscope__
[7/4/15 22:43:02:615 BRT] 0000002a com.worklight.common.util.jmx.LibertyJMXRegister             I FWLSE2008I: MBean registration succeeded for: com.worklight.common.server.jmx.api:type=WorklightAdmin,qualifier=worklightadmin
[7/4/15 22:43:02:632 BRT] 0000002a SystemErr                                                    R 196  WorklightManagementPU-derby  INFO   [LargeThreadPool-thread-12] openjpa.Runtime - Starting OpenJPA 1.2.2
[7/4/15 22:43:02:956 BRT] 0000002a SystemErr                                                    R 524  WorklightManagementPU-derby  INFO   [LargeThreadPool-thread-12] openjpa.jdbc.JDBC - Using dictionary class "org.apache.openjpa.jdbc.sql.DerbyDictionary" (Apache Derby 10.8.2.2 - (1181258) ,Apache Derby Embedded JDBC Driver 10.8.2.2 - (1181258)).
[7/4/15 22:43:03:080 BRT] 0000003c com.worklight.server.bundle.project.JeeProjectActivator      I FWLST0024I: Scanning jar: jar:file:/Users/percival/Documents/workspace/MobileFirstServerConfig/servers/worklight/apps/Cognitive.war!/WEB-INF/classes/conf/mfp-default.keystore  [project Cognitive]
[7/4/15 22:43:03:577 BRT] 0000003c SystemErr                                                    R 2776  WorklightPU  INFO   [Worklight runtime initialization for context=/Cognitive] openjpa.Runtime - Starting OpenJPA 1.2.2
[7/4/15 22:43:03:679 BRT] 0000003c SystemErr                                                    R 2879  WorklightPU  INFO   [Worklight runtime initialization for context=/Cognitive] openjpa.jdbc.JDBC - Using dictionary class "org.apache.openjpa.jdbc.sql.HSQLDictionary".
[7/4/15 22:43:05:728 BRT] 0000002d com.ibm.ws.app.manager.AppMessageHelper                      A CWWKZ0001I: Application AnalyticsServices started in 24.939 seconds.
[7/4/15 22:43:05:918 BRT] 00000068 org.apache.wink.server.internal.servlet.RestServlet          I The system is using the com.ibm.elasticsearch.servlet.ElasticApplication JAX-RS application class that is named in the javax.ws.rs.Application init-param initialization parameter.
[7/4/15 22:43:06:348 BRT] 00000068 apache.wink.server.internal.application.ApplicationProcessor I The following JAX-RS application has been processed: com.ibm.elasticsearch.servlet.ElasticApplication
[7/4/15 22:43:06:348 BRT] 00000068 org.apache.wink.server.internal.log.Resources                I The server has registered the JAX-RS resource class com.ibm.elasticsearch.rest.Administration with @Path(/administration/apps/{appId}).
[7/4/15 22:43:06:348 BRT] 00000068 org.apache.wink.server.internal.log.Resources                I The server has registered the JAX-RS resource class com.ibm.elasticsearch.administration.Performance with @Path(/performance/apps/{appId}).
[7/4/15 22:43:06:349 BRT] 00000068 org.apache.wink.server.internal.log.Resources                I The server has registered the JAX-RS resource class com.ibm.elasticsearch.administration.ExportNew with @Path(/exportData/apps/{appId}).
[7/4/15 22:43:06:349 BRT] 00000068 org.apache.wink.server.internal.log.Resources                I The server has registered the JAX-RS resource class com.ibm.elasticsearch.rest.Activities with @Path(/activities/apps/{appId}).
[7/4/15 22:43:06:349 BRT] 00000068 org.apache.wink.server.internal.log.Resources                I The server has registered the JAX-RS resource class com.ibm.elasticsearch.rest.Dashboard with @Path(/dashboard/apps/{appId}).
[7/4/15 22:43:06:349 BRT] 00000068 org.apache.wink.server.internal.log.Resources                I The server has registered the JAX-RS resource class com.ibm.elasticsearch.rest.Security with @Path(/security/apps/{appId}).
[7/4/15 22:43:06:349 BRT] 00000068 org.apache.wink.server.internal.log.Resources                I The server has registered the JAX-RS resource class com.ibm.elasticsearch.rest.Adapters with @Path(/adapters/apps/{appId}).
[7/4/15 22:43:06:349 BRT] 00000068 org.apache.wink.server.internal.log.Resources                I The server has registered the JAX-RS resource class com.ibm.elasticsearch.rest.Network with @Path(/network/apps/{appId}).
[7/4/15 22:43:06:350 BRT] 00000068 org.apache.wink.server.internal.log.Resources                I The server has registered the JAX-RS resource class com.ibm.elasticsearch.rest.Servers with @Path(/servers/apps/{appId}).
[7/4/15 22:43:06:350 BRT] 00000068 org.apache.wink.server.internal.log.Resources                I The server has registered the JAX-RS resource class com.ibm.elasticsearch.administration.MigrateData with @Path(/migrate/apps/{appId}).
[7/4/15 22:43:06:350 BRT] 00000068 org.apache.wink.server.internal.log.Resources                I The server has registered the JAX-RS resource class com.ibm.elasticsearch.rest.Devices with @Path(/devices/apps/{appId}).
[7/4/15 22:43:06:350 BRT] 00000068 org.apache.wink.server.internal.log.Resources                I The server has registered the JAX-RS resource class com.ibm.elasticsearch.rest.Search with @Path(/search/apps/{appId}).
[7/4/15 22:43:06:350 BRT] 00000068 org.apache.wink.server.internal.log.Resources                I The server has registered the JAX-RS resource class com.ibm.elasticsearch.custom.CustomCharts with @Path(/custom/apps/{appId}).
[7/4/15 22:43:06:350 BRT] 00000068 org.apache.wink.server.internal.log.Resources                I The server has registered the JAX-RS resource class com.ibm.elasticsearch.rest.Common with @Path(/common/apps/{appId}).
[7/4/15 22:43:06:351 BRT] 00000068 org.apache.wink.server.internal.log.Resources                I The server has registered the JAX-RS resource class com.ibm.elasticsearch.node.NodeManager with @Path(/node/apps/{appId}).
[7/4/15 22:43:06:351 BRT] 00000068 org.apache.wink.server.internal.log.Resources                I The server has registered the JAX-RS resource class com.ibm.elasticsearch.administration.LoadTesting with @Path(/load/apps/{appId}).
[7/4/15 22:43:06:351 BRT] 00000068 org.apache.wink.server.internal.log.Resources                I The server has registered the JAX-RS resource class com.ibm.elasticsearch.administration.Export with @Path(/export/{tenant}).
[7/4/15 22:43:06:351 BRT] 00000068 org.apache.wink.server.internal.log.Resources                I The server has registered the JAX-RS resource class com.ibm.elasticsearch.servlet.DataReceiver with @Path(/).
[7/4/15 22:43:06:351 BRT] 00000068 org.apache.wink.server.internal.log.Providers                I There are no custom JAX-RS providers defined in the application.
[7/4/15 22:43:06:384 BRT] 00000068 com.ibm.ws.webcontainer.servlet                              I SRVE0242I: [AnalyticsServices] [/analytics-service] [data]: Initialization successful.
[7/4/15 22:43:07:914 BRT] 0000002a SystemErr                                                    R 5481  WorklightManagementPU-derby  INFO   [LargeThreadPool-thread-12] openjpa.Runtime - Though you are using optimistic transactions, OpenJPA is now beginning a datastore transaction because you have requested a lock on some data.
[7/4/15 22:43:08:025 BRT] 0000002a SystemErr                                                    R 5593  WorklightManagementPU-derby  INFO   [LargeThreadPool-thread-12] openjpa.Runtime - Though you are using optimistic transactions, OpenJPA is now beginning a datastore transaction because you have requested a lock on some data.
[7/4/15 22:43:08:053 BRT] 0000002a org.springframework.web.context.ContextLoader                I Root WebApplicationContext: initialization completed in 10186 ms
[7/4/15 22:43:08:062 BRT] 0000002a ht.admin.listeners.WorklightManagementServletContextListener I MobileFirst Administration Services servlet context listener initialized
[7/4/15 22:43:08:090 BRT] 0000002a ht.admin.listeners.WorklightManagementServletContextListener I FWLSE3199I: ========= MobileFirst Administration Services version 7.0.0.00-20150610-1353 started.
[7/4/15 22:43:08:171 BRT] 0000002a org.apache.wink.server.internal.servlet.RestServlet          I The system is using the com.ibm.worklight.admin.services.ManagementServiceServlet JAX-RS application class that is named in the javax.ws.rs.Application init-param initialization parameter.
[7/4/15 22:43:08:403 BRT] 0000002a apache.wink.server.internal.application.ApplicationProcessor I The following JAX-RS application has been processed: com.ibm.worklight.admin.services.ManagementServiceServlet
[7/4/15 22:43:08:426 BRT] 0000002a org.apache.wink.server.internal.log.Resources                I The server has registered the JAX-RS resource class com.ibm.worklight.admin.services.ManagementService with @Path(/).
[7/4/15 22:43:08:430 BRT] 0000002a org.apache.wink.server.internal.log.Providers                I The class com.ibm.worklight.admin.util.ByteArrayWorkaroundProvider was registered as a JAX-RS MessageBodyReader provider for com.ibm.worklight.admin.util.ByteArrayWorkaround Java types and */* media types.
[7/4/15 22:43:08:431 BRT] 0000002a org.apache.wink.server.internal.log.Providers                I The class com.ibm.worklight.admin.util.ByteArrayWorkaroundProvider was registered as a JAX-RS MessageBodyWriter provider for com.ibm.worklight.admin.util.ByteArrayWorkaround Java types and */* media types.
[7/4/15 22:43:09:284 BRT] 0000002a com.ibm.ws.webcontainer.servlet                              I SRVE0242I: [WorklightServices] [/worklightadmin] [ManagementServlet]: Initialization successful.
[7/4/15 22:43:09:287 BRT] 0000002a com.ibm.ws.app.manager.AppMessageHelper                      A CWWKZ0001I: Application WorklightServices started in 28.490 seconds.
[7/4/15 22:43:09:298 BRT] 00000018 com.ibm.ws.kernel.feature.internal.FeatureManager            I CWWKF0008I: Feature update completed in 32.421 seconds.
[7/4/15 22:43:09:299 BRT] 00000018 com.ibm.ws.kernel.feature.internal.FeatureManager            A CWWKF0011I: The server worklight is ready to run a smarter planet.
[7/4/15 22:43:09:738 BRT] 0000003c com.worklight.authorization.dao.ClientInstanceDAOFactory     I FWLSE0357I : Connecting to JPA DB [project Cognitive]
[7/4/15 22:43:09:967 BRT] 0000003c .worklight.server.bundle.project.ProjectConfigurationFactory W Using empty value for configuration property 'trusted.signer.certificate.paths'
[7/4/15 22:43:10:115 BRT] 0000003c com.worklight.core.session.DistributedAttributeStoreFactory  I FWLSE0296I: Attribute Store manager is 'com.worklight.core.session.HTTPSessionAttributeStoreManager@6b864d7a'. [project Cognitive]
[7/4/15 22:43:10:200 BRT] 0000003c com.worklight.report.impl.GadgetReportsServiceImpl           I FWLSE0186I: Application raw reports are disabled. [project Cognitive]
[7/4/15 22:43:12:683 BRT] 0000003c com.worklight.common.util.jmx.LibertyJMXRegister             I FWLSE2008I: MBean registration succeeded for: com.worklight.common.server.jmx.api:type=ProjectManagement,qualifier=Cognitive [project Cognitive]
[7/4/15 22:43:12:722 BRT] 0000003c com.worklight.core.auth.impl.AuthenticationFilter            I FWLSE0273I: Set sync required to 'true' [project Cognitive]
[7/4/15 22:43:12:729 BRT] 0000003c com.worklight.common.util.jmx.LibertyRuntimeMBeanHandler     I Establishing REST connection to service:jmx:rest://localhost:10443/IBMJMXConnectorREST SSL handler=null
[7/4/15 22:43:12:755 BRT] 0000003c jmx.connector.client.rest.internal.RESTMBeanServerConnection I Value of retry post was already set: false
[7/4/15 22:43:13:813 BRT] 00000090 com.ibm.worklight.admin.jmx.ManagementMXBeanImpl             I Accessing the ping service http://localhost:10080//worklightadmin/ping
[7/4/15 22:43:14:010 BRT] 00000092 com.ibm.worklight.admin.services.ManagementService           I Ping service checking the availability of the HTTP(s) port successfully invoked
[7/4/15 22:43:14:036 BRT] 00000090 com.ibm.worklight.admin.jmx.ManagementMXBeanImpl             I The ping service http://localhost:10080//worklightadmin/ping is available
[7/4/15 22:43:14:068 BRT] 00000096 SystemErr                                                    R 11769  WorklightManagementPU-derby  INFO   [LargeThreadPool-thread-90] openjpa.Runtime - Starting OpenJPA 1.2.2
[7/4/15 22:43:14:070 BRT] 00000096 SystemErr                                                    R 11771  WorklightManagementPU-derby  INFO   [LargeThreadPool-thread-90] openjpa.jdbc.JDBC - Using dictionary class "org.apache.openjpa.jdbc.sql.DerbyDictionary" (Apache Derby 10.8.2.2 - (1181258) ,Apache Derby Embedded JDBC Driver 10.8.2.2 - (1181258)).
[7/4/15 22:43:14:715 BRT] 00000096 SystemErr                                                    R 12283  WorklightManagementPU-derby  INFO   [LargeThreadPool-thread-90] openjpa.Runtime - Though you are using optimistic transactions, OpenJPA is now beginning a datastore transaction because you have requested a lock on some data.
[7/4/15 22:43:14:722 BRT] 00000096 SystemErr                                                    R 12289  WorklightManagementPU-derby  INFO   [LargeThreadPool-thread-90] openjpa.Runtime - Though you are using optimistic transactions, OpenJPA is now beginning a datastore transaction because you have requested a lock on some data.
[7/4/15 22:43:15:837 BRT] 0000003c com.worklight.core.auth.impl.AuthenticationFilter            I FWLSE0273I: Set sync required to 'true' [project Cognitive]
[7/4/15 22:43:15:838 BRT] 0000003c com.worklight.core.jmx.ProjectSynchronizationBean            I FWLSE0271I: Resources dir '/Users/percival/Documents/workspace/MobileFirstServerConfig/servers/worklight/workarea/org.eclipse.osgi/82/data/temp/default_node/SMF_WebContainer/Cognitive/Cognitive/widget-resources' is going to be cleaned [project Cognitive]
[7/4/15 22:43:16:689 BRT] 0000003c com.worklight.common.util.HttpUtil                           I FWLSE2014I: Downloading a worklight artifact from http://localhost:10080/worklightadmin/otu/1.0/ffffffdeffffff8cffffffbeffffff81ffffffe50affffffcbffffffe7ffffffe5ffffffc2ffffffda7e77336d47/runtimes/Cognitive/downloads/applications/Cognitive/android/1.0 [project Cognitive]
[7/4/15 22:43:16:799 BRT] 0000003c com.worklight.common.util.HttpUtil                           I FWLSE2014I: Downloading a worklight artifact from http://localhost:10080/worklightadmin/otu/1.0/ffffffdeffffff8cffffffbeffffff81ffffffe50affffffcbffffffe7ffffffe5ffffffc2ffffffda7e77336d47/runtimes/Cognitive/downloads/applications/Cognitive/common/1.0 [project Cognitive]
[7/4/15 22:43:16:858 BRT] 0000003c om.worklight.applications.deployers.base.EnvironmentDeployer I FWLSE0274I: Environment common deployed to directory '/Users/percival/Documents/workspace/MobileFirstServerConfig/servers/worklight/workarea/org.eclipse.osgi/82/data/temp/default_node/SMF_WebContainer/Cognitive/Cognitive/widget-resources/Cognitive-common-321616693a6d1f8181672fd76762e4091c5577b4' . [project Cognitive]
[7/4/15 22:43:16:897 BRT] 0000003c om.worklight.applications.deployers.base.EnvironmentDeployer I FWLSE0274I: Environment android deployed to directory '/Users/percival/Documents/workspace/MobileFirstServerConfig/servers/worklight/workarea/org.eclipse.osgi/82/data/temp/default_node/SMF_WebContainer/Cognitive/Cognitive/widget-resources/Cognitive-android-1.0-605327cbd802a5895434d4f1c0411da0871994d9' . [project Cognitive]
[7/4/15 22:43:17:275 BRT] 000000ad SystemErr                                                    R 14843  WorklightManagementPU-derby  INFO   [LargeThreadPool-thread-111] openjpa.Runtime - Though you are using optimistic transactions, OpenJPA is now beginning a datastore transaction because you have requested a lock on some data.
[7/4/15 22:43:17:300 BRT] 000000ad com.ibm.worklight.admin.jmx.ManagementMXBeanImpl             I Result: Cognitive: worklight///192.168.0.17: Runtime was synchronized successfully
[7/4/15 22:43:17:300 BRT] 000000ad com.ibm.worklight.admin.jmx.ManagementMXBeanImpl             I Cognitive: worklight///192.168.0.17: 2015-07-05T01:43:17.244Z: Preparation to deploy 'Cognitive' finished
[7/4/15 22:43:17:301 BRT] 000000ad com.ibm.worklight.admin.jmx.ManagementMXBeanImpl             I Cognitive: worklight///192.168.0.17: 2015-07-05T01:43:17.247Z: Transaction handler reset
[7/4/15 22:43:17:305 BRT] 0000003c com.worklight.core.init.WorklightServletInitializer          I FWLSE0247I: The Cognitive project initialization times were: start-firstReadyCheck=2, firstReadyCheck=1,317, ready for sync=0, sync=3,263 [project Cognitive]
[7/4/15 22:43:17:305 BRT] 0000003c com.worklight.core.auth.impl.AuthenticationFilter            I FWLSE0273I: Set sync required to 'false' [project Cognitive]
[7/4/15 22:43:17:350 BRT] 0000003c com.worklight.core.ilmt.WorklightILMTLogger                  I FWLSE0278I: The default ILMT directory '/var/ibm/common/slm' cannot be used. [project Cognitive]
[7/4/15 22:43:17:351 BRT] 0000003c com.worklight.core.ilmt.WorklightILMTLogger                  I FWLSE0282I: Using the ILMT directory '/Users/percival/Documents/workspace/MobileFirstServerConfig/servers/worklight/logs'. [project Cognitive]
[7/4/15 22:43:17:365 BRT] 0000003c com.worklight.server.bundle.project.JeeProjectActivator      I FWLST0002I: ========= Project /Cognitive started. The project WAR file version is 7.0.0.00.20150610-1353,running on server version 7.0.0.00.20150610-1353. [project Cognitive]
[7/4/15 22:43:18:229 BRT] 000000b1 com.ibm.ws.webcontainer.servlet                              I SRVE0242I: [Cognitive] [/Cognitive] [PreviewServlet]: Initialization successful.
[7/4/15 22:43:27:226 BRT] 00000068 com.ibm.elasticsearch.util.Warmers                           I Warmers have been disabled
[7/4/15 22:43:27:226 BRT] 00000068 com.ibm.elasticsearch.util.Warmers                           I Warmer frequency set to 0 milliseconds
[7/4/15 22:44:17:366 BRT] 000000af com.worklight.core.ilmt.WorklightILMTLogger                  I FWLSE0277I: Creating an ILMT record in the file '/Users/percival/Documents/workspace/MobileFirstServerConfig/servers/worklight/logs/c8c9e637d2e2a480b0a5227b1e4f6076.slmtag'.
[7/4/15 22:49:10:742 BRT] 00000100 com.ibm.ws.http.internal.VirtualHostImpl                     A CWWKT0017I: Web application removed (default_host): http://192.168.0.17:10080/worklightconsole/
[7/4/15 22:49:10:749 BRT] 0000006f com.ibm.ws.http.internal.VirtualHostImpl                     A CWWKT0017I: Web application removed (default_host): http://192.168.0.17:10080/_MobileBrowserSimulator/
[7/4/15 22:49:10:750 BRT] 000000fe com.ibm.ws.http.internal.VirtualHostImpl                     A CWWKT0017I: Web application removed (default_host): http://192.168.0.17:10080/Cognitive/
[7/4/15 22:49:10:753 BRT] 0000011d com.ibm.ws.http.internal.VirtualHostImpl                     A CWWKT0017I: Web application removed (default_host): http://192.168.0.17:10080/worklightadmin/
[7/4/15 22:49:10:759 BRT] 00000100 com.ibm.ws.webcontainer.servlet                              I SRVE0253I: [WorklightConsole] [/worklightconsole] [servicesServlet]: Destroy successful.
[7/4/15 22:49:10:760 BRT] 0000002a com.ibm.ws.http.internal.VirtualHostImpl                     A CWWKT0017I: Web application removed (default_host): http://192.168.0.17:10080/analytics-service/
[7/4/15 22:49:10:764 BRT] 00000079 com.ibm.ws.http.internal.VirtualHostImpl                     A CWWKT0017I: Web application removed (default_host): http://192.168.0.17:10080/app/
[7/4/15 22:49:10:765 BRT] 000000dd com.ibm.ws.http.internal.VirtualHostImpl                     A CWWKT0017I: Web application removed (default_host): http://192.168.0.17:10080/analytics/
[7/4/15 22:49:10:771 BRT] 00000079 com.ibm.ws.webcontainer.servlet                              I SRVE0253I: [watson-qa2] [/app] [Application Servlet]: Destroy successful.
[7/4/15 22:49:10:772 BRT] 0000002a com.ibm.ws.webcontainer.servlet                              I SRVE0253I: [AnalyticsServices] [/analytics-service] [data]: Destroy successful.
[7/4/15 22:49:10:779 BRT] 0000006f com.ibm.ws.app.manager.AppMessageHelper                      A CWWKZ0009I: The application _MobileBrowserSimulator has stopped successfully.
[7/4/15 22:49:10:785 BRT] 000000dd com.ibm.ws.webcontainer.servlet                              I SRVE0253I: [AnalyticsUI] [/analytics] [servicesServlet]: Destroy successful.
[7/4/15 22:49:10:790 BRT] 000000fe com.ibm.ws.webcontainer.servlet                              I SRVE0253I: [Cognitive] [/Cognitive] [AuthorizationServer]: Destroy successful.
[7/4/15 22:49:10:790 BRT] 000000dd com.ibm.ws.webcontainer.servlet                              I SRVE0253I: [AnalyticsUI] [/analytics] [utilityServlet]: Destroy successful.
[7/4/15 22:49:10:791 BRT] 0000011d com.ibm.ws.webcontainer.servlet                              I SRVE0253I: [WorklightServices] [/worklightadmin] [ManagementServlet]: Destroy successful.
[7/4/15 22:49:10:794 BRT] 0000011d ht.admin.listeners.WorklightManagementServletContextListener I MobileFirst Administration Services servlet context listener destroyed
[7/4/15 22:49:10:794 BRT] 0000011d com.ibm.ws.webcontainer.webapp                               I SRVE0292I: Servlet Message - [worklight-management-service]:.Closing Spring root WebApplicationContext
[7/4/15 22:49:10:795 BRT] 0000011d springframework.web.context.support.XmlWebApplicationContext I Closing Root WebApplicationContext: startup date [Sat Jul 04 22:42:58 BRT 2015]; root of context hierarchy
[7/4/15 22:49:10:795 BRT] 00000100 com.ibm.ws.app.manager.AppMessageHelper                      A CWWKZ0009I: The application WorklightConsole has stopped successfully.
[7/4/15 22:49:10:797 BRT] 000000dd com.ibm.ws.app.manager.AppMessageHelper                      A CWWKZ0009I: The application AnalyticsUI has stopped successfully.
[7/4/15 22:49:10:802 BRT] 000000fe com.ibm.ws.webcontainer.servlet                              I SRVE0253I: [Cognitive] [/Cognitive] [OAuthAuthorizationServer]: Destroy successful.
[7/4/15 22:49:10:806 BRT] 00000079 com.ibm.ws.app.manager.AppMessageHelper                      A CWWKZ0009I: The application watson-qa2 has stopped successfully.
[7/4/15 22:49:10:809 BRT] 0000011d ngframework.beans.factory.support.DefaultListableBeanFactory I Destroying singletons in org.springframework.beans.factory.support.DefaultListableBeanFactory@1b155646: defining beans [registrationServiceFactory]; root of factory hierarchy
[7/4/15 22:49:10:811 BRT] 000000fe com.ibm.ws.webcontainer.servlet                              I SRVE0253I: [Cognitive] [/Cognitive] [PushWorksApplication]: Destroy successful.
[7/4/15 22:49:10:812 BRT] 000000fe com.ibm.ws.webcontainer.servlet                              I SRVE0253I: [Cognitive] [/Cognitive] [PreviewServlet]: Destroy successful.
[7/4/15 22:49:10:819 BRT] 0000011d com.ibm.ws.app.manager.AppMessageHelper                      A CWWKZ0009I: The application WorklightServices has stopped successfully.
[7/4/15 22:49:10:939 BRT] 0000002a com.ibm.ws.app.manager.AppMessageHelper                      A CWWKZ0009I: The application AnalyticsServices has stopped successfully.
[7/4/15 22:49:10:814 BRT] 000000fe com.worklight.core.ilmt.WorklightILMTLogger                  I FWLSE0277I: Creating an ILMT record in the file '/Users/percival/Documents/workspace/MobileFirstServerConfig/servers/worklight/logs/c8c9e637d2e2a480b0a5227b1e4f6076.slmtag'. [project Cognitive]
[7/4/15 22:49:18:107 BRT] 000000fe ingframework.context.support.FileSystemXmlApplicationContext I Closing org.springframework.context.support.FileSystemXmlApplicationContext@1346b60a: startup date [Sat Jul 04 22:42:52 BRT 2015]; root of context hierarchy
[7/4/15 22:49:18:110 BRT] 000000fe ngframework.beans.factory.support.DefaultListableBeanFactory I Destroying singletons in org.springframework.beans.factory.support.DefaultListableBeanFactory@7ee9e1d0: defining beans [org.springframework.context.annotation.internalConfigurationAnnotationProcessor,org.springframework.context.annotation.internalAutowiredAnnotationProcessor,org.springframework.context.annotation.internalRequiredAnnotationProcessor,org.springframework.context.annotation.internalCommonAnnotationProcessor,org.springframework.context.annotation.internalPersistenceAnnotationProcessor,txManager,mailingService,WorkLightNotice,rssBrokerUtils,audit,GenericDAO,clusterSynchronizationDAO,taskCoordinator,taskManager,worklightAuthenticationService,loginConfigurationServiceBean,protectedResourceFactory,authenticationDAO,ssoDAO,ssoExpiredLoginContextsCleanupTask,keyStoreManager,authorizationServer,OAuthValidator,OAuthValidationFilter,authorizationStore,OAuthInternalFilter,JAXRSSandboxFactory,AdapterResourceFactory,wlServerAPI,securityAPI,adaptersAPI,configurationAPI,pushAPI,analyticsAPI,winkFrameworkSharedClassLoader,dataAccessService,shellResourcesService,analyticsService,coreServiceManager,adapterManager,nodeProcessManager,adapterManagementService,factProcessingTask,PlatformUsageProcessingTask,notificationCleanupTask,WSSecurityService,gadgetDAO,deviceDAO,licenseTermsDAO,platformUsageService,configProfileService,gfwProps,gadgetEnvironmentManager,gadgetResourcesRoot,gadgetCustomizedResourcesRoot,applicationMetadataService,applicationManagementService,beaconService,clientInstanceDAOJpa,clientInstanceDAOCloudant,clientInstanceDAO,notificationsSimulationManager,pushServiceListener,PushService,worklight-direct,rssBrokerDS,brokerSessionFactory,reportService,reportsDS,reportsBrokerDS,reportsSessionFactory,gadgetReportsDAO,notificationReportsDao,gadgetReportsService,analyticsFactService,nodeInfo,registrationService,runtimeTransactionHandler,projectSyncService,xsConfiguration,attributeStoreFactory,org.springframework.context.annotation.ConfigurationClassPostProcessor.importAwareProcessor]; root of factory hierarchy
[7/4/15 22:49:18:123 BRT] 000000fe ringframework.orm.jpa.LocalContainerEntityManagerFactoryBean I Closing JPA EntityManagerFactory for persistence unit 'WorklightReportsPU'
[7/4/15 22:49:18:125 BRT] 000000fe ringframework.orm.jpa.LocalContainerEntityManagerFactoryBean I Closing JPA EntityManagerFactory for persistence unit 'WorklightPU'
[7/4/15 22:49:18:143 BRT] 000000fe hsqldb.db.HSQLDB4E5B0A7FD5.ENGINE                            I Database closed
[7/4/15 22:49:18:249 BRT] 000000fe com.worklight.server.bundle.project.JeeProjectActivator      I FWLST0004I: ========= Project /Cognitive stopped
[7/4/15 22:49:18:251 BRT] 000000fe com.ibm.ws.app.manager.AppMessageHelper                      A CWWKZ0009I: The application Cognitive has stopped successfully.
[7/4/15 22:49:18:288 BRT] 0000014a com.ibm.tx.jta.impl.FailureScopeController                   A WTRN0105I: The transaction service has shutdown successfully with no transactions requiring recovery.
[7/4/15 22:49:18:303 BRT] 0000014a com.ibm.ws.http.internal.VirtualHostImpl                     A CWWKT0017I: Web application removed (default_host): http://192.168.0.17:10080/IBMJMXConnectorREST/
[7/4/15 22:49:18:304 BRT] 0000014a com.ibm.ws.webcontainer.servlet                              I SRVE0253I: [com.ibm.ws.jmx.connector.server.rest] [/IBMJMXConnectorREST] [MBeanServerConnector]: Destroy successful.
[7/4/15 22:49:18:397 BRT] 0000014a com.ibm.ws.security.internal.SecurityReadyServiceImpl        I CWWKS0008I: The security service is ready.
[7/4/15 22:49:18:510 BRT] 0000014a com.ibm.ws.security.internal.SecurityReadyServiceImpl        I CWWKS0009I: The security service has stopped.
[7/4/15 22:49:18:556 BRT] 0000007f com.ibm.ws.tcpchannel.internal.TCPChannel                    I CWWKO0220I: TCP Channel defaultHttpEndpoint has stopped listening for requests on host *  (IPv6) port 10080.
[7/4/15 22:49:18:558 BRT] 0000007f com.ibm.ws.tcpchannel.internal.TCPChannel                    I CWWKO0220I: TCP Channel defaultHttpEndpoint-ssl has stopped listening for requests on host *  (IPv6) port 10443.
[7/4/15 22:49:18:759 BRT] 00000001 com.ibm.ws.kernel.launch.internal.FrameworkManager           A CWWKE0036I: The server worklight stopped after 6 minutes, 44.801 seconds.
